<?xml version="1.0" encoding="utf-8"?>
<coverage line-rate="0.9853000000000001" branch-rate="0.8256999999999999" version="1.9" timestamp="1782095862" lines-covered="1275" lines-valid="1294" branches-covered="365" branches-valid="442">
  <sources>
    <source>F:\proyectC#\pruebasUnit\ClinicaObstPrUnit\</source>
  </sources>
  <packages>
    <package name="Clinica.API" line-rate="0.9852" branch-rate="0.825" complexity="515">
      <classes>
        <class name="Clinica.API.Services.Imp.AtencionService" filename="Clinica.API\Services\Imp\AtencionService.cs" line-rate="1" branch-rate="0.9047" complexity="51">
          <methods>
            <method name="MapearAtencion" signature="(Clinica.Domain.Entities.ATENCIONES.Atencion)" line-rate="1" branch-rate="0.925" complexity="40">
              <lines>
                <line number="308" hits="9" branch="False" />
                <line number="309" hits="9" branch="True" condition-coverage="92.5% (37/40)">
                  <conditions>
                    <condition number="54" type="jump" coverage="100%" />
                    <condition number="77" type="jump" coverage="100%" />
                    <condition number="125" type="jump" coverage="100%" />
                    <condition number="137" type="jump" coverage="50%" />
                    <condition number="160" type="jump" coverage="100%" />
                    <condition number="172" type="jump" coverage="50%" />
                    <condition number="220" type="jump" coverage="100%" />
                    <condition number="232" type="jump" coverage="100%" />
                    <condition number="274" type="jump" coverage="50%" />
                    <condition number="343" type="jump" coverage="100%" />
                    <condition number="403" type="jump" coverage="100%" />
                    <condition number="463" type="jump" coverage="100%" />
                    <condition number="522" type="jump" coverage="100%" />
                    <condition number="552" type="jump" coverage="100%" />
                    <condition number="596" type="jump" coverage="100%" />
                    <condition number="618" type="jump" coverage="100%" />
                    <condition number="662" type="jump" coverage="100%" />
                    <condition number="684" type="jump" coverage="100%" />
                    <condition number="728" type="jump" coverage="100%" />
                    <condition number="749" type="jump" coverage="100%" />
                  </conditions>
                </line>
                <line number="310" hits="9" branch="False" />
                <line number="311" hits="9" branch="False" />
                <line number="312" hits="9" branch="False" />
                <line number="313" hits="9" branch="False" />
                <line number="314" hits="9" branch="False" />
                <line number="315" hits="9" branch="False" />
                <line number="316" hits="9" branch="False" />
                <line number="317" hits="9" branch="False" />
                <line number="318" hits="9" branch="False" />
                <line number="319" hits="9" branch="False" />
                <line number="320" hits="9" branch="False" />
                <line number="321" hits="9" branch="False" />
                <line number="322" hits="9" branch="False" />
                <line number="323" hits="9" branch="False" />
                <line number="324" hits="9" branch="False" />
                <line number="325" hits="9" branch="False" />
                <line number="326" hits="9" branch="False" />
                <line number="327" hits="9" branch="False" />
                <line number="328" hits="9" branch="False" />
                <line number="329" hits="9" branch="False" />
                <line number="330" hits="9" branch="False" />
                <line number="331" hits="9" branch="False" />
                <line number="332" hits="9" branch="False" />
                <line number="333" hits="9" branch="False" />
                <line number="334" hits="9" branch="False" />
                <line number="335" hits="9" branch="False" />
                <line number="336" hits="9" branch="False" />
              </lines>
            </method>
            <method name="MapearAnamnesis" signature="(Clinica.Domain.Entities.ATENCIONES.Anamnesis)" line-rate="1" branch-rate="1" complexity="1">
              <lines>
                <line number="338" hits="1" branch="False" />
                <line number="339" hits="1" branch="False" />
                <line number="340" hits="1" branch="False" />
                <line number="341" hits="1" branch="False" />
                <line number="342" hits="1" branch="False" />
                <line number="343" hits="1" branch="False" />
                <line number="344" hits="1" branch="False" />
                <line number="345" hits="1" branch="False" />
                <line number="346" hits="1" branch="False" />
                <line number="347" hits="1" branch="False" />
                <line number="348" hits="1" branch="False" />
                <line number="349" hits="1" branch="False" />
                <line number="350" hits="1" branch="False" />
                <line number="351" hits="1" branch="False" />
                <line number="352" hits="1" branch="False" />
                <line number="353" hits="1" branch="False" />
              </lines>
            </method>
            <method name="MapearExamenFisico" signature="(Clinica.Domain.Entities.ATENCIONES.ExamenFisico)" line-rate="1" branch-rate="1" complexity="1">
              <lines>
                <line number="355" hits="1" branch="False" />
                <line number="356" hits="1" branch="False" />
                <line number="357" hits="1" branch="False" />
                <line number="358" hits="1" branch="False" />
                <line number="359" hits="1" branch="False" />
                <line number="360" hits="1" branch="False" />
                <line number="361" hits="1" branch="False" />
                <line number="362" hits="1" branch="False" />
                <line number="363" hits="1" branch="False" />
                <line number="364" hits="1" branch="False" />
                <line number="365" hits="1" branch="False" />
                <line number="366" hits="1" branch="False" />
                <line number="367" hits="1" branch="False" />
                <line number="368" hits="1" branch="False" />
                <line number="369" hits="1" branch="False" />
                <line number="370" hits="1" branch="False" />
                <line number="371" hits="1" branch="False" />
                <line number="372" hits="1" branch="False" />
                <line number="373" hits="1" branch="False" />
                <line number="374" hits="1" branch="False" />
                <line number="375" hits="1" branch="False" />
                <line number="376" hits="1" branch="False" />
                <line number="377" hits="1" branch="False" />
                <line number="378" hits="1" branch="False" />
              </lines>
            </method>
            <method name="MapearTactoVaginal" signature="(Clinica.Domain.Entities.ATENCIONES.TactoVaginal)" line-rate="1" branch-rate="1" complexity="1">
              <lines>
                <line number="380" hits="1" branch="False" />
                <line number="381" hits="1" branch="False" />
                <line number="382" hits="1" branch="False" />
                <line number="383" hits="1" branch="False" />
                <line number="384" hits="1" branch="False" />
                <line number="385" hits="1" branch="False" />
                <line number="386" hits="1" branch="False" />
                <line number="387" hits="1" branch="False" />
                <line number="388" hits="1" branch="False" />
                <line number="389" hits="1" branch="False" />
                <line number="390" hits="1" branch="False" />
              </lines>
            </method>
            <method name="MapearEcografia" signature="(Clinica.Domain.Entities.ATENCIONES.EcografiaObstetrica)" line-rate="1" branch-rate="1" complexity="1">
              <lines>
                <line number="392" hits="1" branch="False" />
                <line number="393" hits="1" branch="False" />
                <line number="394" hits="1" branch="False" />
                <line number="395" hits="1" branch="False" />
                <line number="396" hits="1" branch="False" />
                <line number="397" hits="1" branch="False" />
                <line number="398" hits="1" branch="False" />
                <line number="399" hits="1" branch="False" />
                <line number="400" hits="1" branch="False" />
                <line number="401" hits="1" branch="False" />
                <line number="402" hits="1" branch="False" />
                <line number="403" hits="1" branch="False" />
                <line number="404" hits="1" branch="False" />
                <line number="405" hits="1" branch="False" />
              </lines>
            </method>
            <method name="MapearImpresionDiagnostica" signature="(Clinica.Domain.Entities.ATENCIONES.ImpresionDiagnostica)" line-rate="1" branch-rate="1" complexity="1">
              <lines>
                <line number="407" hits="1" branch="False" />
                <line number="408" hits="1" branch="False" />
                <line number="409" hits="1" branch="False" />
                <line number="410" hits="1" branch="False" />
                <line number="411" hits="1" branch="False" />
                <line number="412" hits="1" branch="False" />
                <line number="413" hits="1" branch="False" />
                <line number="414" hits="1" branch="False" />
              </lines>
            </method>
            <method name="GenerarCodigoAtencion" signature="(System.String)" line-rate="1" branch-rate="1" complexity="1">
              <lines>
                <line number="417" hits="1" branch="False" />
                <line number="418" hits="1" branch="False" />
                <line number="419" hits="1" branch="False" />
              </lines>
            </method>
            <method name="GenerarCodigoDetalle" signature="(System.String)" line-rate="1" branch-rate="1" complexity="1">
              <lines>
                <line number="422" hits="1" branch="False" />
                <line number="423" hits="1" branch="False" />
                <line number="424" hits="1" branch="False" />
              </lines>
            </method>
            <method name="GenerarCodigo" signature="(System.String,System.String)" line-rate="1" branch-rate="1" complexity="1">
              <lines>
                <line number="427" hits="1" branch="False" />
                <line number="428" hits="1" branch="False" />
                <line number="429" hits="1" branch="False" />
              </lines>
            </method>
            <method name="ToUtc" signature="(System.Nullable`1&lt;System.DateTime&gt;)" line-rate="1" branch-rate="0.5" complexity="2">
              <lines>
                <line number="432" hits="1" branch="True" condition-coverage="50% (1/2)">
                  <conditions>
                    <condition number="7" type="jump" coverage="50%" />
                  </conditions>
                </line>
              </lines>
            </method>
            <method name=".ctor" signature="(Clinica.Domain.Interfaces.IAtencionRepository,Clinica.Domain.Interfaces.ICitaRepository,Clinica.Domain.Interfaces.IPagoRepository,Clinica.Domain.Interfaces.IHistorialDetalleRepository,Clinica.Domain.Interfaces.IUsuarioActualService,Clinica.Domain.Interfaces.IPacienteRepository,Clinica.Domain.Interfaces.IServicioClinicoRepository)" line-rate="1" branch-rate="1" complexity="1">
              <lines>
                <line number="20" hits="16" branch="False" />
                <line number="21" hits="16" branch="False" />
                <line number="22" hits="16" branch="False" />
                <line number="23" hits="16" branch="False" />
                <line number="24" hits="16" branch="False" />
                <line number="25" hits="16" branch="False" />
                <line number="26" hits="16" branch="False" />
                <line number="27" hits="16" branch="False" />
                <line number="28" hits="16" branch="False" />
                <line number="29" hits="16" branch="False" />
                <line number="30" hits="16" branch="False" />
                <line number="31" hits="16" branch="False" />
                <line number="32" hits="16" branch="False" />
                <line number="33" hits="16" branch="False" />
                <line number="34" hits="16" branch="False" />
                <line number="35" hits="16" branch="False" />
                <line number="36" hits="16" branch="False" />
              </lines>
            </method>
          </methods>
          <lines>
            <line number="308" hits="9" branch="False" />
            <line number="309" hits="9" branch="True" condition-coverage="92.5% (37/40)">
              <conditions>
                <condition number="54" type="jump" coverage="100%" />
                <condition number="77" type="jump" coverage="100%" />
                <condition number="125" type="jump" coverage="100%" />
                <condition number="137" type="jump" coverage="50%" />
                <condition number="160" type="jump" coverage="100%" />
                <condition number="172" type="jump" coverage="50%" />
                <condition number="220" type="jump" coverage="100%" />
                <condition number="232" type="jump" coverage="100%" />
                <condition number="274" type="jump" coverage="50%" />
                <condition number="343" type="jump" coverage="100%" />
                <condition number="403" type="jump" coverage="100%" />
                <condition number="463" type="jump" coverage="100%" />
                <condition number="522" type="jump" coverage="100%" />
                <condition number="552" type="jump" coverage="100%" />
                <condition number="596" type="jump" coverage="100%" />
                <condition number="618" type="jump" coverage="100%" />
                <condition number="662" type="jump" coverage="100%" />
                <condition number="684" type="jump" coverage="100%" />
                <condition number="728" type="jump" coverage="100%" />
                <condition number="749" type="jump" coverage="100%" />
              </conditions>
            </line>
            <line number="310" hits="9" branch="False" />
            <line number="311" hits="9" branch="False" />
            <line number="312" hits="9" branch="False" />
            <line number="313" hits="9" branch="False" />
            <line number="314" hits="9" branch="False" />
            <line number="315" hits="9" branch="False" />
            <line number="316" hits="9" branch="False" />
            <line number="317" hits="9" branch="False" />
            <line number="318" hits="9" branch="False" />
            <line number="319" hits="9" branch="False" />
            <line number="320" hits="9" branch="False" />
            <line number="321" hits="9" branch="False" />
            <line number="322" hits="9" branch="False" />
            <line number="323" hits="9" branch="False" />
            <line number="324" hits="9" branch="False" />
            <line number="325" hits="9" branch="False" />
            <line number="326" hits="9" branch="False" />
            <line number="327" hits="9" branch="False" />
            <line number="328" hits="9" branch="False" />
            <line number="329" hits="9" branch="False" />
            <line number="330" hits="9" branch="False" />
            <line number="331" hits="9" branch="False" />
            <line number="332" hits="9" branch="False" />
            <line number="333" hits="9" branch="False" />
            <line number="334" hits="9" branch="False" />
            <line number="335" hits="9" branch="False" />
            <line number="336" hits="9" branch="False" />
            <line number="338" hits="1" branch="False" />
            <line number="339" hits="1" branch="False" />
            <line number="340" hits="1" branch="False" />
            <line number="341" hits="1" branch="False" />
            <line number="342" hits="1" branch="False" />
            <line number="343" hits="1" branch="False" />
            <line number="344" hits="1" branch="False" />
            <line number="345" hits="1" branch="False" />
            <line number="346" hits="1" branch="False" />
            <line number="347" hits="1" branch="False" />
            <line number="348" hits="1" branch="False" />
            <line number="349" hits="1" branch="False" />
            <line number="350" hits="1" branch="False" />
            <line number="351" hits="1" branch="False" />
            <line number="352" hits="1" branch="False" />
            <line number="353" hits="1" branch="False" />
            <line number="355" hits="1" branch="False" />
            <line number="356" hits="1" branch="False" />
            <line number="357" hits="1" branch="False" />
            <line number="358" hits="1" branch="False" />
            <line number="359" hits="1" branch="False" />
            <line number="360" hits="1" branch="False" />
            <line number="361" hits="1" branch="False" />
            <line number="362" hits="1" branch="False" />
            <line number="363" hits="1" branch="False" />
            <line number="364" hits="1" branch="False" />
            <line number="365" hits="1" branch="False" />
            <line number="366" hits="1" branch="False" />
            <line number="367" hits="1" branch="False" />
            <line number="368" hits="1" branch="False" />
            <line number="369" hits="1" branch="False" />
            <line number="370" hits="1" branch="False" />
            <line number="371" hits="1" branch="False" />
            <line number="372" hits="1" branch="False" />
            <line number="373" hits="1" branch="False" />
            <line number="374" hits="1" branch="False" />
            <line number="375" hits="1" branch="False" />
            <line number="376" hits="1" branch="False" />
            <line number="377" hits="1" branch="False" />
            <line number="378" hits="1" branch="False" />
            <line number="380" hits="1" branch="False" />
            <line number="381" hits="1" branch="False" />
            <line number="382" hits="1" branch="False" />
            <line number="383" hits="1" branch="False" />
            <line number="384" hits="1" branch="False" />
            <line number="385" hits="1" branch="False" />
            <line number="386" hits="1" branch="False" />
            <line number="387" hits="1" branch="False" />
            <line number="388" hits="1" branch="False" />
            <line number="389" hits="1" branch="False" />
            <line number="390" hits="1" branch="False" />
            <line number="392" hits="1" branch="False" />
            <line number="393" hits="1" branch="False" />
            <line number="394" hits="1" branch="False" />
            <line number="395" hits="1" branch="False" />
            <line number="396" hits="1" branch="False" />
            <line number="397" hits="1" branch="False" />
            <line number="398" hits="1" branch="False" />
            <line number="399" hits="1" branch="False" />
            <line number="400" hits="1" branch="False" />
            <line number="401" hits="1" branch="False" />
            <line number="402" hits="1" branch="False" />
            <line number="403" hits="1" branch="False" />
            <line number="404" hits="1" branch="False" />
            <line number="405" hits="1" branch="False" />
            <line number="407" hits="1" branch="False" />
            <line number="408" hits="1" branch="False" />
            <line number="409" hits="1" branch="False" />
            <line number="410" hits="1" branch="False" />
            <line number="411" hits="1" branch="False" />
            <line number="412" hits="1" branch="False" />
            <line number="413" hits="1" branch="False" />
            <line number="414" hits="1" branch="False" />
            <line number="417" hits="1" branch="False" />
            <line number="418" hits="1" branch="False" />
            <line number="419" hits="1" branch="False" />
            <line number="422" hits="1" branch="False" />
            <line number="423" hits="1" branch="False" />
            <line number="424" hits="1" branch="False" />
            <line number="427" hits="1" branch="False" />
            <line number="428" hits="1" branch="False" />
            <line number="429" hits="1" branch="False" />
            <line number="432" hits="1" branch="True" condition-coverage="50% (1/2)">
              <conditions>
                <condition number="7" type="jump" coverage="50%" />
              </conditions>
            </line>
            <line number="20" hits="16" branch="False" />
            <line number="21" hits="16" branch="False" />
            <line number="22" hits="16" branch="False" />
            <line number="23" hits="16" branch="False" />
            <line number="24" hits="16" branch="False" />
            <line number="25" hits="16" branch="False" />
            <line number="26" hits="16" branch="False" />
            <line number="27" hits="16" branch="False" />
            <line number="28" hits="16" branch="False" />
            <line number="29" hits="16" branch="False" />
            <line number="30" hits="16" branch="False" />
            <line number="31" hits="16" branch="False" />
            <line number="32" hits="16" branch="False" />
            <line number="33" hits="16" branch="False" />
            <line number="34" hits="16" branch="False" />
            <line number="35" hits="16" branch="False" />
            <line number="36" hits="16" branch="False" />
          </lines>
        </class>
        <class name="Clinica.API.Services.Imp.AuditoriaService" filename="Clinica.API\Services\Imp\AuditoriaService.cs" line-rate="1" branch-rate="1" complexity="2">
          <methods>
            <method name="get_SelectorDto" signature="()" line-rate="1" branch-rate="1" complexity="1">
              <lines>
                <line number="28" hits="9" branch="False" />
                <line number="29" hits="9" branch="False" />
                <line number="30" hits="9" branch="False" />
                <line number="31" hits="9" branch="False" />
                <line number="32" hits="9" branch="False" />
                <line number="33" hits="9" branch="False" />
                <line number="34" hits="9" branch="False" />
                <line number="35" hits="9" branch="False" />
                <line number="36" hits="9" branch="False" />
                <line number="37" hits="9" branch="False" />
                <line number="38" hits="9" branch="False" />
                <line number="39" hits="9" branch="False" />
                <line number="40" hits="9" branch="False" />
                <line number="41" hits="9" branch="False" />
                <line number="42" hits="9" branch="False" />
                <line number="43" hits="9" branch="False" />
                <line number="44" hits="9" branch="False" />
                <line number="45" hits="9" branch="False" />
                <line number="46" hits="9" branch="False" />
                <line number="47" hits="9" branch="False" />
              </lines>
            </method>
            <method name=".ctor" signature="(Clinica.Domain.Interfaces.IAuditoriaRepository,Clinica.Infrastructure.Data.ApplicationDbContext)" line-rate="1" branch-rate="1" complexity="1">
              <lines>
                <line number="21" hits="9" branch="False" />
                <line number="22" hits="9" branch="False" />
                <line number="23" hits="9" branch="False" />
                <line number="24" hits="9" branch="False" />
                <line number="25" hits="9" branch="False" />
              </lines>
            </method>
          </methods>
          <lines>
            <line number="28" hits="9" branch="False" />
            <line number="29" hits="9" branch="False" />
            <line number="30" hits="9" branch="False" />
            <line number="31" hits="9" branch="False" />
            <line number="32" hits="9" branch="False" />
            <line number="33" hits="9" branch="False" />
            <line number="34" hits="9" branch="False" />
            <line number="35" hits="9" branch="False" />
            <line number="36" hits="9" branch="False" />
            <line number="37" hits="9" branch="False" />
            <line number="38" hits="9" branch="False" />
            <line number="39" hits="9" branch="False" />
            <line number="40" hits="9" branch="False" />
            <line number="41" hits="9" branch="False" />
            <line number="42" hits="9" branch="False" />
            <line number="43" hits="9" branch="False" />
            <line number="44" hits="9" branch="False" />
            <line number="45" hits="9" branch="False" />
            <line number="46" hits="9" branch="False" />
            <line number="47" hits="9" branch="False" />
            <line number="21" hits="9" branch="False" />
            <line number="22" hits="9" branch="False" />
            <line number="23" hits="9" branch="False" />
            <line number="24" hits="9" branch="False" />
            <line number="25" hits="9" branch="False" />
          </lines>
        </class>
        <class name="Clinica.API.Services.Imp.AuthService" filename="Clinica.API\Services\Imp\AuthService.cs" line-rate="1" branch-rate="1" complexity="1">
          <methods>
            <method name=".ctor" signature="(Clinica.Domain.Interfaces.IUsuarioRepository,Clinica.Domain.Interfaces.IUsuarioActualService,Clinica.API.Helpers.JwtHelper)" line-rate="1" branch-rate="1" complexity="1">
              <lines>
                <line number="14" hits="11" branch="False" />
                <line number="15" hits="11" branch="False" />
                <line number="16" hits="11" branch="False" />
                <line number="17" hits="11" branch="False" />
                <line number="18" hits="11" branch="False" />
                <line number="19" hits="11" branch="False" />
                <line number="20" hits="11" branch="False" />
                <line number="21" hits="11" branch="False" />
                <line number="22" hits="11" branch="False" />
              </lines>
            </method>
          </methods>
          <lines>
            <line number="14" hits="11" branch="False" />
            <line number="15" hits="11" branch="False" />
            <line number="16" hits="11" branch="False" />
            <line number="17" hits="11" branch="False" />
            <line number="18" hits="11" branch="False" />
            <line number="19" hits="11" branch="False" />
            <line number="20" hits="11" branch="False" />
            <line number="21" hits="11" branch="False" />
            <line number="22" hits="11" branch="False" />
          </lines>
        </class>
        <class name="Clinica.API.Services.Imp.CitaService" filename="Clinica.API\Services\Imp\CitaService.cs" line-rate="1" branch-rate="1" complexity="10">
          <methods>
            <method name="MapearCita" signature="(Clinica.Domain.Entities.Cita)" line-rate="1" branch-rate="1" complexity="8">
              <lines>
                <line number="179" hits="8" branch="False" />
                <line number="180" hits="8" branch="True" condition-coverage="100% (8/8)">
                  <conditions>
                    <condition number="52" type="jump" coverage="100%" />
                    <condition number="119" type="jump" coverage="100%" />
                    <condition number="187" type="jump" coverage="100%" />
                    <condition number="199" type="jump" coverage="100%" />
                  </conditions>
                </line>
                <line number="181" hits="8" branch="False" />
                <line number="182" hits="8" branch="False" />
                <line number="183" hits="8" branch="False" />
                <line number="184" hits="8" branch="False" />
                <line number="185" hits="8" branch="False" />
                <line number="186" hits="8" branch="False" />
                <line number="187" hits="8" branch="False" />
                <line number="188" hits="8" branch="False" />
                <line number="189" hits="8" branch="False" />
                <line number="190" hits="8" branch="False" />
                <line number="191" hits="8" branch="False" />
                <line number="192" hits="8" branch="False" />
                <line number="193" hits="8" branch="False" />
                <line number="194" hits="8" branch="False" />
                <line number="195" hits="8" branch="False" />
                <line number="196" hits="8" branch="False" />
                <line number="197" hits="8" branch="False" />
                <line number="198" hits="8" branch="False" />
              </lines>
            </method>
            <method name="GenerarCodigo" signature="(System.String,System.String)" line-rate="1" branch-rate="1" complexity="1">
              <lines>
                <line number="201" hits="3" branch="False" />
                <line number="202" hits="3" branch="False" />
                <line number="203" hits="3" branch="False" />
              </lines>
            </method>
            <method name=".ctor" signature="(Clinica.Domain.Interfaces.ICitaRepository,Clinica.Domain.Interfaces.IPacienteRepository,Clinica.Domain.Interfaces.IDoctorRepository,Clinica.Domain.Interfaces.IServicioClinicoRepository,Clinica.Domain.Interfaces.IHistorialClinicoRepository,Clinica.Domain.Interfaces.IHistorialDetalleRepository,Clinica.Domain.Interfaces.IUsuarioActualService)" line-rate="1" branch-rate="1" complexity="1">
              <lines>
                <line number="18" hits="23" branch="False" />
                <line number="19" hits="23" branch="False" />
                <line number="20" hits="23" branch="False" />
                <line number="21" hits="23" branch="False" />
                <line number="22" hits="23" branch="False" />
                <line number="23" hits="23" branch="False" />
                <line number="24" hits="23" branch="False" />
                <line number="25" hits="23" branch="False" />
                <line number="26" hits="23" branch="False" />
                <line number="27" hits="23" branch="False" />
                <line number="28" hits="23" branch="False" />
                <line number="29" hits="23" branch="False" />
                <line number="30" hits="23" branch="False" />
                <line number="31" hits="23" branch="False" />
                <line number="32" hits="23" branch="False" />
                <line number="33" hits="23" branch="False" />
                <line number="34" hits="23" branch="False" />
              </lines>
            </method>
          </methods>
          <lines>
            <line number="179" hits="8" branch="False" />
            <line number="180" hits="8" branch="True" condition-coverage="100% (8/8)">
              <conditions>
                <condition number="52" type="jump" coverage="100%" />
                <condition number="119" type="jump" coverage="100%" />
                <condition number="187" type="jump" coverage="100%" />
                <condition number="199" type="jump" coverage="100%" />
              </conditions>
            </line>
            <line number="181" hits="8" branch="False" />
            <line number="182" hits="8" branch="False" />
            <line number="183" hits="8" branch="False" />
            <line number="184" hits="8" branch="False" />
            <line number="185" hits="8" branch="False" />
            <line number="186" hits="8" branch="False" />
            <line number="187" hits="8" branch="False" />
            <line number="188" hits="8" branch="False" />
            <line number="189" hits="8" branch="False" />
            <line number="190" hits="8" branch="False" />
            <line number="191" hits="8" branch="False" />
            <line number="192" hits="8" branch="False" />
            <line number="193" hits="8" branch="False" />
            <line number="194" hits="8" branch="False" />
            <line number="195" hits="8" branch="False" />
            <line number="196" hits="8" branch="False" />
            <line number="197" hits="8" branch="False" />
            <line number="198" hits="8" branch="False" />
            <line number="201" hits="3" branch="False" />
            <line number="202" hits="3" branch="False" />
            <line number="203" hits="3" branch="False" />
            <line number="18" hits="23" branch="False" />
            <line number="19" hits="23" branch="False" />
            <line number="20" hits="23" branch="False" />
            <line number="21" hits="23" branch="False" />
            <line number="22" hits="23" branch="False" />
            <line number="23" hits="23" branch="False" />
            <line number="24" hits="23" branch="False" />
            <line number="25" hits="23" branch="False" />
            <line number="26" hits="23" branch="False" />
            <line number="27" hits="23" branch="False" />
            <line number="28" hits="23" branch="False" />
            <line number="29" hits="23" branch="False" />
            <line number="30" hits="23" branch="False" />
            <line number="31" hits="23" branch="False" />
            <line number="32" hits="23" branch="False" />
            <line number="33" hits="23" branch="False" />
            <line number="34" hits="23" branch="False" />
          </lines>
        </class>
        <class name="Clinica.API.Services.Imp.ComprobanteService" filename="Clinica.API\Services\Imp\ComprobanteService.cs" line-rate="1" branch-rate="0.6976" complexity="176">
          <methods>
            <method name="get_TasaIgvActiva" signature="()" line-rate="1" branch-rate="1" complexity="1">
              <lines>
                <line number="12" hits="9" branch="False" />
              </lines>
            </method>
            <method name="ObtenerSerie" signature="(Clinica.Domain.Enums.TipoComprobante)" line-rate="1" branch-rate="1" complexity="6">
              <lines>
                <line number="742" hits="8" branch="False" />
                <line number="743" hits="8" branch="True" condition-coverage="100% (6/6)">
                  <conditions>
                    <condition number="8" type="switch" coverage="100%" />
                  </conditions>
                </line>
                <line number="744" hits="8" branch="False" />
                <line number="745" hits="1" branch="False" />
                <line number="746" hits="1" branch="False" />
                <line number="747" hits="1" branch="False" />
                <line number="748" hits="1" branch="False" />
                <line number="749" hits="1" branch="False" />
                <line number="750" hits="3" branch="False" />
                <line number="751" hits="8" branch="False" />
                <line number="752" hits="8" branch="False" />
              </lines>
            </method>
            <method name="CalcularSubtotalDesdeTotal" signature="(System.Decimal,System.Decimal)" line-rate="1" branch-rate="1" complexity="1">
              <lines>
                <line number="755" hits="3" branch="False" />
                <line number="756" hits="3" branch="False" />
                <line number="757" hits="3" branch="False" />
              </lines>
            </method>
            <method name="MapearAtencionPreview" signature="(Clinica.Domain.Entities.ATENCIONES.Atencion,System.String)" line-rate="1" branch-rate="0.9" complexity="30">
              <lines>
                <line number="762" hits="5" branch="False" />
                <line number="763" hits="5" branch="True" condition-coverage="50% (1/2)">
                  <conditions>
                    <condition number="8" type="jump" coverage="50%" />
                  </conditions>
                </line>
                <line number="764" hits="5" branch="True" condition-coverage="50% (1/2)">
                  <conditions>
                    <condition number="62" type="jump" coverage="50%" />
                  </conditions>
                </line>
                <line number="765" hits="5" branch="True" condition-coverage="50% (1/2)">
                  <conditions>
                    <condition number="116" type="jump" coverage="50%" />
                  </conditions>
                </line>
                <line number="767" hits="5" branch="True" condition-coverage="100% (24/24)">
                  <conditions>
                    <condition number="209" type="jump" coverage="100%" />
                    <condition number="331" type="jump" coverage="100%" />
                    <condition number="386" type="jump" coverage="100%" />
                    <condition number="398" type="jump" coverage="100%" />
                    <condition number="433" type="jump" coverage="100%" />
                    <condition number="445" type="jump" coverage="100%" />
                    <condition number="493" type="jump" coverage="100%" />
                    <condition number="505" type="jump" coverage="100%" />
                    <condition number="527" type="jump" coverage="100%" />
                    <condition number="552" type="jump" coverage="100%" />
                    <condition number="577" type="jump" coverage="100%" />
                    <condition number="602" type="jump" coverage="100%" />
                  </conditions>
                </line>
                <line number="768" hits="5" branch="False" />
                <line number="769" hits="5" branch="False" />
                <line number="770" hits="5" branch="False" />
                <line number="771" hits="5" branch="False" />
                <line number="772" hits="5" branch="False" />
                <line number="773" hits="5" branch="False" />
                <line number="774" hits="5" branch="False" />
                <line number="775" hits="5" branch="False" />
                <line number="776" hits="5" branch="False" />
                <line number="777" hits="5" branch="False" />
                <line number="778" hits="5" branch="False" />
                <line number="779" hits="5" branch="False" />
                <line number="780" hits="5" branch="False" />
                <line number="781" hits="5" branch="False" />
                <line number="782" hits="5" branch="False" />
                <line number="783" hits="5" branch="False" />
                <line number="784" hits="5" branch="False" />
                <line number="785" hits="5" branch="False" />
                <line number="786" hits="5" branch="False" />
                <line number="787" hits="5" branch="False" />
                <line number="788" hits="5" branch="False" />
                <line number="789" hits="5" branch="False" />
                <line number="790" hits="5" branch="False" />
                <line number="791" hits="5" branch="False" />
                <line number="792" hits="5" branch="False" />
                <line number="793" hits="5" branch="False" />
                <line number="794" hits="5" branch="False" />
                <line number="795" hits="5" branch="False" />
                <line number="796" hits="5" branch="False" />
                <line number="797" hits="5" branch="False" />
                <line number="798" hits="5" branch="False" />
                <line number="799" hits="5" branch="False" />
                <line number="800" hits="5" branch="False" />
                <line number="801" hits="5" branch="False" />
                <line number="802" hits="5" branch="False" />
                <line number="803" hits="5" branch="False" />
                <line number="804" hits="5" branch="False" />
                <line number="805" hits="5" branch="False" />
              </lines>
            </method>
            <method name="MapearPagoPreview" signature="(Clinica.Domain.Entities.Comprobante)" line-rate="1" branch-rate="0.75" complexity="24">
              <lines>
                <line number="808" hits="2" branch="False" />
                <line number="809" hits="2" branch="True" condition-coverage="75% (18/24)">
                  <conditions>
                    <condition number="34" type="jump" coverage="100%" />
                    <condition number="64" type="jump" coverage="50%" />
                    <condition number="76" type="jump" coverage="100%" />
                    <condition number="150" type="jump" coverage="50%" />
                    <condition number="188" type="jump" coverage="50%" />
                    <condition number="218" type="jump" coverage="100%" />
                    <condition number="230" type="jump" coverage="100%" />
                    <condition number="317" type="jump" coverage="50%" />
                    <condition number="343" type="jump" coverage="100%" />
                    <condition number="365" type="jump" coverage="50%" />
                    <condition number="391" type="jump" coverage="100%" />
                    <condition number="413" type="jump" coverage="50%" />
                  </conditions>
                </line>
                <line number="810" hits="2" branch="False" />
                <line number="811" hits="2" branch="False" />
                <line number="812" hits="2" branch="False" />
                <line number="813" hits="2" branch="False" />
                <line number="814" hits="2" branch="False" />
                <line number="815" hits="2" branch="False" />
                <line number="816" hits="2" branch="False" />
                <line number="817" hits="2" branch="False" />
                <line number="818" hits="2" branch="False" />
                <line number="819" hits="2" branch="False" />
                <line number="820" hits="2" branch="False" />
                <line number="821" hits="2" branch="False" />
                <line number="822" hits="2" branch="False" />
                <line number="823" hits="2" branch="False" />
                <line number="824" hits="2" branch="False" />
                <line number="825" hits="2" branch="False" />
                <line number="826" hits="2" branch="False" />
                <line number="827" hits="2" branch="False" />
                <line number="828" hits="2" branch="False" />
                <line number="829" hits="2" branch="False" />
                <line number="830" hits="2" branch="False" />
                <line number="831" hits="2" branch="False" />
                <line number="832" hits="2" branch="False" />
                <line number="833" hits="2" branch="False" />
                <line number="834" hits="2" branch="False" />
                <line number="835" hits="2" branch="False" />
                <line number="836" hits="2" branch="False" />
                <line number="837" hits="2" branch="False" />
                <line number="838" hits="2" branch="False" />
                <line number="839" hits="2" branch="False" />
                <line number="840" hits="2" branch="False" />
                <line number="841" hits="2" branch="False" />
                <line number="842" hits="2" branch="False" />
                <line number="843" hits="2" branch="False" />
                <line number="844" hits="2" branch="False" />
                <line number="845" hits="2" branch="False" />
                <line number="846" hits="2" branch="False" />
                <line number="847" hits="2" branch="False" />
                <line number="848" hits="2" branch="False" />
                <line number="849" hits="2" branch="False" />
                <line number="850" hits="2" branch="False" />
                <line number="851" hits="2" branch="False" />
                <line number="852" hits="2" branch="False" />
                <line number="853" hits="2" branch="False" />
                <line number="854" hits="2" branch="False" />
                <line number="855" hits="2" branch="False" />
              </lines>
            </method>
            <method name="MapearCitaPreview" signature="(Clinica.Domain.Entities.Comprobante)" line-rate="1" branch-rate="0.95" complexity="40">
              <lines>
                <line number="858" hits="4" branch="False" />
                <line number="859" hits="4" branch="False" />
                <line number="860" hits="4" branch="True" condition-coverage="95% (38/40)">
                  <conditions>
                    <condition number="54" type="jump" coverage="50%" />
                    <condition number="78" type="jump" coverage="100%" />
                    <condition number="90" type="jump" coverage="100%" />
                    <condition number="158" type="jump" coverage="100%" />
                    <condition number="181" type="jump" coverage="100%" />
                    <condition number="192" type="jump" coverage="100%" />
                    <condition number="241" type="jump" coverage="100%" />
                    <condition number="253" type="jump" coverage="100%" />
                    <condition number="265" type="jump" coverage="100%" />
                    <condition number="281" type="jump" coverage="100%" />
                    <condition number="304" type="jump" coverage="100%" />
                    <condition number="316" type="jump" coverage="50%" />
                    <condition number="328" type="jump" coverage="100%" />
                    <condition number="344" type="jump" coverage="100%" />
                    <condition number="371" type="jump" coverage="100%" />
                    <condition number="398" type="jump" coverage="100%" />
                    <condition number="425" type="jump" coverage="100%" />
                    <condition number="452" type="jump" coverage="100%" />
                    <condition number="468" type="jump" coverage="100%" />
                    <condition number="480" type="jump" coverage="100%" />
                  </conditions>
                </line>
                <line number="861" hits="4" branch="False" />
                <line number="862" hits="4" branch="False" />
                <line number="863" hits="4" branch="False" />
                <line number="864" hits="4" branch="False" />
                <line number="865" hits="4" branch="False" />
                <line number="866" hits="4" branch="False" />
                <line number="867" hits="4" branch="False" />
                <line number="868" hits="4" branch="False" />
                <line number="869" hits="4" branch="False" />
                <line number="870" hits="4" branch="False" />
                <line number="871" hits="4" branch="False" />
                <line number="872" hits="4" branch="False" />
                <line number="873" hits="4" branch="False" />
                <line number="874" hits="4" branch="False" />
                <line number="875" hits="4" branch="False" />
                <line number="876" hits="4" branch="False" />
                <line number="877" hits="4" branch="False" />
                <line number="878" hits="4" branch="False" />
                <line number="879" hits="4" branch="False" />
                <line number="880" hits="4" branch="False" />
                <line number="881" hits="4" branch="False" />
                <line number="882" hits="4" branch="False" />
                <line number="883" hits="4" branch="False" />
                <line number="884" hits="4" branch="False" />
                <line number="885" hits="4" branch="False" />
                <line number="886" hits="4" branch="False" />
                <line number="887" hits="4" branch="False" />
                <line number="888" hits="4" branch="False" />
                <line number="889" hits="4" branch="False" />
                <line number="890" hits="4" branch="False" />
              </lines>
            </method>
            <method name="MapearAtencionPreview" signature="(Clinica.Domain.Entities.Comprobante)" line-rate="1" branch-rate="0.4264" complexity="68">
              <lines>
                <line number="893" hits="4" branch="False" />
                <line number="894" hits="4" branch="False" />
                <line number="895" hits="4" branch="True" condition-coverage="25% (1/4)">
                  <conditions>
                    <condition number="9" type="jump" coverage="50%" />
                    <condition number="30" type="jump" coverage="0%" />
                  </conditions>
                </line>
                <line number="896" hits="4" branch="True" condition-coverage="25% (1/4)">
                  <conditions>
                    <condition number="97" type="jump" coverage="50%" />
                    <condition number="118" type="jump" coverage="0%" />
                  </conditions>
                </line>
                <line number="897" hits="4" branch="True" condition-coverage="25% (1/4)">
                  <conditions>
                    <condition number="185" type="jump" coverage="50%" />
                    <condition number="206" type="jump" coverage="0%" />
                  </conditions>
                </line>
                <line number="899" hits="4" branch="True" condition-coverage="46.42% (26/56)">
                  <conditions>
                    <condition number="319" type="jump" coverage="50%" />
                    <condition number="343" type="jump" coverage="50%" />
                    <condition number="355" type="jump" coverage="100%" />
                    <condition number="423" type="jump" coverage="50%" />
                    <condition number="446" type="jump" coverage="50%" />
                    <condition number="457" type="jump" coverage="50%" />
                    <condition number="506" type="jump" coverage="50%" />
                    <condition number="518" type="jump" coverage="0%" />
                    <condition number="530" type="jump" coverage="100%" />
                    <condition number="546" type="jump" coverage="50%" />
                    <condition number="569" type="jump" coverage="50%" />
                    <condition number="581" type="jump" coverage="0%" />
                    <condition number="593" type="jump" coverage="100%" />
                    <condition number="609" type="jump" coverage="50%" />
                    <condition number="633" type="jump" coverage="50%" />
                    <condition number="661" type="jump" coverage="50%" />
                    <condition number="673" type="jump" coverage="0%" />
                    <condition number="685" type="jump" coverage="100%" />
                    <condition number="701" type="jump" coverage="50%" />
                    <condition number="713" type="jump" coverage="0%" />
                    <condition number="732" type="jump" coverage="50%" />
                    <condition number="744" type="jump" coverage="0%" />
                    <condition number="763" type="jump" coverage="50%" />
                    <condition number="775" type="jump" coverage="0%" />
                    <condition number="794" type="jump" coverage="50%" />
                    <condition number="806" type="jump" coverage="0%" />
                    <condition number="825" type="jump" coverage="50%" />
                    <condition number="852" type="jump" coverage="100%" />
                  </conditions>
                </line>
                <line number="900" hits="4" branch="False" />
                <line number="901" hits="4" branch="False" />
                <line number="902" hits="4" branch="False" />
                <line number="903" hits="4" branch="False" />
                <line number="904" hits="4" branch="False" />
                <line number="905" hits="4" branch="False" />
                <line number="906" hits="4" branch="False" />
                <line number="907" hits="4" branch="False" />
                <line number="908" hits="4" branch="False" />
                <line number="909" hits="4" branch="False" />
                <line number="910" hits="4" branch="False" />
                <line number="911" hits="4" branch="False" />
                <line number="912" hits="4" branch="False" />
                <line number="913" hits="4" branch="False" />
                <line number="914" hits="4" branch="False" />
                <line number="915" hits="4" branch="False" />
                <line number="916" hits="4" branch="False" />
                <line number="917" hits="4" branch="False" />
                <line number="918" hits="4" branch="False" />
                <line number="919" hits="4" branch="False" />
                <line number="920" hits="4" branch="False" />
                <line number="921" hits="4" branch="False" />
                <line number="922" hits="4" branch="False" />
                <line number="923" hits="4" branch="False" />
                <line number="924" hits="4" branch="False" />
                <line number="925" hits="4" branch="False" />
                <line number="926" hits="4" branch="False" />
                <line number="927" hits="4" branch="False" />
                <line number="928" hits="4" branch="False" />
                <line number="929" hits="4" branch="False" />
                <line number="930" hits="4" branch="False" />
                <line number="931" hits="4" branch="False" />
                <line number="932" hits="4" branch="False" />
                <line number="933" hits="4" branch="False" />
                <line number="934" hits="4" branch="False" />
                <line number="935" hits="4" branch="False" />
                <line number="936" hits="4" branch="False" />
                <line number="937" hits="4" branch="False" />
              </lines>
            </method>
            <method name="MapearEstadoCuentaPreview" signature="(Clinica.Domain.Entities.Comprobante)" line-rate="1" branch-rate="1" complexity="1">
              <lines>
                <line number="940" hits="1" branch="False" />
                <line number="941" hits="1" branch="False" />
                <line number="942" hits="1" branch="False" />
                <line number="943" hits="1" branch="False" />
                <line number="944" hits="1" branch="False" />
                <line number="945" hits="1" branch="False" />
                <line number="946" hits="1" branch="False" />
                <line number="947" hits="1" branch="False" />
                <line number="948" hits="1" branch="False" />
                <line number="949" hits="1" branch="False" />
                <line number="950" hits="1" branch="False" />
                <line number="951" hits="1" branch="False" />
                <line number="952" hits="1" branch="False" />
                <line number="953" hits="1" branch="False" />
                <line number="954" hits="1" branch="False" />
                <line number="955" hits="1" branch="False" />
                <line number="956" hits="1" branch="False" />
                <line number="957" hits="1" branch="False" />
                <line number="958" hits="1" branch="False" />
                <line number="959" hits="1" branch="False" />
              </lines>
            </method>
            <method name="MapearComprobante" signature="(Clinica.Domain.Entities.Comprobante)" line-rate="1" branch-rate="0.5" complexity="4">
              <lines>
                <line number="962" hits="2" branch="False" />
                <line number="963" hits="2" branch="True" condition-coverage="50% (2/4)">
                  <conditions>
                    <condition number="355" type="jump" coverage="50%" />
                    <condition number="431" type="jump" coverage="50%" />
                  </conditions>
                </line>
                <line number="964" hits="2" branch="False" />
                <line number="965" hits="2" branch="False" />
                <line number="966" hits="2" branch="False" />
                <line number="967" hits="2" branch="False" />
                <line number="968" hits="2" branch="False" />
                <line number="969" hits="2" branch="False" />
                <line number="970" hits="2" branch="False" />
                <line number="971" hits="2" branch="False" />
                <line number="972" hits="2" branch="False" />
                <line number="973" hits="2" branch="False" />
                <line number="974" hits="2" branch="False" />
                <line number="975" hits="2" branch="False" />
                <line number="976" hits="2" branch="False" />
                <line number="977" hits="2" branch="False" />
                <line number="978" hits="2" branch="False" />
                <line number="979" hits="2" branch="False" />
                <line number="980" hits="2" branch="False" />
                <line number="981" hits="2" branch="False" />
                <line number="982" hits="2" branch="False" />
                <line number="983" hits="2" branch="False" />
                <line number="984" hits="2" branch="False" />
                <line number="985" hits="2" branch="False" />
                <line number="986" hits="2" branch="False" />
                <line number="987" hits="2" branch="False" />
                <line number="988" hits="2" branch="False" />
                <line number="989" hits="2" branch="False" />
                <line number="990" hits="2" branch="False" />
                <line number="991" hits="2" branch="False" />
                <line number="992" hits="2" branch="False" />
                <line number="993" hits="2" branch="False" />
                <line number="994" hits="2" branch="False" />
                <line number="995" hits="2" branch="False" />
                <line number="996" hits="2" branch="False" />
                <line number="997" hits="2" branch="False" />
                <line number="998" hits="2" branch="False" />
                <line number="999" hits="2" branch="False" />
                <line number="1000" hits="2" branch="False" />
                <line number="1001" hits="2" branch="False" />
                <line number="1002" hits="2" branch="False" />
                <line number="1003" hits="2" branch="False" />
                <line number="1004" hits="2" branch="False" />
                <line number="1005" hits="2" branch="False" />
                <line number="1006" hits="2" branch="False" />
                <line number="1007" hits="2" branch="False" />
                <line number="1008" hits="2" branch="False" />
                <line number="1009" hits="2" branch="False" />
                <line number="1010" hits="2" branch="False" />
                <line number="1011" hits="2" branch="False" />
                <line number="1012" hits="2" branch="False" />
                <line number="1013" hits="2" branch="False" />
                <line number="1014" hits="2" branch="False" />
                <line number="1015" hits="2" branch="False" />
                <line number="1016" hits="2" branch="False" />
              </lines>
            </method>
            <method name=".ctor" signature="(Clinica.Domain.Interfaces.IComprobanteRepository,Clinica.Domain.Interfaces.IPagoRepository,Clinica.Domain.Interfaces.IAtencionRepository,Clinica.Domain.Interfaces.IUsuarioActualService,Clinica.Domain.Interfaces.IComprobantePdfService,Clinica.Domain.Interfaces.ICitaRepository,Clinica.Domain.Interfaces.IPacienteRepository)" line-rate="1" branch-rate="1" complexity="1">
              <lines>
                <line number="22" hits="45" branch="False" />
                <line number="23" hits="45" branch="False" />
                <line number="24" hits="45" branch="False" />
                <line number="25" hits="45" branch="False" />
                <line number="26" hits="45" branch="False" />
                <line number="27" hits="45" branch="False" />
                <line number="28" hits="45" branch="False" />
                <line number="29" hits="45" branch="False" />
                <line number="30" hits="45" branch="False" />
                <line number="31" hits="45" branch="False" />
                <line number="32" hits="45" branch="False" />
                <line number="33" hits="45" branch="False" />
                <line number="34" hits="45" branch="False" />
                <line number="35" hits="45" branch="False" />
                <line number="36" hits="45" branch="False" />
                <line number="37" hits="45" branch="False" />
                <line number="38" hits="45" branch="False" />
              </lines>
            </method>
          </methods>
          <lines>
            <line number="12" hits="9" branch="False" />
            <line number="742" hits="8" branch="False" />
            <line number="743" hits="8" branch="True" condition-coverage="100% (6/6)">
              <conditions>
                <condition number="8" type="switch" coverage="100%" />
              </conditions>
            </line>
            <line number="744" hits="8" branch="False" />
            <line number="745" hits="1" branch="False" />
            <line number="746" hits="1" branch="False" />
            <line number="747" hits="1" branch="False" />
            <line number="748" hits="1" branch="False" />
            <line number="749" hits="1" branch="False" />
            <line number="750" hits="3" branch="False" />
            <line number="751" hits="8" branch="False" />
            <line number="752" hits="8" branch="False" />
            <line number="755" hits="3" branch="False" />
            <line number="756" hits="3" branch="False" />
            <line number="757" hits="3" branch="False" />
            <line number="762" hits="5" branch="False" />
            <line number="763" hits="5" branch="True" condition-coverage="50% (1/2)">
              <conditions>
                <condition number="8" type="jump" coverage="50%" />
              </conditions>
            </line>
            <line number="764" hits="5" branch="True" condition-coverage="50% (1/2)">
              <conditions>
                <condition number="62" type="jump" coverage="50%" />
              </conditions>
            </line>
            <line number="765" hits="5" branch="True" condition-coverage="50% (1/2)">
              <conditions>
                <condition number="116" type="jump" coverage="50%" />
              </conditions>
            </line>
            <line number="767" hits="5" branch="True" condition-coverage="100% (24/24)">
              <conditions>
                <condition number="209" type="jump" coverage="100%" />
                <condition number="331" type="jump" coverage="100%" />
                <condition number="386" type="jump" coverage="100%" />
                <condition number="398" type="jump" coverage="100%" />
                <condition number="433" type="jump" coverage="100%" />
                <condition number="445" type="jump" coverage="100%" />
                <condition number="493" type="jump" coverage="100%" />
                <condition number="505" type="jump" coverage="100%" />
                <condition number="527" type="jump" coverage="100%" />
                <condition number="552" type="jump" coverage="100%" />
                <condition number="577" type="jump" coverage="100%" />
                <condition number="602" type="jump" coverage="100%" />
              </conditions>
            </line>
            <line number="768" hits="5" branch="False" />
            <line number="769" hits="5" branch="False" />
            <line number="770" hits="5" branch="False" />
            <line number="771" hits="5" branch="False" />
            <line number="772" hits="5" branch="False" />
            <line number="773" hits="5" branch="False" />
            <line number="774" hits="5" branch="False" />
            <line number="775" hits="5" branch="False" />
            <line number="776" hits="5" branch="False" />
            <line number="777" hits="5" branch="False" />
            <line number="778" hits="5" branch="False" />
            <line number="779" hits="5" branch="False" />
            <line number="780" hits="5" branch="False" />
            <line number="781" hits="5" branch="False" />
            <line number="782" hits="5" branch="False" />
            <line number="783" hits="5" branch="False" />
            <line number="784" hits="5" branch="False" />
            <line number="785" hits="5" branch="False" />
            <line number="786" hits="5" branch="False" />
            <line number="787" hits="5" branch="False" />
            <line number="788" hits="5" branch="False" />
            <line number="789" hits="5" branch="False" />
            <line number="790" hits="5" branch="False" />
            <line number="791" hits="5" branch="False" />
            <line number="792" hits="5" branch="False" />
            <line number="793" hits="5" branch="False" />
            <line number="794" hits="5" branch="False" />
            <line number="795" hits="5" branch="False" />
            <line number="796" hits="5" branch="False" />
            <line number="797" hits="5" branch="False" />
            <line number="798" hits="5" branch="False" />
            <line number="799" hits="5" branch="False" />
            <line number="800" hits="5" branch="False" />
            <line number="801" hits="5" branch="False" />
            <line number="802" hits="5" branch="False" />
            <line number="803" hits="5" branch="False" />
            <line number="804" hits="5" branch="False" />
            <line number="805" hits="5" branch="False" />
            <line number="808" hits="2" branch="False" />
            <line number="809" hits="2" branch="True" condition-coverage="75% (18/24)">
              <conditions>
                <condition number="34" type="jump" coverage="100%" />
                <condition number="64" type="jump" coverage="50%" />
                <condition number="76" type="jump" coverage="100%" />
                <condition number="150" type="jump" coverage="50%" />
                <condition number="188" type="jump" coverage="50%" />
                <condition number="218" type="jump" coverage="100%" />
                <condition number="230" type="jump" coverage="100%" />
                <condition number="317" type="jump" coverage="50%" />
                <condition number="343" type="jump" coverage="100%" />
                <condition number="365" type="jump" coverage="50%" />
                <condition number="391" type="jump" coverage="100%" />
                <condition number="413" type="jump" coverage="50%" />
              </conditions>
            </line>
            <line number="810" hits="2" branch="False" />
            <line number="811" hits="2" branch="False" />
            <line number="812" hits="2" branch="False" />
            <line number="813" hits="2" branch="False" />
            <line number="814" hits="2" branch="False" />
            <line number="815" hits="2" branch="False" />
            <line number="816" hits="2" branch="False" />
            <line number="817" hits="2" branch="False" />
            <line number="818" hits="2" branch="False" />
            <line number="819" hits="2" branch="False" />
            <line number="820" hits="2" branch="False" />
            <line number="821" hits="2" branch="False" />
            <line number="822" hits="2" branch="False" />
            <line number="823" hits="2" branch="False" />
            <line number="824" hits="2" branch="False" />
            <line number="825" hits="2" branch="False" />
            <line number="826" hits="2" branch="False" />
            <line number="827" hits="2" branch="False" />
            <line number="828" hits="2" branch="False" />
            <line number="829" hits="2" branch="False" />
            <line number="830" hits="2" branch="False" />
            <line number="831" hits="2" branch="False" />
            <line number="832" hits="2" branch="False" />
            <line number="833" hits="2" branch="False" />
            <line number="834" hits="2" branch="False" />
            <line number="835" hits="2" branch="False" />
            <line number="836" hits="2" branch="False" />
            <line number="837" hits="2" branch="False" />
            <line number="838" hits="2" branch="False" />
            <line number="839" hits="2" branch="False" />
            <line number="840" hits="2" branch="False" />
            <line number="841" hits="2" branch="False" />
            <line number="842" hits="2" branch="False" />
            <line number="843" hits="2" branch="False" />
            <line number="844" hits="2" branch="False" />
            <line number="845" hits="2" branch="False" />
            <line number="846" hits="2" branch="False" />
            <line number="847" hits="2" branch="False" />
            <line number="848" hits="2" branch="False" />
            <line number="849" hits="2" branch="False" />
            <line number="850" hits="2" branch="False" />
            <line number="851" hits="2" branch="False" />
            <line number="852" hits="2" branch="False" />
            <line number="853" hits="2" branch="False" />
            <line number="854" hits="2" branch="False" />
            <line number="855" hits="2" branch="False" />
            <line number="858" hits="4" branch="False" />
            <line number="859" hits="4" branch="False" />
            <line number="860" hits="4" branch="True" condition-coverage="95% (38/40)">
              <conditions>
                <condition number="54" type="jump" coverage="50%" />
                <condition number="78" type="jump" coverage="100%" />
                <condition number="90" type="jump" coverage="100%" />
                <condition number="158" type="jump" coverage="100%" />
                <condition number="181" type="jump" coverage="100%" />
                <condition number="192" type="jump" coverage="100%" />
                <condition number="241" type="jump" coverage="100%" />
                <condition number="253" type="jump" coverage="100%" />
                <condition number="265" type="jump" coverage="100%" />
                <condition number="281" type="jump" coverage="100%" />
                <condition number="304" type="jump" coverage="100%" />
                <condition number="316" type="jump" coverage="50%" />
                <condition number="328" type="jump" coverage="100%" />
                <condition number="344" type="jump" coverage="100%" />
                <condition number="371" type="jump" coverage="100%" />
                <condition number="398" type="jump" coverage="100%" />
                <condition number="425" type="jump" coverage="100%" />
                <condition number="452" type="jump" coverage="100%" />
                <condition number="468" type="jump" coverage="100%" />
                <condition number="480" type="jump" coverage="100%" />
              </conditions>
            </line>
            <line number="861" hits="4" branch="False" />
            <line number="862" hits="4" branch="False" />
            <line number="863" hits="4" branch="False" />
            <line number="864" hits="4" branch="False" />
            <line number="865" hits="4" branch="False" />
            <line number="866" hits="4" branch="False" />
            <line number="867" hits="4" branch="False" />
            <line number="868" hits="4" branch="False" />
            <line number="869" hits="4" branch="False" />
            <line number="870" hits="4" branch="False" />
            <line number="871" hits="4" branch="False" />
            <line number="872" hits="4" branch="False" />
            <line number="873" hits="4" branch="False" />
            <line number="874" hits="4" branch="False" />
            <line number="875" hits="4" branch="False" />
            <line number="876" hits="4" branch="False" />
            <line number="877" hits="4" branch="False" />
            <line number="878" hits="4" branch="False" />
            <line number="879" hits="4" branch="False" />
            <line number="880" hits="4" branch="False" />
            <line number="881" hits="4" branch="False" />
            <line number="882" hits="4" branch="False" />
            <line number="883" hits="4" branch="False" />
            <line number="884" hits="4" branch="False" />
            <line number="885" hits="4" branch="False" />
            <line number="886" hits="4" branch="False" />
            <line number="887" hits="4" branch="False" />
            <line number="888" hits="4" branch="False" />
            <line number="889" hits="4" branch="False" />
            <line number="890" hits="4" branch="False" />
            <line number="893" hits="4" branch="False" />
            <line number="894" hits="4" branch="False" />
            <line number="895" hits="4" branch="True" condition-coverage="25% (1/4)">
              <conditions>
                <condition number="9" type="jump" coverage="50%" />
                <condition number="30" type="jump" coverage="0%" />
              </conditions>
            </line>
            <line number="896" hits="4" branch="True" condition-coverage="25% (1/4)">
              <conditions>
                <condition number="97" type="jump" coverage="50%" />
                <condition number="118" type="jump" coverage="0%" />
              </conditions>
            </line>
            <line number="897" hits="4" branch="True" condition-coverage="25% (1/4)">
              <conditions>
                <condition number="185" type="jump" coverage="50%" />
                <condition number="206" type="jump" coverage="0%" />
              </conditions>
            </line>
            <line number="899" hits="4" branch="True" condition-coverage="46.42% (26/56)">
              <conditions>
                <condition number="319" type="jump" coverage="50%" />
                <condition number="343" type="jump" coverage="50%" />
                <condition number="355" type="jump" coverage="100%" />
                <condition number="423" type="jump" coverage="50%" />
                <condition number="446" type="jump" coverage="50%" />
                <condition number="457" type="jump" coverage="50%" />
                <condition number="506" type="jump" coverage="50%" />
                <condition number="518" type="jump" coverage="0%" />
                <condition number="530" type="jump" coverage="100%" />
                <condition number="546" type="jump" coverage="50%" />
                <condition number="569" type="jump" coverage="50%" />
                <condition number="581" type="jump" coverage="0%" />
                <condition number="593" type="jump" coverage="100%" />
                <condition number="609" type="jump" coverage="50%" />
                <condition number="633" type="jump" coverage="50%" />
                <condition number="661" type="jump" coverage="50%" />
                <condition number="673" type="jump" coverage="0%" />
                <condition number="685" type="jump" coverage="100%" />
                <condition number="701" type="jump" coverage="50%" />
                <condition number="713" type="jump" coverage="0%" />
                <condition number="732" type="jump" coverage="50%" />
                <condition number="744" type="jump" coverage="0%" />
                <condition number="763" type="jump" coverage="50%" />
                <condition number="775" type="jump" coverage="0%" />
                <condition number="794" type="jump" coverage="50%" />
                <condition number="806" type="jump" coverage="0%" />
                <condition number="825" type="jump" coverage="50%" />
                <condition number="852" type="jump" coverage="100%" />
              </conditions>
            </line>
            <line number="900" hits="4" branch="False" />
            <line number="901" hits="4" branch="False" />
            <line number="902" hits="4" branch="False" />
            <line number="903" hits="4" branch="False" />
            <line number="904" hits="4" branch="False" />
            <line number="905" hits="4" branch="False" />
            <line number="906" hits="4" branch="False" />
            <line number="907" hits="4" branch="False" />
            <line number="908" hits="4" branch="False" />
            <line number="909" hits="4" branch="False" />
            <line number="910" hits="4" branch="False" />
            <line number="911" hits="4" branch="False" />
            <line number="912" hits="4" branch="False" />
            <line number="913" hits="4" branch="False" />
            <line number="914" hits="4" branch="False" />
            <line number="915" hits="4" branch="False" />
            <line number="916" hits="4" branch="False" />
            <line number="917" hits="4" branch="False" />
            <line number="918" hits="4" branch="False" />
            <line number="919" hits="4" branch="False" />
            <line number="920" hits="4" branch="False" />
            <line number="921" hits="4" branch="False" />
            <line number="922" hits="4" branch="False" />
            <line number="923" hits="4" branch="False" />
            <line number="924" hits="4" branch="False" />
            <line number="925" hits="4" branch="False" />
            <line number="926" hits="4" branch="False" />
            <line number="927" hits="4" branch="False" />
            <line number="928" hits="4" branch="False" />
            <line number="929" hits="4" branch="False" />
            <line number="930" hits="4" branch="False" />
            <line number="931" hits="4" branch="False" />
            <line number="932" hits="4" branch="False" />
            <line number="933" hits="4" branch="False" />
            <line number="934" hits="4" branch="False" />
            <line number="935" hits="4" branch="False" />
            <line number="936" hits="4" branch="False" />
            <line number="937" hits="4" branch="False" />
            <line number="940" hits="1" branch="False" />
            <line number="941" hits="1" branch="False" />
            <line number="942" hits="1" branch="False" />
            <line number="943" hits="1" branch="False" />
            <line number="944" hits="1" branch="False" />
            <line number="945" hits="1" branch="False" />
            <line number="946" hits="1" branch="False" />
            <line number="947" hits="1" branch="False" />
            <line number="948" hits="1" branch="False" />
            <line number="949" hits="1" branch="False" />
            <line number="950" hits="1" branch="False" />
            <line number="951" hits="1" branch="False" />
            <line number="952" hits="1" branch="False" />
            <line number="953" hits="1" branch="False" />
            <line number="954" hits="1" branch="False" />
[...]
          <methods>
            <method name=".ctor" signature="(Clinica.API.Services.IUsuarioService)" line-rate="1" branch-rate="1" complexity="1">
              <lines>
                <line number="22" hits="7" branch="False" />
                <line number="23" hits="7" branch="False" />
                <line number="24" hits="7" branch="False" />
                <line number="25" hits="7" branch="False" />
              </lines>
            </method>
          </methods>
          <lines>
            <line number="22" hits="7" branch="False" />
            <line number="23" hits="7" branch="False" />
            <line number="24" hits="7" branch="False" />
            <line number="25" hits="7" branch="False" />
          </lines>
        </class>
        <class name="Clinica.API.Controllers.pdfControladores.CertificadosController" filename="Clinica.API\Controllers\pdfControladores\CertificadosController.cs" line-rate="1" branch-rate="1" complexity="3">
          <methods>
            <method name="CrearZipConCertificados" signature="(System.Collections.Generic.List`1&lt;System.Byte[]&gt;,System.Collections.Generic.List`1&lt;System.String&gt;)" line-rate="1" branch-rate="1" complexity="2">
              <lines>
                <line number="180" hits="1" branch="False" />
                <line number="181" hits="1" branch="False" />
                <line number="182" hits="1" branch="False" />
                <line number="183" hits="1" branch="False" />
                <line number="184" hits="4" branch="True" condition-coverage="100% (2/2)">
                  <conditions>
                    <condition number="187" type="jump" coverage="100%" />
                  </conditions>
                </line>
                <line number="185" hits="1" branch="False" />
                <line number="186" hits="1" branch="False" />
                <line number="187" hits="1" branch="False" />
                <line number="188" hits="1" branch="False" />
                <line number="189" hits="1" branch="False" />
                <line number="190" hits="1" branch="False" />
                <line number="191" hits="1" branch="False" />
                <line number="192" hits="1" branch="False" />
              </lines>
            </method>
            <method name=".ctor" signature="(Clinica.Domain.PDFsDto.Interfacespdf.ICertificadoTrabajoPdfService,Clinica.Domain.Interfaces.IUsuarioRepository,Clinica.Domain.Interfaces.IDoctorRepository,Clinica.Domain.Interfaces.IUsuarioActualService)" line-rate="1" branch-rate="1" complexity="1">
              <lines>
                <line number="23" hits="3" branch="False" />
                <line number="24" hits="3" branch="False" />
                <line number="25" hits="3" branch="False" />
                <line number="26" hits="3" branch="False" />
                <line number="27" hits="3" branch="False" />
                <line number="28" hits="3" branch="False" />
                <line number="29" hits="3" branch="False" />
                <line number="30" hits="3" branch="False" />
                <line number="31" hits="3" branch="False" />
                <line number="32" hits="3" branch="False" />
                <line number="33" hits="3" branch="False" />
              </lines>
            </method>
          </methods>
          <lines>
            <line number="180" hits="1" branch="False" />
            <line number="181" hits="1" branch="False" />
            <line number="182" hits="1" branch="False" />
            <line number="183" hits="1" branch="False" />
            <line number="184" hits="4" branch="True" condition-coverage="100% (2/2)">
              <conditions>
                <condition number="187" type="jump" coverage="100%" />
              </conditions>
            </line>
            <line number="185" hits="1" branch="False" />
            <line number="186" hits="1" branch="False" />
            <line number="187" hits="1" branch="False" />
            <line number="188" hits="1" branch="False" />
            <line number="189" hits="1" branch="False" />
            <line number="190" hits="1" branch="False" />
            <line number="191" hits="1" branch="False" />
            <line number="192" hits="1" branch="False" />
            <line number="23" hits="3" branch="False" />
            <line number="24" hits="3" branch="False" />
            <line number="25" hits="3" branch="False" />
            <line number="26" hits="3" branch="False" />
            <line number="27" hits="3" branch="False" />
            <line number="28" hits="3" branch="False" />
            <line number="29" hits="3" branch="False" />
            <line number="30" hits="3" branch="False" />
            <line number="31" hits="3" branch="False" />
            <line number="32" hits="3" branch="False" />
            <line number="33" hits="3" branch="False" />
          </lines>
        </class>
        <class name="Clinica.API.Controllers.pdfControladores.HistoriaClinicaController" filename="Clinica.API\Controllers\pdfControladores\HistoriaClinicaController.cs" line-rate="1" branch-rate="1" complexity="1">
          <methods>
            <method name=".ctor" signature="(Clinica.Domain.PDFsDto.Interfacespdf.IHistoriaClinicaPdfService,Clinica.Domain.Interfaces.IPacienteRepository,Clinica.Domain.Interfaces.IAtencionRepository,Clinica.Domain.Interfaces.IHistorialClinicoRepository)" line-rate="1" branch-rate="1" complexity="1">
              <lines>
                <line number="22" hits="1" branch="False" />
                <line number="23" hits="1" branch="False" />
                <line number="24" hits="1" branch="False" />
                <line number="25" hits="1" branch="False" />
                <line number="26" hits="1" branch="False" />
                <line number="27" hits="1" branch="False" />
                <line number="28" hits="1" branch="False" />
                <line number="29" hits="1" branch="False" />
                <line number="30" hits="1" branch="False" />
                <line number="31" hits="1" branch="False" />
                <line number="32" hits="1" branch="False" />
              </lines>
            </method>
          </methods>
          <lines>
            <line number="22" hits="1" branch="False" />
            <line number="23" hits="1" branch="False" />
            <line number="24" hits="1" branch="False" />
            <line number="25" hits="1" branch="False" />
            <line number="26" hits="1" branch="False" />
            <line number="27" hits="1" branch="False" />
            <line number="28" hits="1" branch="False" />
            <line number="29" hits="1" branch="False" />
            <line number="30" hits="1" branch="False" />
            <line number="31" hits="1" branch="False" />
            <line number="32" hits="1" branch="False" />
          </lines>
        </class>
        <class name="Clinica.API.Controllers.pdfControladores.ReportesFinancierosController" filename="Clinica.API\Controllers\pdfControladores\ReportesFinancierosController.cs" line-rate="1" branch-rate="1" complexity="1">
          <methods>
            <method name=".ctor" signature="(Clinica.Domain.PDFsDto.Interfacespdf.IReporteFinancieroPdfService,Clinica.Domain.Interfaces.IPagoRepository)" line-rate="1" branch-rate="1" complexity="1">
              <lines>
                <line number="19" hits="1" branch="False" />
                <line number="20" hits="1" branch="False" />
                <line number="21" hits="1" branch="False" />
                <line number="22" hits="1" branch="False" />
                <line number="23" hits="1" branch="False" />
              </lines>
            </method>
          </methods>
          <lines>
            <line number="19" hits="1" branch="False" />
            <line number="20" hits="1" branch="False" />
            <line number="21" hits="1" branch="False" />
            <line number="22" hits="1" branch="False" />
            <line number="23" hits="1" branch="False" />
          </lines>
        </class>
        <class name="Clinica.API.Controllers.pdfControladores.ResumenPartoController" filename="Clinica.API\Controllers\pdfControladores\ResumenPartoController.cs" line-rate="1" branch-rate="1" complexity="1">
          <methods>
            <method name=".ctor" signature="(Clinica.Domain.PDFsDto.Interfacespdf.IResumenPartoPdfService,Clinica.Domain.Interfaces.IAtencionRepository,Clinica.Domain.Interfaces.ATENCIONES.ITactoVaginalRepository,Clinica.Domain.Interfaces.ATENCIONES.IExamenFisicoRepository)" line-rate="1" branch-rate="1" complexity="1">
              <lines>
                <line number="22" hits="1" branch="False" />
                <line number="23" hits="1" branch="False" />
                <line number="24" hits="1" branch="False" />
                <line number="25" hits="1" branch="False" />
                <line number="26" hits="1" branch="False" />
                <line number="27" hits="1" branch="False" />
                <line number="28" hits="1" branch="False" />
                <line number="29" hits="1" branch="False" />
                <line number="30" hits="1" branch="False" />
                <line number="31" hits="1" branch="False" />
                <line number="32" hits="1" branch="False" />
              </lines>
            </method>
          </methods>
          <lines>
            <line number="22" hits="1" branch="False" />
            <line number="23" hits="1" branch="False" />
            <line number="24" hits="1" branch="False" />
            <line number="25" hits="1" branch="False" />
            <line number="26" hits="1" branch="False" />
            <line number="27" hits="1" branch="False" />
            <line number="28" hits="1" branch="False" />
            <line number="29" hits="1" branch="False" />
            <line number="30" hits="1" branch="False" />
            <line number="31" hits="1" branch="False" />
            <line number="32" hits="1" branch="False" />
          </lines>
        </class>
        <class name="Clinica.API.Configurations.ValidationResponseConfig" filename="Clinica.API\Configurations\ValidationResponseConfig.cs" line-rate="1" branch-rate="1" complexity="1">
          <methods>
            <method name="ConfigurarRespuestasDeValidacion" signature="(Microsoft.AspNetCore.Mvc.ApiBehaviorOptions)" line-rate="1" branch-rate="1" complexity="1">
              <lines>
                <line number="9" hits="4" branch="False" />
                <line number="10" hits="4" branch="False" />
                <line number="11" hits="4" branch="False" />
                <line number="12" hits="4" branch="False" />
                <line number="13" hits="4" branch="False" />
                <line number="14" hits="4" branch="False" />
                <line number="15" hits="4" branch="False" />
                <line number="16" hits="4" branch="False" />
                <line number="17" hits="4" branch="False" />
                <line number="18" hits="4" branch="False" />
                <line number="19" hits="4" branch="False" />
                <line number="20" hits="4" branch="False" />
                <line number="21" hits="4" branch="False" />
                <line number="22" hits="4" branch="False" />
                <line number="23" hits="4" branch="False" />
                <line number="24" hits="4" branch="False" />
                <line number="25" hits="4" branch="False" />
                <line number="26" hits="4" branch="False" />
                <line number="27" hits="4" branch="False" />
                <line number="28" hits="4" branch="False" />
                <line number="29" hits="4" branch="False" />
              </lines>
            </method>
          </methods>
          <lines>
            <line number="9" hits="4" branch="False" />
            <line number="10" hits="4" branch="False" />
            <line number="11" hits="4" branch="False" />
            <line number="12" hits="4" branch="False" />
            <line number="13" hits="4" branch="False" />
            <line number="14" hits="4" branch="False" />
            <line number="15" hits="4" branch="False" />
            <line number="16" hits="4" branch="False" />
            <line number="17" hits="4" branch="False" />
            <line number="18" hits="4" branch="False" />
            <line number="19" hits="4" branch="False" />
            <line number="20" hits="4" branch="False" />
            <line number="21" hits="4" branch="False" />
            <line number="22" hits="4" branch="False" />
            <line number="23" hits="4" branch="False" />
            <line number="24" hits="4" branch="False" />
            <line number="25" hits="4" branch="False" />
            <line number="26" hits="4" branch="False" />
            <line number="27" hits="4" branch="False" />
            <line number="28" hits="4" branch="False" />
            <line number="29" hits="4" branch="False" />
          </lines>
        </class>
        <class name="Clinica.API.Authorization.PermisosPolicies" filename="Clinica.API\Authorization\PermisosPolicies.cs" line-rate="1" branch-rate="1" complexity="1">
          <methods>
            <method name=".cctor" signature="()" line-rate="1" branch-rate="1" complexity="1">
              <lines>
                <line number="108" hits="1" branch="False" />
                <line number="109" hits="1" branch="False" />
                <line number="110" hits="1" branch="False" />
                <line number="111" hits="1" branch="False" />
                <line number="112" hits="1" branch="False" />
                <line number="113" hits="1" branch="False" />
                <line number="114" hits="1" branch="False" />
                <line number="115" hits="1" branch="False" />
                <line number="116" hits="1" branch="False" />
                <line number="117" hits="1" branch="False" />
                <line number="118" hits="1" branch="False" />
                <line number="119" hits="1" branch="False" />
                <line number="120" hits="1" branch="False" />
                <line number="121" hits="1" branch="False" />
                <line number="122" hits="1" branch="False" />
                <line number="123" hits="1" branch="False" />
                <line number="124" hits="1" branch="False" />
                <line number="125" hits="1" branch="False" />
              </lines>
            </method>
          </methods>
          <lines>
            <line number="108" hits="1" branch="False" />
            <line number="109" hits="1" branch="False" />
            <line number="110" hits="1" branch="False" />
            <line number="111" hits="1" branch="False" />
            <line number="112" hits="1" branch="False" />
            <line number="113" hits="1" branch="False" />
            <line number="114" hits="1" branch="False" />
            <line number="115" hits="1" branch="False" />
            <line number="116" hits="1" branch="False" />
            <line number="117" hits="1" branch="False" />
            <line number="118" hits="1" branch="False" />
            <line number="119" hits="1" branch="False" />
            <line number="120" hits="1" branch="False" />
            <line number="121" hits="1" branch="False" />
            <line number="122" hits="1" branch="False" />
            <line number="123" hits="1" branch="False" />
            <line number="124" hits="1" branch="False" />
            <line number="125" hits="1" branch="False" />
          </lines>
        </class>
      </classes>
    </package>
    <package name="Clinica.Domain" line-rate="1" branch-rate="1" complexity="7">
      <classes>
        <class name="Clinica.Domain.Validations.NotEmptyGuidAttribute" filename="Clinica.Domain\Validations\NotEmptyGuidAttribute.cs" line-rate="1" branch-rate="1" complexity="2">
          <methods>
            <method name="IsValid" signature="(System.Object)" line-rate="1" branch-rate="1" complexity="2">
              <lines>
                <line number="8" hits="8" branch="False" />
                <line number="9" hits="8" branch="True" condition-coverage="100% (2/2)">
                  <conditions>
                    <condition number="7" type="jump" coverage="100%" />
                  </conditions>
                </line>
                <line number="10" hits="8" branch="False" />
              </lines>
            </method>
          </methods>
          <lines>
            <line number="8" hits="8" branch="False" />
            <line number="9" hits="8" branch="True" condition-coverage="100% (2/2)">
              <conditions>
                <condition number="7" type="jump" coverage="100%" />
              </conditions>
            </line>
            <line number="10" hits="8" branch="False" />
          </lines>
        </class>
        <class name="Clinica.Domain.DTOs.Usuarios.UsuarioResponseDto" filename="Clinica.Domain\DTOs\Usuarios\UsuarioResponseDto.cs" line-rate="1" branch-rate="1" complexity="1">
          <methods>
            <method name="get_NombreCompleto" signature="()" line-rate="1" branch-rate="1" complexity="1">
              <lines>
                <line number="11" hits="2" branch="False" />
              </lines>
            </method>
          </methods>
          <lines>
            <line number="11" hits="2" branch="False" />
          </lines>
        </class>
        <class name="Clinica.Domain.DTOs.Pacientes.PacienteResponseDto" filename="Clinica.Domain\DTOs\Pacientes\PacienteResponseDto.cs" line-rate="1" branch-rate="1" complexity="1">
          <methods>
            <method name="get_NombreCompleto" signature="()" line-rate="1" branch-rate="1" complexity="1">
              <lines>
                <line number="13" hits="2" branch="False" />
              </lines>
            </method>
          </methods>
          <lines>
            <line number="13" hits="2" branch="False" />
          </lines>
        </class>
        <class name="Clinica.Domain.DTOs.Finanzas.EstadoPagoAtencionDto" filename="Clinica.Domain\DTOs\Finanzas\EstadoPagoAtencionDto.cs" line-rate="1" branch-rate="1" complexity="1">
          <methods>
            <method name="get_DeudaTotal" signature="()" line-rate="1" branch-rate="1" complexity="1">
              <lines>
                <line number="30" hits="1" branch="False" />
              </lines>
            </method>
          </methods>
          <lines>
            <line number="30" hits="1" branch="False" />
          </lines>
        </class>
        <class name="Clinica.Domain.DTOs.Doctores.DoctorResponseDto" filename="Clinica.Domain\DTOs\Doctores\DoctorResponseDto.cs" line-rate="1" branch-rate="1" complexity="1">
          <methods>
            <method name="get_NombreCompleto" signature="()" line-rate="1" branch-rate="1" complexity="1">
              <lines>
                <line number="12" hits="2" branch="False" />
              </lines>
            </method>
          </methods>
          <lines>
            <line number="12" hits="2" branch="False" />
          </lines>
        </class>
        <class name="Clinica.Domain.DTOs.Comunes.PaginacionResponseDto`1" filename="Clinica.Domain\DTOs\Comunes\PaginacionResponseDto.cs" line-rate="1" branch-rate="1" complexity="1">
          <methods>
            <method name="get_TotalPaginas" signature="()" line-rate="1" branch-rate="1" complexity="1">
              <lines>
                <line number="8" hits="3" branch="False" />
              </lines>
            </method>
          </methods>
          <lines>
            <line number="8" hits="3" branch="False" />
          </lines>
        </class>
      </classes>
    </package>
  </packages>
</coverage>