<?xml version="1.0" encoding="utf-8"?>
<coverage line-rate="0.995" branch-rate="0.9481999999999999" version="1.9" timestamp="1780177187" lines-covered="603" lines-valid="606" branches-covered="110" branches-valid="116">
  <sources>
    <source>F:\proyectC#\pruebasUnit\ClinicaObstPrUnit\</source>
  </sources>
  <packages>
    <package name="Clinica.API" line-rate="0.995" branch-rate="0.9473" complexity="157">
      <classes>
        <class name="Clinica.API.Services.Imp.AuthService" filename="Clinica.API\Services\Imp\AuthService.cs" line-rate="1" branch-rate="1" complexity="1">
          <methods>
            <method name=".ctor" signature="(Clinica.Domain.Interfaces.IUsuarioRepository,Clinica.API.Helpers.JwtHelper)" line-rate="1" branch-rate="1" complexity="1">
              <lines>
                <line number="13" hits="6" branch="False" />
                <line number="14" hits="6" branch="False" />
                <line number="15" hits="6" branch="False" />
                <line number="16" hits="6" branch="False" />
                <line number="17" hits="6" branch="False" />
              </lines>
            </method>
          </methods>
          <lines>
            <line number="13" hits="6" branch="False" />
            <line number="14" hits="6" branch="False" />
            <line number="15" hits="6" branch="False" />
            <line number="16" hits="6" branch="False" />
            <line number="17" hits="6" branch="False" />
          </lines>
        </class>
        <class name="Clinica.API.Services.Imp.CitaService" filename="Clinica.API\Services\Imp\CitaService.cs" line-rate="1" branch-rate="1" complexity="10">
          <methods>
            <method name="MapearCita" signature="(Clinica.Domain.Entities.Cita)" line-rate="1" branch-rate="1" complexity="8">
              <lines>
                <line number="179" hits="8" branch="False" />
                <line number="180" hits="8" branch="True" condition-coverage="100% (8/8)">
                  <conditions>
                    <condition number="52" type="jump" coverage="100%" />
                    <condition number="119" type="jump" coverage="100%" />
                    <condition number="187" type="jump" coverage="100%" />
                    <condition number="199" type="jump" coverage="100%" />
                  </conditions>
                </line>
                <line number="181" hits="8" branch="False" />
                <line number="182" hits="8" branch="False" />
                <line number="183" hits="8" branch="False" />
                <line number="184" hits="8" branch="False" />
                <line number="185" hits="8" branch="False" />
                <line number="186" hits="8" branch="False" />
                <line number="187" hits="8" branch="False" />
                <line number="188" hits="8" branch="False" />
                <line number="189" hits="8" branch="False" />
                <line number="190" hits="8" branch="False" />
                <line number="191" hits="8" branch="False" />
                <line number="192" hits="8" branch="False" />
                <line number="193" hits="8" branch="False" />
                <line number="194" hits="8" branch="False" />
                <line number="195" hits="8" branch="False" />
                <line number="196" hits="8" branch="False" />
                <line number="197" hits="8" branch="False" />
                <line number="198" hits="8" branch="False" />
              </lines>
            </method>
            <method name="GenerarCodigo" signature="(System.String,System.String)" line-rate="1" branch-rate="1" complexity="1">
              <lines>
                <line number="201" hits="3" branch="False" />
                <line number="202" hits="3" branch="False" />
                <line number="203" hits="3" branch="False" />
              </lines>
            </method>
            <method name=".ctor" signature="(Clinica.Domain.Interfaces.ICitaRepository,Clinica.Domain.Interfaces.IPacienteRepository,Clinica.Domain.Interfaces.IDoctorRepository,Clinica.Domain.Interfaces.IServicioClinicoRepository,Clinica.Domain.Interfaces.IHistorialClinicoRepository,Clinica.Domain.Interfaces.IHistorialDetalleRepository,Clinica.Domain.Interfaces.IUsuarioActualService)" line-rate="1" branch-rate="1" complexity="1">
              <lines>
                <line number="18" hits="23" branch="False" />
                <line number="19" hits="23" branch="False" />
                <line number="20" hits="23" branch="False" />
                <line number="21" hits="23" branch="False" />
                <line number="22" hits="23" branch="False" />
                <line number="23" hits="23" branch="False" />
                <line number="24" hits="23" branch="False" />
                <line number="25" hits="23" branch="False" />
                <line number="26" hits="23" branch="False" />
                <line number="27" hits="23" branch="False" />
                <line number="28" hits="23" branch="False" />
                <line number="29" hits="23" branch="False" />
                <line number="30" hits="23" branch="False" />
                <line number="31" hits="23" branch="False" />
                <line number="32" hits="23" branch="False" />
                <line number="33" hits="23" branch="False" />
                <line number="34" hits="23" branch="False" />
              </lines>
            </method>
          </methods>
          <lines>
            <line number="179" hits="8" branch="False" />
            <line number="180" hits="8" branch="True" condition-coverage="100% (8/8)">
              <conditions>
                <condition number="52" type="jump" coverage="100%" />
                <condition number="119" type="jump" coverage="100%" />
                <condition number="187" type="jump" coverage="100%" />
                <condition number="199" type="jump" coverage="100%" />
              </conditions>
            </line>
            <line number="181" hits="8" branch="False" />
            <line number="182" hits="8" branch="False" />
            <line number="183" hits="8" branch="False" />
            <line number="184" hits="8" branch="False" />
            <line number="185" hits="8" branch="False" />
            <line number="186" hits="8" branch="False" />
            <line number="187" hits="8" branch="False" />
            <line number="188" hits="8" branch="False" />
            <line number="189" hits="8" branch="False" />
            <line number="190" hits="8" branch="False" />
            <line number="191" hits="8" branch="False" />
            <line number="192" hits="8" branch="False" />
            <line number="193" hits="8" branch="False" />
            <line number="194" hits="8" branch="False" />
            <line number="195" hits="8" branch="False" />
            <line number="196" hits="8" branch="False" />
            <line number="197" hits="8" branch="False" />
            <line number="198" hits="8" branch="False" />
            <line number="201" hits="3" branch="False" />
            <line number="202" hits="3" branch="False" />
            <line number="203" hits="3" branch="False" />
            <line number="18" hits="23" branch="False" />
            <line number="19" hits="23" branch="False" />
            <line number="20" hits="23" branch="False" />
            <line number="21" hits="23" branch="False" />
            <line number="22" hits="23" branch="False" />
            <line number="23" hits="23" branch="False" />
            <line number="24" hits="23" branch="False" />
            <line number="25" hits="23" branch="False" />
            <line number="26" hits="23" branch="False" />
            <line number="27" hits="23" branch="False" />
            <line number="28" hits="23" branch="False" />
            <line number="29" hits="23" branch="False" />
            <line number="30" hits="23" branch="False" />
            <line number="31" hits="23" branch="False" />
            <line number="32" hits="23" branch="False" />
            <line number="33" hits="23" branch="False" />
            <line number="34" hits="23" branch="False" />
          </lines>
        </class>
        <class name="Clinica.API.Services.Imp.DoctorService" filename="Clinica.API\Services\Imp\DoctorService.cs" line-rate="1" branch-rate="1" complexity="3">
          <methods>
            <method name="MapearDoctor" signature="(Clinica.Domain.Entities.Doctor)" line-rate="1" branch-rate="1" complexity="1">
              <lines>
                <line number="100" hits="4" branch="False" />
                <line number="101" hits="4" branch="False" />
                <line number="102" hits="4" branch="False" />
                <line number="103" hits="4" branch="False" />
                <line number="104" hits="4" branch="False" />
                <line number="105" hits="4" branch="False" />
                <line number="106" hits="4" branch="False" />
                <line number="107" hits="4" branch="False" />
                <line number="108" hits="4" branch="False" />
                <line number="109" hits="4" branch="False" />
                <line number="110" hits="4" branch="False" />
                <line number="111" hits="4" branch="False" />
                <line number="112" hits="4" branch="False" />
                <line number="113" hits="4" branch="False" />
                <line number="114" hits="4" branch="False" />
                <line number="115" hits="4" branch="False" />
              </lines>
            </method>
            <method name="GenerarCodigoDoctor" signature="(System.String)" line-rate="1" branch-rate="1" complexity="1">
              <lines>
                <line number="118" hits="2" branch="False" />
                <line number="119" hits="2" branch="False" />
                <line number="120" hits="2" branch="False" />
              </lines>
            </method>
            <method name=".ctor" signature="(Clinica.Domain.Interfaces.IDoctorRepository,Clinica.Domain.Interfaces.IUsuarioActualService)" line-rate="1" branch-rate="1" complexity="1">
              <lines>
                <line number="13" hits="12" branch="False" />
                <line number="14" hits="12" branch="False" />
                <line number="15" hits="12" branch="False" />
                <line number="16" hits="12" branch="False" />
                <line number="17" hits="12" branch="False" />
                <line number="18" hits="12" branch="False" />
                <line number="19" hits="12" branch="False" />
              </lines>
            </method>
          </methods>
          <lines>
            <line number="100" hits="4" branch="False" />
            <line number="101" hits="4" branch="False" />
            <line number="102" hits="4" branch="False" />
            <line number="103" hits="4" branch="False" />
            <line number="104" hits="4" branch="False" />
            <line number="105" hits="4" branch="False" />
            <line number="106" hits="4" branch="False" />
            <line number="107" hits="4" branch="False" />
            <line number="108" hits="4" branch="False" />
            <line number="109" hits="4" branch="False" />
            <line number="110" hits="4" branch="False" />
            <line number="111" hits="4" branch="False" />
            <line number="112" hits="4" branch="False" />
            <line number="113" hits="4" branch="False" />
            <line number="114" hits="4" branch="False" />
            <line number="115" hits="4" branch="False" />
            <line number="118" hits="2" branch="False" />
            <line number="119" hits="2" branch="False" />
            <line number="120" hits="2" branch="False" />
            <line number="13" hits="12" branch="False" />
            <line number="14" hits="12" branch="False" />
            <line number="15" hits="12" branch="False" />
            <line number="16" hits="12" branch="False" />
            <line number="17" hits="12" branch="False" />
            <line number="18" hits="12" branch="False" />
            <line number="19" hits="12" branch="False" />
          </lines>
        </class>
        <class name="Clinica.API.Services.Imp.EvolutionWhatsAppService" filename="Clinica.API\Services\Imp\EvolutionWhatsAppService.cs" line-rate="0.9545" branch-rate="0.75" complexity="5">
          <methods>
            <method name="NormalizarTelefonoPeru" signature="(System.String)" line-rate="0.9229999999999999" branch-rate="0.75" complexity="4">
              <lines>
                <line number="78" hits="6" branch="False" />
                <line number="79" hits="6" branch="False" />
                <line number="80" hits="6" branch="False" />
                <line number="81" hits="6" branch="False" />
                <line number="82" hits="6" branch="False" />
                <line number="83" hits="6" branch="False" />
                <line number="84" hits="6" branch="False" />
                <line number="86" hits="6" branch="True" condition-coverage="100% (2/2)">
                  <conditions>
                    <condition number="91" type="jump" coverage="100%" />
                  </conditions>
                </line>
                <line number="87" hits="2" branch="False" />
                <line number="89" hits="4" branch="True" condition-coverage="50% (1/2)">
                  <conditions>
                    <condition number="109" type="jump" coverage="50%" />
                  </conditions>
                </line>
                <line number="90" hits="4" branch="False" />
                <line number="92" hits="0" branch="False" />
                <line number="93" hits="6" branch="False" />
              </lines>
            </method>
            <method name=".ctor" signature="(System.Net.Http.HttpClient,Microsoft.Extensions.Options.IOptions`1&lt;Clinica.API.Configurations.WhatsAppOptions&gt;,Microsoft.Extensions.Logging.ILogger`1&lt;Clinica.API.Services.Imp.EvolutionWhatsAppService&gt;)" line-rate="1" branch-rate="1" complexity="1">
              <lines>
                <line number="15" hits="7" branch="False" />
                <line number="16" hits="7" branch="False" />
                <line number="17" hits="7" branch="False" />
                <line number="18" hits="7" branch="False" />
                <line number="19" hits="7" branch="False" />
                <line number="20" hits="7" branch="False" />
                <line number="21" hits="7" branch="False" />
                <line number="22" hits="7" branch="False" />
                <line number="23" hits="7" branch="False" />
              </lines>
            </method>
          </methods>
          <lines>
            <line number="78" hits="6" branch="False" />
            <line number="79" hits="6" branch="False" />
            <line number="80" hits="6" branch="False" />
            <line number="81" hits="6" branch="False" />
            <line number="82" hits="6" branch="False" />
            <line number="83" hits="6" branch="False" />
            <line number="84" hits="6" branch="False" />
            <line number="86" hits="6" branch="True" condition-coverage="100% (2/2)">
              <conditions>
                <condition number="91" type="jump" coverage="100%" />
              </conditions>
            </line>
            <line number="87" hits="2" branch="False" />
            <line number="89" hits="4" branch="True" condition-coverage="50% (1/2)">
              <conditions>
                <condition number="109" type="jump" coverage="50%" />
              </conditions>
            </line>
            <line number="90" hits="4" branch="False" />
            <line number="92" hits="0" branch="False" />
            <line number="93" hits="6" branch="False" />
            <line number="15" hits="7" branch="False" />
            <line number="16" hits="7" branch="False" />
            <line number="17" hits="7" branch="False" />
            <line number="18" hits="7" branch="False" />
            <line number="19" hits="7" branch="False" />
            <line number="20" hits="7" branch="False" />
            <line number="21" hits="7" branch="False" />
            <line number="22" hits="7" branch="False" />
            <line number="23" hits="7" branch="False" />
          </lines>
        </class>
        <class name="Clinica.API.Services.Imp.FinanzasService" filename="Clinica.API\Services\Imp\FinanzasService.cs" line-rate="0.992" branch-rate="0.9423" complexity="53">
          <methods>
            <method name="EsPagoValidoParaFinanzas" signature="(Clinica.Domain.Entities.Pago)" line-rate="1" branch-rate="1" complexity="4">
              <lines>
                <line number="514" hits="39" branch="False" />
                <line number="515" hits="39" branch="True" condition-coverage="100% (4/4)">
                  <conditions>
                    <condition number="8" type="jump" coverage="100%" />
                    <condition number="17" type="jump" coverage="100%" />
                  </conditions>
                </line>
                <line number="516" hits="39" branch="False" />
                <line number="517" hits="39" branch="False" />
                <line number="518" hits="39" branch="False" />
              </lines>
            </method>
            <method name="MapearPagoFinanzas" signature="(Clinica.Domain.Entities.Pago)" line-rate="1" branch-rate="1" complexity="12">
              <lines>
                <line number="521" hits="30" branch="False" />
                <line number="522" hits="30" branch="True" condition-coverage="100% (12/12)">
                  <conditions>
                    <condition number="57" type="jump" coverage="100%" />
                    <condition number="112" type="jump" coverage="100%" />
                    <condition number="124" type="jump" coverage="100%" />
                    <condition number="159" type="jump" coverage="100%" />
                    <condition number="171" type="jump" coverage="100%" />
                    <condition number="298" type="jump" coverage="100%" />
                  </conditions>
                </line>
                <line number="523" hits="30" branch="False" />
                <line number="524" hits="30" branch="False" />
                <line number="525" hits="30" branch="False" />
                <line number="526" hits="30" branch="False" />
                <line number="527" hits="30" branch="False" />
                <line number="528" hits="30" branch="False" />
                <line number="529" hits="30" branch="False" />
                <line number="530" hits="30" branch="False" />
                <line number="531" hits="30" branch="False" />
                <line number="532" hits="30" branch="False" />
                <line number="533" hits="30" branch="False" />
                <line number="534" hits="30" branch="False" />
                <line number="535" hits="30" branch="False" />
                <line number="536" hits="30" branch="False" />
                <line number="537" hits="30" branch="False" />
                <line number="538" hits="30" branch="False" />
                <line number="539" hits="30" branch="False" />
                <line number="540" hits="30" branch="False" />
                <line number="541" hits="30" branch="False" />
                <line number="542" hits="30" branch="False" />
                <line number="543" hits="30" branch="False" />
                <line number="544" hits="30" branch="False" />
                <line number="545" hits="30" branch="False" />
                <line number="546" hits="30" branch="False" />
              </lines>
            </method>
            <method name="MapearEstadoPagoAtencion" signature="(System.Linq.IGrouping`2&lt;System.Guid,Clinica.Domain.Entities.Pago&gt;)" line-rate="1" branch-rate="1" complexity="16">
              <lines>
                <line number="549" hits="10" branch="False" />
                <line number="550" hits="10" branch="False" />
                <line number="551" hits="10" branch="False" />
                <line number="552" hits="10" branch="False" />
                <line number="554" hits="10" branch="False" />
                <line number="567" hits="10" branch="False" />
                <line number="568" hits="10" branch="False" />
                <line number="570" hits="10" branch="False" />
                <line number="571" hits="10" branch="False" />
                <line number="575" hits="10" branch="True" condition-coverage="100% (2/2)">
                  <conditions>
                    <condition number="181" type="jump" coverage="100%" />
                  </conditions>
                </line>
                <line number="576" hits="1" branch="False" />
                <line number="577" hits="9" branch="True" condition-coverage="100% (2/2)">
                  <conditions>
                    <condition number="208" type="jump" coverage="100%" />
                  </conditions>
                </line>
                <line number="578" hits="4" branch="False" />
                <line number="579" hits="5" branch="True" condition-coverage="100% (2/2)">
                  <conditions>
                    <condition number="234" type="jump" coverage="100%" />
                  </conditions>
                </line>
                <line number="580" hits="4" branch="False" />
                <line number="582" hits="1" branch="False" />
                <line number="584" hits="10" branch="True" condition-coverage="100% (10/10)">
                  <conditions>
                    <condition number="295" type="jump" coverage="100%" />
                    <condition number="351" type="jump" coverage="100%" />
                    <condition number="363" type="jump" coverage="100%" />
                    <condition number="386" type="jump" coverage="100%" />
                    <condition number="398" type="jump" coverage="100%" />
                  </conditions>
                </line>
                <line number="585" hits="10" branch="False" />
                <line number="586" hits="10" branch="False" />
                <line number="587" hits="10" branch="False" />
                <line number="588" hits="10" branch="False" />
                <line number="589" hits="10" branch="False" />
                <line number="590" hits="10" branch="False" />
                <line number="591" hits="10" branch="False" />
                <line number="592" hits="10" branch="False" />
                <line number="593" hits="10" branch="False" />
                <line number="594" hits="10" branch="False" />
                <line number="595" hits="10" branch="False" />
                <line number="596" hits="10" branch="False" />
                <line number="597" hits="10" branch="False" />
                <line number="598" hits="10" branch="False" />
                <line number="599" hits="10" branch="False" />
                <line number="600" hits="10" branch="False" />
                <line number="601" hits="10" branch="False" />
                <line number="602" hits="10" branch="False" />
                <line number="603" hits="10" branch="False" />
                <line number="604" hits="10" branch="False" />
                <line number="605" hits="10" branch="False" />
                <line number="606" hits="10" branch="False" />
                <line number="607" hits="10" branch="False" />
                <line number="608" hits="10" branch="False" />
                <line number="609" hits="10" branch="False" />
                <line number="610" hits="10" branch="False" />
                <line number="611" hits="10" branch="False" />
                <line number="612" hits="10" branch="False" />
                <line number="613" hits="10" branch="False" />
                <line number="614" hits="10" branch="False" />
                <line number="615" hits="10" branch="False" />
              </lines>
            </method>
            <method name="MapearAjusteFinanciero" signature="(Clinica.Domain.Entities.AjusteFinanciero)" line-rate="1" branch-rate="1" complexity="12">
              <lines>
                <line number="618" hits="6" branch="False" />
                <line number="619" hits="6" branch="True" condition-coverage="100% (12/12)">
                  <conditions>
                    <condition number="40" type="jump" coverage="100%" />
                    <condition number="52" type="jump" coverage="100%" />
                    <condition number="99" type="jump" coverage="100%" />
                    <condition number="154" type="jump" coverage="100%" />
                    <condition number="166" type="jump" coverage="100%" />
                    <condition number="253" type="jump" coverage="100%" />
                  </conditions>
                </line>
                <line number="620" hits="6" branch="False" />
                <line number="621" hits="6" branch="False" />
                <line number="622" hits="6" branch="False" />
                <line number="623" hits="6" branch="False" />
                <line number="624" hits="6" branch="False" />
                <line number="625" hits="6" branch="False" />
                <line number="626" hits="6" branch="False" />
                <line number="627" hits="6" branch="False" />
                <line number="628" hits="6" branch="False" />
                <line number="629" hits="6" branch="False" />
                <line number="630" hits="6" branch="False" />
                <line number="631" hits="6" branch="False" />
                <line number="632" hits="6" branch="False" />
                <line number="633" hits="6" branch="False" />
                <line number="634" hits="6" branch="False" />
                <line number="635" hits="6" branch="False" />
                <line number="636" hits="6" branch="False" />
                <line number="637" hits="6" branch="False" />
                <line number="638" hits="6" branch="False" />
                <line number="639" hits="6" branch="False" />
                <line number="640" hits="6" branch="False" />
                <line number="641" hits="6" branch="False" />
                <line number="642" hits="6" branch="False" />
                <line number="643" hits="6" branch="False" />
                <line number="644" hits="6" branch="False" />
                <line number="645" hits="6" branch="False" />
                <line number="646" hits="6" branch="False" />
              </lines>
            </method>
            <method name="ValidarAnioMes" signature="(System.Int32,System.Int32)" line-rate="0.8332999999999999" branch-rate="0.625" complexity="8">
              <lines>
                <line number="648" hits="3" branch="False" />
                <line number="649" hits="3" branch="True" condition-coverage="50% (2/4)">
                  <conditions>
                    <condition number="7" type="jump" coverage="50%" />
                    <condition number="32" type="jump" coverage="50%" />
                  </conditions>
                </line>
                <line number="650" hits="0" branch="False" />
                <line number="652" hits="3" branch="True" condition-coverage="75% (3/4)">
                  <conditions>
                    <condition number="47" type="jump" coverage="50%" />
                    <condition number="59" type="jump" coverage="100%" />
                  </conditions>
                </line>
                <line number="653" hits="1" branch="False" />
                <line number="654" hits="2" branch="False" />
              </lines>
            </method>
            <method name=".ctor" signature="(Clinica.Domain.Interfaces.IPagoRepository,Clinica.Domain.Interfaces.IPacienteRepository,Clinica.Domain.Interfaces.IAjusteFinancieroRepository,Clinica.Domain.Interfaces.IUsuarioActualService)" line-rate="1" branch-rate="1" complexity="1">
              <lines>
                <line number="15" hits="42" branch="False" />
                <line number="16" hits="42" branch="False" />
                <line number="17" hits="42" branch="False" />
                <line number="18" hits="42" branch="False" />
                <line number="19" hits="42" branch="False" />
                <line number="20" hits="42" branch="False" />
                <line number="21" hits="42" branch="False" />
                <line number="22" hits="42" branch="False" />
                <line number="23" hits="42" branch="False" />
                <line number="24" hits="42" branch="False" />
                <line number="25" hits="42" branch="False" />
              </lines>
            </method>
          </methods>
          <lines>
            <line number="514" hits="39" branch="False" />
            <line number="515" hits="39" branch="True" condition-coverage="100% (4/4)">
              <conditions>
                <condition number="8" type="jump" coverage="100%" />
                <condition number="17" type="jump" coverage="100%" />
              </conditions>
            </line>
            <line number="516" hits="39" branch="False" />
            <line number="517" hits="39" branch="False" />
            <line number="518" hits="39" branch="False" />
            <line number="521" hits="30" branch="False" />
            <line number="522" hits="30" branch="True" condition-coverage="100% (12/12)">
              <conditions>
                <condition number="57" type="jump" coverage="100%" />
                <condition number="112" type="jump" coverage="100%" />
                <condition number="124" type="jump" coverage="100%" />
                <condition number="159" type="jump" coverage="100%" />
                <condition number="171" type="jump" coverage="100%" />
                <condition number="298" type="jump" coverage="100%" />
              </conditions>
            </line>
            <line number="523" hits="30" branch="False" />
            <line number="524" hits="30" branch="False" />
            <line number="525" hits="30" branch="False" />
            <line number="526" hits="30" branch="False" />
            <line number="527" hits="30" branch="False" />
            <line number="528" hits="30" branch="False" />
            <line number="529" hits="30" branch="False" />
            <line number="530" hits="30" branch="False" />
            <line number="531" hits="30" branch="False" />
            <line number="532" hits="30" branch="False" />
            <line number="533" hits="30" branch="False" />
            <line number="534" hits="30" branch="False" />
            <line number="535" hits="30" branch="False" />
            <line number="536" hits="30" branch="False" />
            <line number="537" hits="30" branch="False" />
            <line number="538" hits="30" branch="False" />
            <line number="539" hits="30" branch="False" />
            <line number="540" hits="30" branch="False" />
            <line number="541" hits="30" branch="False" />
            <line number="542" hits="30" branch="False" />
            <line number="543" hits="30" branch="False" />
            <line number="544" hits="30" branch="False" />
            <line number="545" hits="30" branch="False" />
            <line number="546" hits="30" branch="False" />
            <line number="549" hits="10" branch="False" />
            <line number="550" hits="10" branch="False" />
            <line number="551" hits="10" branch="False" />
            <line number="552" hits="10" branch="False" />
            <line number="554" hits="10" branch="False" />
            <line number="567" hits="10" branch="False" />
            <line number="568" hits="10" branch="False" />
            <line number="570" hits="10" branch="False" />
            <line number="571" hits="10" branch="False" />
            <line number="575" hits="10" branch="True" condition-coverage="100% (2/2)">
              <conditions>
                <condition number="181" type="jump" coverage="100%" />
              </conditions>
            </line>
            <line number="576" hits="1" branch="False" />
            <line number="577" hits="9" branch="True" condition-coverage="100% (2/2)">
              <conditions>
                <condition number="208" type="jump" coverage="100%" />
              </conditions>
            </line>
            <line number="578" hits="4" branch="False" />
            <line number="579" hits="5" branch="True" condition-coverage="100% (2/2)">
              <conditions>
                <condition number="234" type="jump" coverage="100%" />
              </conditions>
            </line>
            <line number="580" hits="4" branch="False" />
            <line number="582" hits="1" branch="False" />
            <line number="584" hits="10" branch="True" condition-coverage="100% (10/10)">
              <conditions>
                <condition number="295" type="jump" coverage="100%" />
                <condition number="351" type="jump" coverage="100%" />
                <condition number="363" type="jump" coverage="100%" />
                <condition number="386" type="jump" coverage="100%" />
                <condition number="398" type="jump" coverage="100%" />
              </conditions>
            </line>
            <line number="585" hits="10" branch="False" />
            <line number="586" hits="10" branch="False" />
            <line number="587" hits="10" branch="False" />
            <line number="588" hits="10" branch="False" />
            <line number="589" hits="10" branch="False" />
            <line number="590" hits="10" branch="False" />
            <line number="591" hits="10" branch="False" />
            <line number="592" hits="10" branch="False" />
            <line number="593" hits="10" branch="False" />
            <line number="594" hits="10" branch="False" />
            <line number="595" hits="10" branch="False" />
            <line number="596" hits="10" branch="False" />
            <line number="597" hits="10" branch="False" />
            <line number="598" hits="10" branch="False" />
            <line number="599" hits="10" branch="False" />
            <line number="600" hits="10" branch="False" />
            <line number="601" hits="10" branch="False" />
            <line number="602" hits="10" branch="False" />
            <line number="603" hits="10" branch="False" />
            <line number="604" hits="10" branch="False" />
            <line number="605" hits="10" branch="False" />
            <line number="606" hits="10" branch="False" />
            <line number="607" hits="10" branch="False" />
            <line number="608" hits="10" branch="False" />
            <line number="609" hits="10" branch="False" />
            <line number="610" hits="10" branch="False" />
            <line number="611" hits="10" branch="False" />
            <line number="612" hits="10" branch="False" />
            <line number="613" hits="10" branch="False" />
            <line number="614" hits="10" branch="False" />
            <line number="615" hits="10" branch="False" />
            <line number="618" hits="6" branch="False" />
            <line number="619" hits="6" branch="True" condition-coverage="100% (12/12)">
              <conditions>
                <condition number="40" type="jump" coverage="100%" />
                <condition number="52" type="jump" coverage="100%" />
                <condition number="99" type="jump" coverage="100%" />
                <condition number="154" type="jump" coverage="100%" />
                <condition number="166" type="jump" coverage="100%" />
                <condition number="253" type="jump" coverage="100%" />
              </conditions>
            </line>
            <line number="620" hits="6" branch="False" />
            <line number="621" hits="6" branch="False" />
            <line number="622" hits="6" branch="False" />
            <line number="623" hits="6" branch="False" />
            <line number="624" hits="6" branch="False" />
            <line number="625" hits="6" branch="False" />
            <line number="626" hits="6" branch="False" />
            <line number="627" hits="6" branch="False" />
            <line number="628" hits="6" branch="False" />
            <line number="629" hits="6" branch="False" />
            <line number="630" hits="6" branch="False" />
            <line number="631" hits="6" branch="False" />
            <line number="632" hits="6" branch="False" />
            <line number="633" hits="6" branch="False" />
            <line number="634" hits="6" branch="False" />
            <line number="635" hits="6" branch="False" />
            <line number="636" hits="6" branch="False" />
            <line number="637" hits="6" branch="False" />
            <line number="638" hits="6" branch="False" />
            <line number="639" hits="6" branch="False" />
            <line number="640" hits="6" branch="False" />
            <line number="641" hits="6" branch="False" />
            <line number="642" hits="6" branch="False" />
            <line number="643" hits="6" branch="False" />
            <line number="644" hits="6" branch="False" />
            <line number="645" hits="6" branch="False" />
            <line number="646" hits="6" branch="False" />
            <line number="648" hits="3" branch="False" />
            <line number="649" hits="3" branch="True" condition-coverage="50% (2/4)">
              <conditions>
                <condition number="7" type="jump" coverage="50%" />
                <condition number="32" type="jump" coverage="50%" />
              </conditions>
            </line>
            <line number="650" hits="0" branch="False" />
            <line number="652" hits="3" branch="True" condition-coverage="75% (3/4)">
              <conditions>
                <condition number="47" type="jump" coverage="50%" />
                <condition number="59" type="jump" coverage="100%" />
              </conditions>
            </line>
            <line number="653" hits="1" branch="False" />
            <line number="654" hits="2" branch="False" />
            <line number="15" hits="42" branch="False" />
            <line number="16" hits="42" branch="False" />
            <line number="17" hits="42" branch="False" />
            <line number="18" hits="42" branch="False" />
            <line number="19" hits="42" branch="False" />
            <line number="20" hits="42" branch="False" />
            <line number="21" hits="42" branch="False" />
            <line number="22" hits="42" branch="False" />
            <line number="23" hits="42" branch="False" />
            <line number="24" hits="42" branch="False" />
            <line number="25" hits="42" branch="False" />
          </lines>
        </class>
        <class name="Clinica.API.Services.Imp.HistorialClinicoService" filename="Clinica.API\Services\Imp\HistorialClinicoService.cs" line-rate="1" branch-rate="1" complexity="7">
          <methods>
            <method name="MapearHistorial" signature="(Clinica.Domain.Entities.HistorialClinico,System.Collections.Generic.IEnumerable`1&lt;Clinica.Domain.Entities.HistorialDetalle&gt;)" line-rate="1" branch-rate="1" complexity="6">
              <lines>
                <line number="40" hits="9" branch="False" />
                <line number="41" hits="9" branch="True" condition-coverage="100% (6/6)">
                  <conditions>
                    <condition number="52" type="jump" coverage="100%" />
                    <condition number="107" type="jump" coverage="100%" />
                    <condition number="119" type="jump" coverage="100%" />
                  </conditions>
                </line>
                <line number="42" hits="9" branch="False" />
                <line number="43" hits="9" branch="False" />
                <line number="44" hits="9" branch="False" />
                <line number="45" hits="9" branch="False" />
                <line number="46" hits="9" branch="False" />
                <line number="47" hits="9" branch="False" />
                <line number="48" hits="9" branch="False" />
                <line number="49" hits="9" branch="False" />
                <line number="50" hits="9" branch="False" />
                <line number="51" hits="9" branch="False" />
                <line number="52" hits="9" branch="False" />
                <line number="53" hits="9" branch="False" />
                <line number="54" hits="9" branch="False" />
                <line number="55" hits="9" branch="False" />
                <line number="56" hits="9" branch="False" />
                <line number="57" hits="9" branch="False" />
                <line number="58" hits="9" branch="False" />
                <line number="59" hits="9" branch="False" />
                <line number="60" hits="9" branch="False" />
                <line number="61" hits="9" branch="False" />
                <line number="62" hits="9" branch="False" />
                <line number="63" hits="9" branch="False" />
                <line number="64" hits="9" branch="False" />
                <line number="65" hits="9" branch="False" />
                <line number="66" hits="9" branch="False" />
                <line number="67" hits="9" branch="False" />
                <line number="68" hits="9" branch="False" />
              </lines>
            </method>
            <method name=".ctor" signature="(Clinica.Domain.Interfaces.IHistorialClinicoRepository,Clinica.Domain.Interfaces.IHistorialDetalleRepository)" line-rate="1" branch-rate="1" complexity="1">
              <lines>
                <line number="11" hits="11" branch="False" />
                <line number="12" hits="11" branch="False" />
                <line number="13" hits="11" branch="False" />
                <line number="14" hits="11" branch="False" />
                <line number="15" hits="11" branch="False" />
                <line number="16" hits="11" branch="False" />
                <line number="17" hits="11" branch="False" />
              </lines>
            </method>
          </methods>
          <lines>
            <line number="40" hits="9" branch="False" />
            <line number="41" hits="9" branch="True" condition-coverage="100% (6/6)">
              <conditions>
                <condition number="52" type="jump" coverage="100%" />
                <condition number="107" type="jump" coverage="100%" />
                <condition number="119" type="jump" coverage="100%" />
              </conditions>
            </line>
            <line number="42" hits="9" branch="False" />
            <line number="43" hits="9" branch="False" />
            <line number="44" hits="9" branch="False" />
            <line number="45" hits="9" branch="False" />
            <line number="46" hits="9" branch="False" />
            <line number="47" hits="9" branch="False" />
            <line number="48" hits="9" branch="False" />
            <line number="49" hits="9" branch="False" />
            <line number="50" hits="9" branch="False" />
            <line number="51" hits="9" branch="False" />
            <line number="52" hits="9" branch="False" />
            <line number="53" hits="9" branch="False" />
            <line number="54" hits="9" branch="False" />
            <line number="55" hits="9" branch="False" />
            <line number="56" hits="9" branch="False" />
            <line number="57" hits="9" branch="False" />
            <line number="58" hits="9" branch="False" />
            <line number="59" hits="9" branch="False" />
            <line number="60" hits="9" branch="False" />
            <line number="61" hits="9" branch="False" />
            <line number="62" hits="9" branch="False" />
            <line number="63" hits="9" branch="False" />
            <line number="64" hits="9" branch="False" />
            <line number="65" hits="9" branch="False" />
            <line number="66" hits="9" branch="False" />
            <line number="67" hits="9" branch="False" />
            <line number="68" hits="9" branch="False" />
            <line number="11" hits="11" branch="False" />
            <line number="12" hits="11" branch="False" />
            <line number="13" hits="11" branch="False" />
            <line number="14" hits="11" branch="False" />
            <line number="15" hits="11" branch="False" />
            <line number="16" hits="11" branch="False" />
            <line number="17" hits="11" branch="False" />
          </lines>
        </class>
        <class name="Clinica.API.Services.Imp.HorarioDoctorService" filename="Clinica.API\Services\Imp\HorarioDoctorService.cs" line-rate="1" branch-rate="1" complexity="3">
          <methods>
            <method name="MapearHorario" signature="(Clinica.Domain.Entities.HorarioDoctor)" line-rate="1" branch-rate="1" complexity="2">
              <lines>
                <line number="180" hits="4" branch="False" />
                <line number="181" hits="4" branch="True" condition-coverage="100% (2/2)">
                  <conditions>
                    <condition number="39" type="jump" coverage="100%" />
                  </conditions>
                </line>
                <line number="182" hits="4" branch="False" />
                <line number="183" hits="4" branch="False" />
                <line number="184" hits="4" branch="False" />
                <line number="185" hits="4" branch="False" />
                <line number="186" hits="4" branch="False" />
                <line number="187" hits="4" branch="False" />
                <line number="188" hits="4" branch="False" />
                <line number="189" hits="4" branch="False" />
                <line number="190" hits="4" branch="False" />
                <line number="191" hits="4" branch="False" />
                <line number="192" hits="4" branch="False" />
                <line number="193" hits="4" branch="False" />
              </lines>
            </method>
            <method name=".ctor" signature="(Clinica.Domain.Interfaces.IHorarioDoctorRepository,Clinica.Domain.Interfaces.IDoctorRepository,Clinica.Domain.Interfaces.ICitaRepository)" line-rate="1" branch-rate="1" complexity="1">
              <lines>
                <line number="13" hits="14" branch="False" />
                <line number="14" hits="14" branch="False" />
                <line number="15" hits="14" branch="False" />
                <line number="16" hits="14" branch="False" />
                <line number="17" hits="14" branch="False" />
                <line number="18" hits="14" branch="False" />
                <line number="19" hits="14" branch="False" />
                <line number="20" hits="14" branch="False" />
                <line number="21" hits="14" branch="False" />
              </lines>
            </method>
          </methods>
          <lines>
            <line number="180" hits="4" branch="False" />
            <line number="181" hits="4" branch="True" condition-coverage="100% (2/2)">
              <conditions>
                <condition number="39" type="jump" coverage="100%" />
              </conditions>
            </line>
            <line number="182" hits="4" branch="False" />
            <line number="183" hits="4" branch="False" />
            <line number="184" hits="4" branch="False" />
            <line number="185" hits="4" branch="False" />
            <line number="186" hits="4" branch="False" />
            <line number="187" hits="4" branch="False" />
            <line number="188" hits="4" branch="False" />
            <line number="189" hits="4" branch="False" />
            <line number="190" hits="4" branch="False" />
            <line number="191" hits="4" branch="False" />
            <line number="192" hits="4" branch="False" />
            <line number="193" hits="4" branch="False" />
            <line number="13" hits="14" branch="False" />
            <line number="14" hits="14" branch="False" />
            <line number="15" hits="14" branch="False" />
            <line number="16" hits="14" branch="False" />
            <line number="17" hits="14" branch="False" />
            <line number="18" hits="14" branch="False" />
            <line number="19" hits="14" branch="False" />
            <line number="20" hits="14" branch="False" />
            <line number="21" hits="14" branch="False" />
          </lines>
        </class>
        <class name="Clinica.API.Services.Imp.PacienteService" filename="Clinica.API\Services\Imp\PacienteService.cs" line-rate="1" branch-rate="1" complexity="6">
          <methods>
            <method name="MapearPaciente" signature="(Clinica.Domain.Entities.Paciente)" line-rate="1" branch-rate="1" complexity="2">
              <lines>
                <line number="134" hits="4" branch="False" />
                <line number="135" hits="4" branch="True" condition-coverage="100% (2/2)">
                  <conditions>
                    <condition number="170" type="jump" coverage="100%" />
                  </conditions>
                </line>
                <line number="136" hits="4" branch="False" />
                <line number="137" hits="4" branch="False" />
                <line number="138" hits="4" branch="False" />
                <line number="139" hits="4" branch="False" />
                <line number="140" hits="4" branch="False" />
                <line number="141" hits="4" branch="False" />
                <line number="142" hits="4" branch="False" />
                <line number="143" hits="4" branch="False" />
                <line number="144" hits="4" branch="False" />
                <line number="145" hits="4" branch="False" />
                <line number="146" hits="4" branch="False" />
                <line number="147" hits="4" branch="False" />
                <line number="148" hits="4" branch="False" />
                <line number="149" hits="4" branch="False" />
                <line number="150" hits="4" branch="False" />
                <line number="151" hits="4" branch="False" />
              </lines>
            </method>
            <method name="GenerarCodigoPaciente" signature="(System.String)" line-rate="1" branch-rate="1" complexity="1">
              <lines>
                <line number="168" hits="1" branch="False" />
                <line number="169" hits="1" branch="False" />
                <line number="170" hits="1" branch="False" />
              </lines>
            </method>
            <method name="GenerarCodigoHistorial" signature="(System.String)" line-rate="1" branch-rate="1" complexity="1">
              <lines>
                <line number="173" hits="1" branch="False" />
                <line number="174" hits="1" branch="False" />
                <line number="175" hits="1" branch="False" />
              </lines>
            </method>
            <method name="GenerarCodigoDetalle" signature="(System.String,System.String)" line-rate="1" branch-rate="1" complexity="1">
              <lines>
                <line number="178" hits="1" branch="False" />
                <line number="179" hits="1" branch="False" />
                <line number="180" hits="1" branch="False" />
              </lines>
            </method>
            <method name=".ctor" signature="(Clinica.Domain.Interfaces.IPacienteRepository,Clinica.Domain.Interfaces.IHistorialClinicoRepository,Clinica.Domain.Interfaces.IHistorialDetalleRepository,Clinica.Domain.Interfaces.IUsuarioActualService)" line-rate="1" branch-rate="1" complexity="1">
              <lines>
                <line number="16" hits="15" branch="False" />
                <line number="17" hits="15" branch="False" />
                <line number="18" hits="15" branch="False" />
                <line number="19" hits="15" branch="False" />
                <line number="20" hits="15" branch="False" />
                <line number="21" hits="15" branch="False" />
                <line number="22" hits="15" branch="False" />
                <line number="23" hits="15" branch="False" />
                <line number="24" hits="15" branch="False" />
                <line number="25" hits="15" branch="False" />
                <line number="26" hits="15" branch="False" />
              </lines>
            </method>
          </methods>
          <lines>
            <line number="134" hits="4" branch="False" />
            <line number="135" hits="4" branch="True" condition-coverage="100% (2/2)">
              <conditions>
                <condition number="170" type="jump" coverage="100%" />
              </conditions>
            </line>
            <line number="136" hits="4" branch="False" />
            <line number="137" hits="4" branch="False" />
            <line number="138" hits="4" branch="False" />
            <line number="139" hits="4" branch="False" />
            <line number="140" hits="4" branch="False" />
            <line number="141" hits="4" branch="False" />
            <line number="142" hits="4" branch="False" />
            <line number="143" hits="4" branch="False" />
            <line number="144" hits="4" branch="False" />
            <line number="145" hits="4" branch="False" />
            <line number="146" hits="4" branch="False" />
            <line number="147" hits="4" branch="False" />
            <line number="148" hits="4" branch="False" />
            <line number="149" hits="4" branch="False" />
            <line number="150" hits="4" branch="False" />
            <line number="151" hits="4" branch="False" />
            <line number="168" hits="1" branch="False" />
            <line number="169" hits="1" branch="False" />
            <line number="170" hits="1" branch="False" />
            <line number="173" hits="1" branch="False" />
            <line number="174" hits="1" branch="False" />
            <line number="175" hits="1" branch="False" />
            <line number="178" hits="1" branch="False" />
            <line number="179" hits="1" branch="False" />
            <line number="180" hits="1" branch="False" />
            <line number="16" hits="15" branch="False" />
            <line number="17" hits="15" branch="False" />
            <line number="18" hits="15" branch="False" />
            <line number="19" hits="15" branch="False" />
            <line number="20" hits="15" branch="False" />
            <line number="21" hits="15" branch="False" />
            <line number="22" hits="15" branch="False" />
            <line number="23" hits="15" branch="False" />
            <line number="24" hits="15" branch="False" />
            <line number="25" hits="15" branch="False" />
            <line number="26" hits="15" branch="False" />
          </lines>
        </class>
        <class name="Clinica.API.Services.Imp.PagoService" filename="Clinica.API\Services\Imp\PagoService.cs" line-rate="1" branch-rate="1" complexity="8">
          <methods>
            <method name="MapearPago" signature="(Clinica.Domain.Entities.Pago)" line-rate="1" branch-rate="1" complexity="6">
              <lines>
                <line number="146" hits="5" branch="False" />
                <line number="147" hits="5" branch="True" condition-coverage="100% (6/6)">
                  <conditions>
                    <condition number="52" type="jump" coverage="100%" />
                    <condition number="120" type="jump" coverage="100%" />
                    <condition number="132" type="jump" coverage="100%" />
                  </conditions>
                </line>
                <line number="148" hits="5" branch="False" />
                <line number="149" hits="5" branch="False" />
                <line number="150" hits="5" branch="False" />
                <line number="151" hits="5" branch="False" />
                <line number="152" hits="5" branch="False" />
                <line number="153" hits="5" branch="False" />
                <line number="154" hits="5" branch="False" />
                <line number="155" hits="5" branch="False" />
                <line number="156" hits="5" branch="False" />
                <line number="157" hits="5" branch="False" />
                <line number="158" hits="5" branch="False" />
                <line number="159" hits="5" branch="False" />
                <line number="160" hits="5" branch="False" />
                <line number="161" hits="5" branch="False" />
                <line number="162" hits="5" branch="False" />
                <line number="163" hits="5" branch="False" />
                <line number="164" hits="5" branch="False" />
                <line number="165" hits="5" branch="False" />
                <line number="166" hits="5" branch="False" />
              </lines>
            </method>
            <method name="GenerarCodigo" signature="(System.String,System.String)" line-rate="1" branch-rate="1" complexity="1">
              <lines>
                <line number="169" hits="6" branch="False" />
                <line number="170" hits="6" branch="False" />
                <line number="171" hits="6" branch="False" />
              </lines>
            </method>
            <method name=".ctor" signature="(Clinica.Domain.Interfaces.IPagoRepository,Clinica.Domain.Interfaces.IPacienteRepository,Clinica.Domain.Interfaces.IServicioClinicoRepository,Clinica.Domain.Interfaces.IAtencionRepository,Clinica.Domain.Interfaces.IHistorialClinicoRepository,Clinica.Domain.Interfaces.IHistorialDetalleRepository,Clinica.Domain.Interfaces.IUsuarioActualService)" line-rate="1" branch-rate="1" complexity="1">
              <lines>
                <line number="18" hits="18" branch="False" />
                <line number="19" hits="18" branch="False" />
                <line number="20" hits="18" branch="False" />
                <line number="21" hits="18" branch="False" />
                <line number="22" hits="18" branch="False" />
                <line number="23" hits="18" branch="False" />
                <line number="24" hits="18" branch="False" />
                <line number="25" hits="18" branch="False" />
                <line number="26" hits="18" branch="False" />
                <line number="27" hits="18" branch="False" />
                <line number="28" hits="18" branch="False" />
                <line number="29" hits="18" branch="False" />
                <line number="30" hits="18" branch="False" />
                <line number="31" hits="18" branch="False" />
                <line number="32" hits="18" branch="False" />
                <line number="33" hits="18" branch="False" />
                <line number="34" hits="18" branch="False" />
              </lines>
            </method>
          </methods>
          <lines>
            <line number="146" hits="5" branch="False" />
            <line number="147" hits="5" branch="True" condition-coverage="100% (6/6)">
              <conditions>
                <condition number="52" type="jump" coverage="100%" />
                <condition number="120" type="jump" coverage="100%" />
                <condition number="132" type="jump" coverage="100%" />
              </conditions>
            </line>
            <line number="148" hits="5" branch="False" />
            <line number="149" hits="5" branch="False" />
            <line number="150" hits="5" branch="False" />
            <line number="151" hits="5" branch="False" />
            <line number="152" hits="5" branch="False" />
            <line number="153" hits="5" branch="False" />
            <line number="154" hits="5" branch="False" />
            <line number="155" hits="5" branch="False" />
            <line number="156" hits="5" branch="False" />
            <line number="157" hits="5" branch="False" />
            <line number="158" hits="5" branch="False" />
            <line number="159" hits="5" branch="False" />
            <line number="160" hits="5" branch="False" />
            <line number="161" hits="5" branch="False" />
            <line number="162" hits="5" branch="False" />
            <line number="163" hits="5" branch="False" />
            <line number="164" hits="5" branch="False" />
            <line number="165" hits="5" branch="False" />
            <line number="166" hits="5" branch="False" />
            <line number="169" hits="6" branch="False" />
            <line number="170" hits="6" branch="False" />
            <line number="171" hits="6" branch="False" />
            <line number="18" hits="18" branch="False" />
            <line number="19" hits="18" branch="False" />
            <line number="20" hits="18" branch="False" />
            <line number="21" hits="18" branch="False" />
            <line number="22" hits="18" branch="False" />
            <line number="23" hits="18" branch="False" />
            <line number="24" hits="18" branch="False" />
            <line number="25" hits="18" branch="False" />
            <line number="26" hits="18" branch="False" />
            <line number="27" hits="18" branch="False" />
            <line number="28" hits="18" branch="False" />
            <line number="29" hits="18" branch="False" />
            <line number="30" hits="18" branch="False" />
            <line number="31" hits="18" branch="False" />
            <line number="32" hits="18" branch="False" />
            <line number="33" hits="18" branch="False" />
            <line number="34" hits="18" branch="False" />
          </lines>
        </class>
        <class name="Clinica.API.Services.Imp.PermisoService" filename="Clinica.API\Services\Imp\PermisoService.cs" line-rate="1" branch-rate="1" complexity="1">
          <methods>
            <method name=".ctor" signature="(Clinica.Domain.Interfaces.IPermisoRepository)" line-rate="1" branch-rate="1" complexity="1">
              <lines>
                <line number="10" hits="2" branch="False" />
                <line number="11" hits="2" branch="False" />
                <line number="12" hits="2" branch="False" />
                <line number="13" hits="2" branch="False" />
              </lines>
            </method>
          </methods>
          <lines>
            <line number="10" hits="2" branch="False" />
            <line number="11" hits="2" branch="False" />
            <line number="12" hits="2" branch="False" />
            <line number="13" hits="2" branch="False" />
          </lines>
        </class>
        <class name="Clinica.API.Services.Imp.RolService" filename="Clinica.API\Services\Imp\RolService.cs" line-rate="1" branch-rate="1" complexity="1">
          <methods>
            <method name=".ctor" signature="(Clinica.Domain.Interfaces.IRolRepository,Clinica.Domain.Interfaces.IPermisoRepository)" line-rate="1" branch-rate="1" complexity="1">
              <lines>
                <line number="12" hits="12" branch="False" />
                <line number="13" hits="12" branch="False" />
                <line number="14" hits="12" branch="False" />
                <line number="15" hits="12" branch="False" />
                <line number="16" hits="12" branch="False" />
              </lines>
            </method>
          </methods>
          <lines>
            <line number="12" hits="12" branch="False" />
            <line number="13" hits="12" branch="False" />
            <line number="14" hits="12" branch="False" />
            <line number="15" hits="12" branch="False" />
            <line number="16" hits="12" branch="False" />
          </lines>
        </class>
        <class name="Clinica.API.Services.Imp.ServicioClinicoService" filename="Clinica.API\Services\Imp\ServicioClinicoService.cs" line-rate="1" branch-rate="1" complexity="2">
          <methods>
            <method name="MapearServicio" signature="(Clinica.Domain.Entities.ServicioClinico)" line-rate="1" branch-rate="1" complexity="1">
              <lines>
                <line number="38" hits="4" branch="False" />
                <line number="39" hits="4" branch="False" />
                <line number="40" hits="4" branch="False" />
                <line number="41" hits="4" branch="False" />
                <line number="42" hits="4" branch="False" />
                <line number="43" hits="4" branch="False" />
                <line number="44" hits="4" branch="False" />
                <line number="45" hits="4" branch="False" />
                <line number="46" hits="4" branch="False" />
                <line number="47" hits="4" branch="False" />
                <line number="48" hits="4" branch="False" />
                <line number="49" hits="4" branch="False" />
                <line number="50" hits="4" branch="False" />
                <line number="51" hits="4" branch="False" />
              </lines>
            </method>
            <method name=".ctor" signature="(Clinica.Domain.Interfaces.IServicioClinicoRepository)" line-rate="1" branch-rate="1" complexity="1">
              <lines>
                <line number="10" hits="6" branch="False" />
                <line number="11" hits="6" branch="False" />
                <line number="12" hits="6" branch="False" />
                <line number="13" hits="6" branch="False" />
              </lines>
            </method>
          </methods>
          <lines>
            <line number="38" hits="4" branch="False" />
            <line number="39" hits="4" branch="False" />
            <line number="40" hits="4" branch="False" />
            <line number="41" hits="4" branch="False" />
            <line number="42" hits="4" branch="False" />
            <line number="43" hits="4" branch="False" />
            <line number="44" hits="4" branch="False" />
            <line number="45" hits="4" branch="False" />
            <line number="46" hits="4" branch="False" />
            <line number="47" hits="4" branch="False" />
            <line number="48" hits="4" branch="False" />
            <line number="49" hits="4" branch="False" />
            <line number="50" hits="4" branch="False" />
            <line number="51" hits="4" branch="False" />
            <line number="10" hits="6" branch="False" />
            <line number="11" hits="6" branch="False" />
            <line number="12" hits="6" branch="False" />
            <line number="13" hits="6" branch="False" />
          </lines>
        </class>
        <class name="Clinica.API.Services.Imp.UsuarioActualService" filename="Clinica.API\Services\Imp\UsuarioActualService.cs" line-rate="1" branch-rate="0.9615" complexity="27">
          <methods>
            <method name="ObtenerUsuarioId" signature="()" line-rate="1" branch-rate="1" complexity="2">
              <lines>
                <line number="16" hits="2" branch="False" />
                <line number="17" hits="2" branch="False" />
                <line number="19" hits="2" branch="True" condition-coverage="100% (2/2)">
                  <conditions>
                    <condition number="20" type="jump" coverage="100%" />
                  </conditions>
                </line>
                <line number="20" hits="1" branch="False" />
                <line number="22" hits="1" branch="False" />
                <line number="23" hits="1" branch="False" />
              </lines>
            </method>
            <method name="ObtenerUsuarioIdOpcional" signature="()" line-rate="1" branch-rate="0.9582999999999999" complexity="24">
              <lines>
                <line number="26" hits="11" branch="False" />
                <line number="27" hits="11" branch="True" condition-coverage="100% (2/2)">
                  <conditions>
                    <condition number="13" type="jump" coverage="100%" />
                  </conditions>
                </line>
                <line number="29" hits="11" branch="True" condition-coverage="100% (6/6)">
                  <conditions>
                    <condition number="26" type="jump" coverage="100%" />
                    <condition number="35" type="jump" coverage="100%" />
                    <condition number="54" type="jump" coverage="100%" />
                  </conditions>
                </line>
                <line number="30" hits="4" branch="False" />
                <line number="32" hits="7" branch="True" condition-coverage="92.85% (13/14)">
                  <conditions>
                    <condition number="85" type="jump" coverage="100%" />
                    <condition number="97" type="jump" coverage="100%" />
                    <condition number="112" type="jump" coverage="100%" />
                    <condition number="124" type="jump" coverage="100%" />
                    <condition number="139" type="jump" coverage="100%" />
                    <condition number="151" type="jump" coverage="100%" />
                    <condition number="166" type="jump" coverage="50%" />
                  </conditions>
                </line>
                <line number="33" hits="7" branch="False" />
                <line number="34" hits="7" branch="False" />
                <line number="35" hits="7" branch="False" />
                <line number="36" hits="7" branch="False" />
                <line number="38" hits="7" branch="True" condition-coverage="100% (2/2)">
                  <conditions>
                    <condition number="190" type="jump" coverage="100%" />
                  </conditions>
                </line>
                <line number="39" hits="5" branch="False" />
                <line number="41" hits="2" branch="False" />
                <line number="42" hits="11" branch="False" />
              </lines>
            </method>
            <method name=".ctor" signature="(Microsoft.AspNetCore.Http.IHttpContextAccessor)" line-rate="1" branch-rate="1" complexity="1">
              <lines>
                <line number="10" hits="11" branch="False" />
                <line number="11" hits="11" branch="False" />
                <line number="12" hits="11" branch="False" />
                <line number="13" hits="11" branch="False" />
              </lines>
            </method>
          </methods>
          <lines>
            <line number="16" hits="2" branch="False" />
            <line number="17" hits="2" branch="False" />
            <line number="19" hits="2" branch="True" condition-coverage="100% (2/2)">
              <conditions>
                <condition number="20" type="jump" coverage="100%" />
              </conditions>
            </line>
            <line number="20" hits="1" branch="False" />
            <line number="22" hits="1" branch="False" />
            <line number="23" hits="1" branch="False" />
            <line number="26" hits="11" branch="False" />
            <line number="27" hits="11" branch="True" condition-coverage="100% (2/2)">
              <conditions>
                <condition number="13" type="jump" coverage="100%" />
              </conditions>
            </line>
            <line number="29" hits="11" branch="True" condition-coverage="100% (6/6)">
              <conditions>
                <condition number="26" type="jump" coverage="100%" />
                <condition number="35" type="jump" coverage="100%" />
                <condition number="54" type="jump" coverage="100%" />
              </conditions>
            </line>
            <line number="30" hits="4" branch="False" />
            <line number="32" hits="7" branch="True" condition-coverage="92.85% (13/14)">
              <conditions>
                <condition number="85" type="jump" coverage="100%" />
                <condition number="97" type="jump" coverage="100%" />
                <condition number="112" type="jump" coverage="100%" />
                <condition number="124" type="jump" coverage="100%" />
                <condition number="139" type="jump" coverage="100%" />
                <condition number="151" type="jump" coverage="100%" />
                <condition number="166" type="jump" coverage="50%" />
              </conditions>
            </line>
            <line number="33" hits="7" branch="False" />
            <line number="34" hits="7" branch="False" />
            <line number="35" hits="7" branch="False" />
            <line number="36" hits="7" branch="False" />
            <line number="38" hits="7" branch="True" condition-coverage="100% (2/2)">
              <conditions>
                <condition number="190" type="jump" coverage="100%" />
              </conditions>
            </line>
            <line number="39" hits="5" branch="False" />
            <line number="41" hits="2" branch="False" />
            <line number="42" hits="11" branch="False" />
            <line number="10" hits="11" branch="False" />
            <line number="11" hits="11" branch="False" />
            <line number="12" hits="11" branch="False" />
            <line number="13" hits="11" branch="False" />
          </lines>
        </class>
        <class name="Clinica.API.Services.Imp.UsuarioService" filename="Clinica.API\Services\Imp\UsuarioService.cs" line-rate="1" branch-rate="1" complexity="2">
          <methods>
            <method name="GenerarCodigoUsuario" signature="()" line-rate="1" branch-rate="1" complexity="1">
              <lines>
                <line number="144" hits="1" branch="False" />
                <line number="145" hits="1" branch="False" />
                <line number="146" hits="1" branch="False" />
              </lines>
            </method>
            <method name=".ctor" signature="(Clinica.Domain.Interfaces.IUsuarioRepository,Clinica.Domain.Interfaces.IRolRepository)" line-rate="1" branch-rate="1" complexity="1">
              <lines>
                <line number="13" hits="17" branch="False" />
                <line number="14" hits="17" branch="False" />
                <line number="15" hits="17" branch="False" />
                <line number="16" hits="17" branch="False" />
                <line number="17" hits="17" branch="False" />
              </lines>
            </method>
          </methods>
          <lines>
            <line number="144" hits="1" branch="False" />
            <line number="145" hits="1" branch="False" />
            <line number="146" hits="1" branch="False" />
            <line number="13" hits="17" branch="False" />
            <line number="14" hits="17" branch="False" />
            <line number="15" hits="17" branch="False" />
            <line number="16" hits="17" branch="False" />
            <line number="17" hits="17" branch="False" />
          </lines>
        </class>
        <class name="Clinica.API.Services.Background.RecordatorioCitasBackgroundService" filename="Clinica.API\Services\Background\RecordatorioCitasBackgroundService.cs" line-rate="1" branch-rate="1" complexity="2">
          <methods>
            <method name="ConstruirMensaje" signature="(Clinica.Domain.Entities.Cita)" line-rate="1" branch-rate="1" complexity="1">
              <lines>
                <line number="148" hits="2" branch="False" />
                <line number="149" hits="2" branch="False" />
                <line number="150" hits="2" branch="False" />
                <line number="152" hits="2" branch="False" />
                <line number="154" hits="2" branch="False" />
                <line number="156" hits="2" branch="False" />
                <line number="157" hits="2" branch="False" />
                <line number="159" hits="2" branch="False" />
                <line number="160" hits="2" branch="False" />
                <line number="161" hits="2" branch="False" />
                <line number="162" hits="2" branch="False" />
                <line number="163" hits="2" branch="False" />
                <line number="164" hits="2" branch="False" />
                <line number="165" hits="2" branch="False" />
                <line number="166" hits="2" branch="False" />
                <line number="167" hits="2" branch="False" />
                <line number="168" hits="2" branch="False" />
                <line number="169" hits="2" branch="False" />
              </lines>
            </method>
            <method name=".ctor" signature="(Microsoft.Extensions.DependencyInjection.IServiceScopeFactory,Microsoft.Extensions.Options.IOptions`1&lt;Clinica.API.Configurations.WhatsAppOptions&gt;,Microsoft.Extensions.Logging.ILogger`1&lt;Clinica.API.Services.Background.RecordatorioCitasBackgroundService&gt;)" line-rate="1" branch-rate="1" complexity="1">
              <lines>
                <line number="16" hits="5" branch="False" />
                <line number="17" hits="5" branch="False" />
                <line number="18" hits="5" branch="False" />
                <line number="19" hits="5" branch="False" />
                <line number="20" hits="5" branch="False" />
                <line number="21" hits="5" branch="False" />
                <line number="22" hits="5" branch="False" />
                <line number="23" hits="5" branch="False" />
                <line number="24" hits="5" branch="False" />
              </lines>
            </method>
          </methods>
          <lines>
            <line number="148" hits="2" branch="False" />
            <line number="149" hits="2" branch="False" />
            <line number="150" hits="2" branch="False" />
            <line number="152" hits="2" branch="False" />
            <line number="154" hits="2" branch="False" />
            <line number="156" hits="2" branch="False" />
            <line number="157" hits="2" branch="False" />
            <line number="159" hits="2" branch="False" />
            <line number="160" hits="2" branch="False" />
            <line number="161" hits="2" branch="False" />
            <line number="162" hits="2" branch="False" />
            <line number="163" hits="2" branch="False" />
            <line number="164" hits="2" branch="False" />
            <line number="165" hits="2" branch="False" />
            <line number="166" hits="2" branch="False" />
            <line number="167" hits="2" branch="False" />
            <line number="168" hits="2" branch="False" />
            <line number="169" hits="2" branch="False" />
            <line number="16" hits="5" branch="False" />
            <line number="17" hits="5" branch="False" />
            <line number="18" hits="5" branch="False" />
            <line number="19" hits="5" branch="False" />
            <line number="20" hits="5" branch="False" />
            <line number="21" hits="5" branch="False" />
            <line number="22" hits="5" branch="False" />
            <line number="23" hits="5" branch="False" />
            <line number="24" hits="5" branch="False" />
          </lines>
        </class>
        <class name="Clinica.API.Models.ApiResponse`1" filename="Clinica.API\Models\ApiResponse.cs" line-rate="1" branch-rate="1" complexity="3">
          <methods>
            <method name="Ok" signature="(T,System.String,System.Int32)" line-rate="1" branch-rate="1" complexity="1">
              <lines>
                <line number="13" hits="69" branch="False" />
                <line number="14" hits="69" branch="False" />
                <line number="15" hits="69" branch="False" />
                <line number="16" hits="69" branch="False" />
                <line number="17" hits="69" branch="False" />
                <line number="18" hits="69" branch="False" />
                <line number="19" hits="69" branch="False" />
                <line number="20" hits="69" branch="False" />
                <line number="21" hits="69" branch="False" />
              </lines>
            </method>
[...]
          </lines>
        </class>
        <class name="Clinica.API.Controllers.CitasController" filename="Clinica.API\Controllers\CitasController.cs" line-rate="1" branch-rate="1" complexity="1">
          <methods>
            <method name=".ctor" signature="(Clinica.API.Services.ICitaService)" line-rate="1" branch-rate="1" complexity="1">
              <lines>
                <line number="16" hits="8" branch="False" />
                <line number="17" hits="8" branch="False" />
                <line number="18" hits="8" branch="False" />
                <line number="19" hits="8" branch="False" />
              </lines>
            </method>
          </methods>
          <lines>
            <line number="16" hits="8" branch="False" />
            <line number="17" hits="8" branch="False" />
            <line number="18" hits="8" branch="False" />
            <line number="19" hits="8" branch="False" />
          </lines>
        </class>
        <class name="Clinica.API.Controllers.DoctoresController" filename="Clinica.API\Controllers\DoctoresController.cs" line-rate="1" branch-rate="1" complexity="1">
          <methods>
            <method name=".ctor" signature="(Clinica.API.Services.IDoctorService)" line-rate="1" branch-rate="1" complexity="1">
              <lines>
                <line number="16" hits="6" branch="False" />
                <line number="17" hits="6" branch="False" />
                <line number="18" hits="6" branch="False" />
                <line number="19" hits="6" branch="False" />
              </lines>
            </method>
          </methods>
          <lines>
            <line number="16" hits="6" branch="False" />
            <line number="17" hits="6" branch="False" />
            <line number="18" hits="6" branch="False" />
            <line number="19" hits="6" branch="False" />
          </lines>
        </class>
        <class name="Clinica.API.Controllers.FinanzasController" filename="Clinica.API\Controllers\FinanzasController.cs" line-rate="1" branch-rate="1" complexity="1">
          <methods>
            <method name=".ctor" signature="(Clinica.Domain.Interfaces.IFinanzasService)" line-rate="1" branch-rate="1" complexity="1">
              <lines>
                <line number="18" hits="18" branch="False" />
                <line number="19" hits="18" branch="False" />
                <line number="20" hits="18" branch="False" />
                <line number="21" hits="18" branch="False" />
              </lines>
            </method>
          </methods>
          <lines>
            <line number="18" hits="18" branch="False" />
            <line number="19" hits="18" branch="False" />
            <line number="20" hits="18" branch="False" />
            <line number="21" hits="18" branch="False" />
          </lines>
        </class>
        <class name="Clinica.API.Controllers.HistorialesController" filename="Clinica.API\Controllers\HistorialesController.cs" line-rate="1" branch-rate="1" complexity="1">
          <methods>
            <method name=".ctor" signature="(Clinica.API.Services.IHistorialClinicoService)" line-rate="1" branch-rate="1" complexity="1">
              <lines>
                <line number="15" hits="6" branch="False" />
                <line number="16" hits="6" branch="False" />
                <line number="17" hits="6" branch="False" />
                <line number="18" hits="6" branch="False" />
              </lines>
            </method>
          </methods>
          <lines>
            <line number="15" hits="6" branch="False" />
            <line number="16" hits="6" branch="False" />
            <line number="17" hits="6" branch="False" />
            <line number="18" hits="6" branch="False" />
          </lines>
        </class>
        <class name="Clinica.API.Controllers.HorariosController" filename="Clinica.API\Controllers\HorariosController.cs" line-rate="1" branch-rate="1" complexity="1">
          <methods>
            <method name=".ctor" signature="(Clinica.API.Services.IHorarioDoctorService)" line-rate="1" branch-rate="1" complexity="1">
              <lines>
                <line number="16" hits="6" branch="False" />
                <line number="17" hits="6" branch="False" />
                <line number="18" hits="6" branch="False" />
                <line number="19" hits="6" branch="False" />
              </lines>
            </method>
          </methods>
          <lines>
            <line number="16" hits="6" branch="False" />
            <line number="17" hits="6" branch="False" />
            <line number="18" hits="6" branch="False" />
            <line number="19" hits="6" branch="False" />
          </lines>
        </class>
        <class name="Clinica.API.Controllers.PacientesController" filename="Clinica.API\Controllers\PacientesController.cs" line-rate="1" branch-rate="1" complexity="1">
          <methods>
            <method name=".ctor" signature="(Clinica.API.Services.IPacienteService)" line-rate="1" branch-rate="1" complexity="1">
              <lines>
                <line number="16" hits="8" branch="False" />
                <line number="17" hits="8" branch="False" />
                <line number="18" hits="8" branch="False" />
                <line number="19" hits="8" branch="False" />
              </lines>
            </method>
          </methods>
          <lines>
            <line number="16" hits="8" branch="False" />
            <line number="17" hits="8" branch="False" />
            <line number="18" hits="8" branch="False" />
            <line number="19" hits="8" branch="False" />
          </lines>
        </class>
        <class name="Clinica.API.Controllers.PagosController" filename="Clinica.API\Controllers\PagosController.cs" line-rate="1" branch-rate="1" complexity="1">
          <methods>
            <method name=".ctor" signature="(Clinica.API.Services.IPagoService)" line-rate="1" branch-rate="1" complexity="1">
              <lines>
                <line number="18" hits="5" branch="False" />
                <line number="19" hits="5" branch="False" />
                <line number="20" hits="5" branch="False" />
                <line number="21" hits="5" branch="False" />
              </lines>
            </method>
          </methods>
          <lines>
            <line number="18" hits="5" branch="False" />
            <line number="19" hits="5" branch="False" />
            <line number="20" hits="5" branch="False" />
            <line number="21" hits="5" branch="False" />
          </lines>
        </class>
        <class name="Clinica.API.Controllers.PermisosController" filename="Clinica.API\Controllers\PermisosController.cs" line-rate="1" branch-rate="1" complexity="1">
          <methods>
            <method name=".ctor" signature="(Clinica.API.Services.IPermisoService)" line-rate="1" branch-rate="1" complexity="1">
              <lines>
                <line number="15" hits="2" branch="False" />
                <line number="16" hits="2" branch="False" />
                <line number="17" hits="2" branch="False" />
                <line number="18" hits="2" branch="False" />
              </lines>
            </method>
          </methods>
          <lines>
            <line number="15" hits="2" branch="False" />
            <line number="16" hits="2" branch="False" />
            <line number="17" hits="2" branch="False" />
            <line number="18" hits="2" branch="False" />
          </lines>
        </class>
        <class name="Clinica.API.Controllers.RolesController" filename="Clinica.API\Controllers\RolesController.cs" line-rate="1" branch-rate="1" complexity="1">
          <methods>
            <method name=".ctor" signature="(Clinica.API.Services.IRolService)" line-rate="1" branch-rate="1" complexity="1">
              <lines>
                <line number="18" hits="6" branch="False" />
                <line number="19" hits="6" branch="False" />
                <line number="20" hits="6" branch="False" />
                <line number="21" hits="6" branch="False" />
              </lines>
            </method>
          </methods>
          <lines>
            <line number="18" hits="6" branch="False" />
            <line number="19" hits="6" branch="False" />
            <line number="20" hits="6" branch="False" />
            <line number="21" hits="6" branch="False" />
          </lines>
        </class>
        <class name="Clinica.API.Controllers.ServiciosClinicosController" filename="Clinica.API\Controllers\ServiciosClinicosController.cs" line-rate="1" branch-rate="1" complexity="1">
          <methods>
            <method name=".ctor" signature="(Clinica.API.Services.IServicioClinicoService)" line-rate="1" branch-rate="1" complexity="1">
              <lines>
                <line number="15" hits="5" branch="False" />
                <line number="16" hits="5" branch="False" />
                <line number="17" hits="5" branch="False" />
                <line number="18" hits="5" branch="False" />
              </lines>
            </method>
          </methods>
          <lines>
            <line number="15" hits="5" branch="False" />
            <line number="16" hits="5" branch="False" />
            <line number="17" hits="5" branch="False" />
            <line number="18" hits="5" branch="False" />
          </lines>
        </class>
        <class name="Clinica.API.Controllers.UsuariosController" filename="Clinica.API\Controllers\UsuariosController.cs" line-rate="1" branch-rate="1" complexity="1">
          <methods>
            <method name=".ctor" signature="(Clinica.API.Services.IUsuarioService)" line-rate="1" branch-rate="1" complexity="1">
              <lines>
                <line number="18" hits="7" branch="False" />
                <line number="19" hits="7" branch="False" />
                <line number="20" hits="7" branch="False" />
                <line number="21" hits="7" branch="False" />
              </lines>
            </method>
          </methods>
          <lines>
            <line number="18" hits="7" branch="False" />
            <line number="19" hits="7" branch="False" />
            <line number="20" hits="7" branch="False" />
            <line number="21" hits="7" branch="False" />
          </lines>
        </class>
        <class name="Clinica.API.Configurations.ValidationResponseConfig" filename="Clinica.API\Configurations\ValidationResponseConfig.cs" line-rate="1" branch-rate="1" complexity="1">
          <methods>
            <method name="ConfigurarRespuestasDeValidacion" signature="(Microsoft.AspNetCore.Mvc.ApiBehaviorOptions)" line-rate="1" branch-rate="1" complexity="1">
              <lines>
                <line number="9" hits="4" branch="False" />
                <line number="10" hits="4" branch="False" />
                <line number="11" hits="4" branch="False" />
                <line number="12" hits="4" branch="False" />
                <line number="13" hits="4" branch="False" />
                <line number="14" hits="4" branch="False" />
                <line number="15" hits="4" branch="False" />
                <line number="16" hits="4" branch="False" />
                <line number="17" hits="4" branch="False" />
                <line number="18" hits="4" branch="False" />
                <line number="19" hits="4" branch="False" />
                <line number="20" hits="4" branch="False" />
                <line number="21" hits="4" branch="False" />
                <line number="22" hits="4" branch="False" />
                <line number="23" hits="4" branch="False" />
                <line number="24" hits="4" branch="False" />
                <line number="25" hits="4" branch="False" />
                <line number="26" hits="4" branch="False" />
                <line number="27" hits="4" branch="False" />
                <line number="28" hits="4" branch="False" />
                <line number="29" hits="4" branch="False" />
              </lines>
            </method>
          </methods>
          <lines>
            <line number="9" hits="4" branch="False" />
            <line number="10" hits="4" branch="False" />
            <line number="11" hits="4" branch="False" />
            <line number="12" hits="4" branch="False" />
            <line number="13" hits="4" branch="False" />
            <line number="14" hits="4" branch="False" />
            <line number="15" hits="4" branch="False" />
            <line number="16" hits="4" branch="False" />
            <line number="17" hits="4" branch="False" />
            <line number="18" hits="4" branch="False" />
            <line number="19" hits="4" branch="False" />
            <line number="20" hits="4" branch="False" />
            <line number="21" hits="4" branch="False" />
            <line number="22" hits="4" branch="False" />
            <line number="23" hits="4" branch="False" />
            <line number="24" hits="4" branch="False" />
            <line number="25" hits="4" branch="False" />
            <line number="26" hits="4" branch="False" />
            <line number="27" hits="4" branch="False" />
            <line number="28" hits="4" branch="False" />
            <line number="29" hits="4" branch="False" />
          </lines>
        </class>
        <class name="Clinica.API.Authorization.PermisosPolicies" filename="Clinica.API\Authorization\PermisosPolicies.cs" line-rate="1" branch-rate="1" complexity="1">
          <methods>
            <method name=".cctor" signature="()" line-rate="1" branch-rate="1" complexity="1">
              <lines>
                <line number="57" hits="1" branch="False" />
                <line number="58" hits="1" branch="False" />
                <line number="59" hits="1" branch="False" />
                <line number="60" hits="1" branch="False" />
                <line number="61" hits="1" branch="False" />
                <line number="62" hits="1" branch="False" />
                <line number="63" hits="1" branch="False" />
                <line number="64" hits="1" branch="False" />
                <line number="65" hits="1" branch="False" />
                <line number="66" hits="1" branch="False" />
                <line number="67" hits="1" branch="False" />
                <line number="68" hits="1" branch="False" />
                <line number="69" hits="1" branch="False" />
                <line number="70" hits="1" branch="False" />
                <line number="71" hits="1" branch="False" />
                <line number="72" hits="1" branch="False" />
                <line number="73" hits="1" branch="False" />
                <line number="74" hits="1" branch="False" />
                <line number="75" hits="1" branch="False" />
                <line number="76" hits="1" branch="False" />
                <line number="77" hits="1" branch="False" />
                <line number="78" hits="1" branch="False" />
                <line number="79" hits="1" branch="False" />
                <line number="80" hits="1" branch="False" />
                <line number="81" hits="1" branch="False" />
                <line number="82" hits="1" branch="False" />
                <line number="83" hits="1" branch="False" />
              </lines>
            </method>
          </methods>
          <lines>
            <line number="57" hits="1" branch="False" />
            <line number="58" hits="1" branch="False" />
            <line number="59" hits="1" branch="False" />
            <line number="60" hits="1" branch="False" />
            <line number="61" hits="1" branch="False" />
            <line number="62" hits="1" branch="False" />
            <line number="63" hits="1" branch="False" />
            <line number="64" hits="1" branch="False" />
            <line number="65" hits="1" branch="False" />
            <line number="66" hits="1" branch="False" />
            <line number="67" hits="1" branch="False" />
            <line number="68" hits="1" branch="False" />
            <line number="69" hits="1" branch="False" />
            <line number="70" hits="1" branch="False" />
            <line number="71" hits="1" branch="False" />
            <line number="72" hits="1" branch="False" />
            <line number="73" hits="1" branch="False" />
            <line number="74" hits="1" branch="False" />
            <line number="75" hits="1" branch="False" />
            <line number="76" hits="1" branch="False" />
            <line number="77" hits="1" branch="False" />
            <line number="78" hits="1" branch="False" />
            <line number="79" hits="1" branch="False" />
            <line number="80" hits="1" branch="False" />
            <line number="81" hits="1" branch="False" />
            <line number="82" hits="1" branch="False" />
            <line number="83" hits="1" branch="False" />
          </lines>
        </class>
      </classes>
    </package>
    <package name="Clinica.Domain" line-rate="1" branch-rate="1" complexity="5">
      <classes>
        <class name="Clinica.Domain.Validations.NotEmptyGuidAttribute" filename="Clinica.Domain\Validations\NotEmptyGuidAttribute.cs" line-rate="1" branch-rate="1" complexity="2">
          <methods>
            <method name="IsValid" signature="(System.Object)" line-rate="1" branch-rate="1" complexity="2">
              <lines>
                <line number="8" hits="8" branch="False" />
                <line number="9" hits="8" branch="True" condition-coverage="100% (2/2)">
                  <conditions>
                    <condition number="7" type="jump" coverage="100%" />
                  </conditions>
                </line>
                <line number="10" hits="8" branch="False" />
              </lines>
            </method>
          </methods>
          <lines>
            <line number="8" hits="8" branch="False" />
            <line number="9" hits="8" branch="True" condition-coverage="100% (2/2)">
              <conditions>
                <condition number="7" type="jump" coverage="100%" />
              </conditions>
            </line>
            <line number="10" hits="8" branch="False" />
          </lines>
        </class>
        <class name="Clinica.Domain.DTOs.Usuarios.UsuarioResponseDto" filename="Clinica.Domain\DTOs\Usuarios\UsuarioResponseDto.cs" line-rate="1" branch-rate="1" complexity="1">
          <methods>
            <method name="get_NombreCompleto" signature="()" line-rate="1" branch-rate="1" complexity="1">
              <lines>
                <line number="11" hits="2" branch="False" />
              </lines>
            </method>
          </methods>
          <lines>
            <line number="11" hits="2" branch="False" />
          </lines>
        </class>
        <class name="Clinica.Domain.DTOs.Pacientes.PacienteResponseDto" filename="Clinica.Domain\DTOs\Pacientes\PacienteResponseDto.cs" line-rate="1" branch-rate="1" complexity="1">
          <methods>
            <method name="get_NombreCompleto" signature="()" line-rate="1" branch-rate="1" complexity="1">
              <lines>
                <line number="12" hits="2" branch="False" />
              </lines>
            </method>
          </methods>
          <lines>
            <line number="12" hits="2" branch="False" />
          </lines>
        </class>
        <class name="Clinica.Domain.DTOs.Doctores.DoctorResponseDto" filename="Clinica.Domain\DTOs\Doctores\DoctorResponseDto.cs" line-rate="1" branch-rate="1" complexity="1">
          <methods>
            <method name="get_NombreCompleto" signature="()" line-rate="1" branch-rate="1" complexity="1">
              <lines>
                <line number="12" hits="2" branch="False" />
              </lines>
            </method>
          </methods>
          <lines>
            <line number="12" hits="2" branch="False" />
          </lines>
        </class>
      </classes>
    </package>
  </packages>
</coverage>