<?xml version="1.0" encoding="utf-8"?>
<CoverageSession>
  <Summary numSequencePoints="1294" visitedSequencePoints="1275" numBranchPoints="442" visitedBranchPoints="365" sequenceCoverage="98.53" branchCoverage="82.57" maxCyclomaticComplexity="515" minCyclomaticComplexity="7" visitedClasses="57" numClasses="57" visitedMethods="115" numMethods="116" />
  <Modules>
    <Module hash="6F5240B3-70ED-40DD-8EE7-D037B8CDCDA6">
      <ModulePath>Clinica.API.dll</ModulePath>
      <ModuleTime>2026-06-23T02:01:37</ModuleTime>
      <ModuleName>Clinica.API</ModuleName>
      <Files>
        <File uid="1" fullPath="F:\proyectC#\pruebasUnit\ClinicaObstPrUnit\Clinica.API\Services\Imp\AtencionService.cs" />
        <File uid="2" fullPath="F:\proyectC#\pruebasUnit\ClinicaObstPrUnit\Clinica.API\Services\Imp\AuditoriaService.cs" />
        <File uid="3" fullPath="F:\proyectC#\pruebasUnit\ClinicaObstPrUnit\Clinica.API\Services\Imp\AuthService.cs" />
        <File uid="4" fullPath="F:\proyectC#\pruebasUnit\ClinicaObstPrUnit\Clinica.API\Services\Imp\CitaService.cs" />
        <File uid="5" fullPath="F:\proyectC#\pruebasUnit\ClinicaObstPrUnit\Clinica.API\Services\Imp\ComprobanteService.cs" />
        <File uid="6" fullPath="F:\proyectC#\pruebasUnit\ClinicaObstPrUnit\Clinica.API\Services\Imp\DoctorService.cs" />
        <File uid="7" fullPath="F:\proyectC#\pruebasUnit\ClinicaObstPrUnit\Clinica.API\Services\Imp\EvolutionWhatsAppService.cs" />
        <File uid="8" fullPath="F:\proyectC#\pruebasUnit\ClinicaObstPrUnit\Clinica.API\Services\Imp\FinanzasService.cs" />
        <File uid="9" fullPath="F:\proyectC#\pruebasUnit\ClinicaObstPrUnit\Clinica.API\Services\Imp\HistorialClinicoService.cs" />
        <File uid="10" fullPath="F:\proyectC#\pruebasUnit\ClinicaObstPrUnit\Clinica.API\Services\Imp\HorarioDoctorService.cs" />
        <File uid="11" fullPath="F:\proyectC#\pruebasUnit\ClinicaObstPrUnit\Clinica.API\Services\Imp\PacienteService.cs" />
        <File uid="12" fullPath="F:\proyectC#\pruebasUnit\ClinicaObstPrUnit\Clinica.API\Services\Imp\PagoService.cs" />
        <File uid="13" fullPath="F:\proyectC#\pruebasUnit\ClinicaObstPrUnit\Clinica.API\Services\Imp\PermisoService.cs" />
        <File uid="14" fullPath="F:\proyectC#\pruebasUnit\ClinicaObstPrUnit\Clinica.API\Services\Imp\RolService.cs" />
        <File uid="15" fullPath="F:\proyectC#\pruebasUnit\ClinicaObstPrUnit\Clinica.API\Services\Imp\ServicioClinicoService.cs" />
        <File uid="16" fullPath="F:\proyectC#\pruebasUnit\ClinicaObstPrUnit\Clinica.API\Services\Imp\UsuarioActualService.cs" />
        <File uid="17" fullPath="F:\proyectC#\pruebasUnit\ClinicaObstPrUnit\Clinica.API\Services\Imp\UsuarioService.cs" />
        <File uid="18" fullPath="F:\proyectC#\pruebasUnit\ClinicaObstPrUnit\Clinica.API\Services\Imp\ATENCIONES\AnamnesisService.cs" />
        <File uid="19" fullPath="F:\proyectC#\pruebasUnit\ClinicaObstPrUnit\Clinica.API\Services\Imp\ATENCIONES\EcografiaObstetricaService.cs" />
        <File uid="20" fullPath="F:\proyectC#\pruebasUnit\ClinicaObstPrUnit\Clinica.API\Services\Imp\ATENCIONES\ExamenFisicoService.cs" />
        <File uid="21" fullPath="F:\proyectC#\pruebasUnit\ClinicaObstPrUnit\Clinica.API\Services\Imp\ATENCIONES\ImpresionDiagnosticaService.cs" />
        <File uid="22" fullPath="F:\proyectC#\pruebasUnit\ClinicaObstPrUnit\Clinica.API\Services\Imp\ATENCIONES\TactoVaginalService.cs" />
        <File uid="23" fullPath="F:\proyectC#\pruebasUnit\ClinicaObstPrUnit\Clinica.API\Services\Background\RecordatorioCitasBackgroundService.cs" />
        <File uid="24" fullPath="F:\proyectC#\pruebasUnit\ClinicaObstPrUnit\Clinica.API\Models\ApiResponse.cs" />
        <File uid="25" fullPath="F:\proyectC#\pruebasUnit\ClinicaObstPrUnit\Clinica.API\Middlewares\ExceptionMiddleware.cs" />
        <File uid="26" fullPath="F:\proyectC#\pruebasUnit\ClinicaObstPrUnit\Clinica.API\Helpers\FechaHelper.cs" />
        <File uid="27" fullPath="F:\proyectC#\pruebasUnit\ClinicaObstPrUnit\Clinica.API\Helpers\JwtHelper.cs" />
        <File uid="28" fullPath="F:\proyectC#\pruebasUnit\ClinicaObstPrUnit\Clinica.API\Filters\AuditoriaAttribute.cs" />
        <File uid="29" fullPath="F:\proyectC#\pruebasUnit\ClinicaObstPrUnit\Clinica.API\Filters\AuditoriaAutomaticaFilter.cs" />
        <File uid="30" fullPath="F:\proyectC#\pruebasUnit\ClinicaObstPrUnit\Clinica.API\Controllers\AtencionesController.cs" />
        <File uid="31" fullPath="F:\proyectC#\pruebasUnit\ClinicaObstPrUnit\Clinica.API\Controllers\AtencionesObstetricasController.cs" />
        <File uid="32" fullPath="F:\proyectC#\pruebasUnit\ClinicaObstPrUnit\Clinica.API\Controllers\AuditoriaController.cs" />
        <File uid="33" fullPath="F:\proyectC#\pruebasUnit\ClinicaObstPrUnit\Clinica.API\Controllers\AuthController.cs" />
        <File uid="34" fullPath="F:\proyectC#\pruebasUnit\ClinicaObstPrUnit\Clinica.API\Controllers\CitasController.cs" />
        <File uid="35" fullPath="F:\proyectC#\pruebasUnit\ClinicaObstPrUnit\Clinica.API\Controllers\ComprobantesController.cs" />
        <File uid="36" fullPath="F:\proyectC#\pruebasUnit\ClinicaObstPrUnit\Clinica.API\Controllers\DoctoresController.cs" />
        <File uid="37" fullPath="F:\proyectC#\pruebasUnit\ClinicaObstPrUnit\Clinica.API\Controllers\FinanzasController.cs" />
        <File uid="38" fullPath="F:\proyectC#\pruebasUnit\ClinicaObstPrUnit\Clinica.API\Controllers\HistorialesController.cs" />
        <File uid="39" fullPath="F:\proyectC#\pruebasUnit\ClinicaObstPrUnit\Clinica.API\Controllers\HorariosController.cs" />
        <File uid="40" fullPath="F:\proyectC#\pruebasUnit\ClinicaObstPrUnit\Clinica.API\Controllers\PacientesController.cs" />
        <File uid="41" fullPath="F:\proyectC#\pruebasUnit\ClinicaObstPrUnit\Clinica.API\Controllers\PagosController.cs" />
        <File uid="42" fullPath="F:\proyectC#\pruebasUnit\ClinicaObstPrUnit\Clinica.API\Controllers\PermisosController.cs" />
        <File uid="43" fullPath="F:\proyectC#\pruebasUnit\ClinicaObstPrUnit\Clinica.API\Controllers\RolesController.cs" />
        <File uid="44" fullPath="F:\proyectC#\pruebasUnit\ClinicaObstPrUnit\Clinica.API\Controllers\ServiciosClinicosController.cs" />
        <File uid="45" fullPath="F:\proyectC#\pruebasUnit\ClinicaObstPrUnit\Clinica.API\Controllers\UsuariosController.cs" />
        <File uid="46" fullPath="F:\proyectC#\pruebasUnit\ClinicaObstPrUnit\Clinica.API\Controllers\pdfControladores\CertificadosController.cs" />
        <File uid="47" fullPath="F:\proyectC#\pruebasUnit\ClinicaObstPrUnit\Clinica.API\Controllers\pdfControladores\HistoriaClinicaController.cs" />
        <File uid="48" fullPath="F:\proyectC#\pruebasUnit\ClinicaObstPrUnit\Clinica.API\Controllers\pdfControladores\ReportesFinancierosController.cs" />
        <File uid="49" fullPath="F:\proyectC#\pruebasUnit\ClinicaObstPrUnit\Clinica.API\Controllers\pdfControladores\ResumenPartoController.cs" />
        <File uid="50" fullPath="F:\proyectC#\pruebasUnit\ClinicaObstPrUnit\Clinica.API\Configurations\ValidationResponseConfig.cs" />
        <File uid="51" fullPath="F:\proyectC#\pruebasUnit\ClinicaObstPrUnit\Clinica.API\Authorization\PermisosPolicies.cs" />
      </Files>
      <Classes>
        <Class>
          <Summary numSequencePoints="129" visitedSequencePoints="129" numBranchPoints="42" visitedBranchPoints="38" sequenceCoverage="100" branchCoverage="90.47" maxCyclomaticComplexity="40" minCyclomaticComplexity="1" visitedClasses="1" numClasses="1" visitedMethods="11" numMethods="11" />
          <FullName>Clinica.API.Services.Imp.AtencionService</FullName>
          <Methods>
            <Method cyclomaticComplexity="40" nPathComplexity="40" sequenceCoverage="100" branchCoverage="92.5" isConstructor="False" isGetter="False" isSetter="False" isStatic="True">
              <Summary numSequencePoints="29" visitedSequencePoints="29" numBranchPoints="40" visitedBranchPoints="37" sequenceCoverage="100" branchCoverage="92.5" maxCyclomaticComplexity="40" minCyclomaticComplexity="40" visitedClasses="0" numClasses="0" visitedMethods="1" numMethods="1" />
              <MetadataToken />
              <Name>Clinica.Domain.DTOs.Atenciones.AtencionResponseDto Clinica.API.Services.Imp.AtencionService::MapearAtencion(Clinica.Domain.Entities.ATENCIONES.Atencion)</Name>
              <FileRef uid="1" />
              <SequencePoints>
                <SequencePoint vc="9" uspid="308" ordinal="0" sl="308" sc="1" el="308" ec="2" bec="0" bev="0" fileid="1" />
                <SequencePoint vc="9" uspid="309" ordinal="1" sl="309" sc="1" el="309" ec="2" bec="40" bev="37" fileid="1" />
                <SequencePoint vc="9" uspid="310" ordinal="2" sl="310" sc="1" el="310" ec="2" bec="0" bev="0" fileid="1" />
                <SequencePoint vc="9" uspid="311" ordinal="3" sl="311" sc="1" el="311" ec="2" bec="0" bev="0" fileid="1" />
                <SequencePoint vc="9" uspid="312" ordinal="4" sl="312" sc="1" el="312" ec="2" bec="0" bev="0" fileid="1" />
                <SequencePoint vc="9" uspid="313" ordinal="5" sl="313" sc="1" el="313" ec="2" bec="0" bev="0" fileid="1" />
                <SequencePoint vc="9" uspid="314" ordinal="6" sl="314" sc="1" el="314" ec="2" bec="0" bev="0" fileid="1" />
                <SequencePoint vc="9" uspid="315" ordinal="7" sl="315" sc="1" el="315" ec="2" bec="0" bev="0" fileid="1" />
                <SequencePoint vc="9" uspid="316" ordinal="8" sl="316" sc="1" el="316" ec="2" bec="0" bev="0" fileid="1" />
                <SequencePoint vc="9" uspid="317" ordinal="9" sl="317" sc="1" el="317" ec="2" bec="0" bev="0" fileid="1" />
                <SequencePoint vc="9" uspid="318" ordinal="10" sl="318" sc="1" el="318" ec="2" bec="0" bev="0" fileid="1" />
                <SequencePoint vc="9" uspid="319" ordinal="11" sl="319" sc="1" el="319" ec="2" bec="0" bev="0" fileid="1" />
                <SequencePoint vc="9" uspid="320" ordinal="12" sl="320" sc="1" el="320" ec="2" bec="0" bev="0" fileid="1" />
                <SequencePoint vc="9" uspid="321" ordinal="13" sl="321" sc="1" el="321" ec="2" bec="0" bev="0" fileid="1" />
                <SequencePoint vc="9" uspid="322" ordinal="14" sl="322" sc="1" el="322" ec="2" bec="0" bev="0" fileid="1" />
                <SequencePoint vc="9" uspid="323" ordinal="15" sl="323" sc="1" el="323" ec="2" bec="0" bev="0" fileid="1" />
                <SequencePoint vc="9" uspid="324" ordinal="16" sl="324" sc="1" el="324" ec="2" bec="0" bev="0" fileid="1" />
                <SequencePoint vc="9" uspid="325" ordinal="17" sl="325" sc="1" el="325" ec="2" bec="0" bev="0" fileid="1" />
                <SequencePoint vc="9" uspid="326" ordinal="18" sl="326" sc="1" el="326" ec="2" bec="0" bev="0" fileid="1" />
                <SequencePoint vc="9" uspid="327" ordinal="19" sl="327" sc="1" el="327" ec="2" bec="0" bev="0" fileid="1" />
                <SequencePoint vc="9" uspid="328" ordinal="20" sl="328" sc="1" el="328" ec="2" bec="0" bev="0" fileid="1" />
                <SequencePoint vc="9" uspid="329" ordinal="21" sl="329" sc="1" el="329" ec="2" bec="0" bev="0" fileid="1" />
                <SequencePoint vc="9" uspid="330" ordinal="22" sl="330" sc="1" el="330" ec="2" bec="0" bev="0" fileid="1" />
                <SequencePoint vc="9" uspid="331" ordinal="23" sl="331" sc="1" el="331" ec="2" bec="0" bev="0" fileid="1" />
                <SequencePoint vc="9" uspid="332" ordinal="24" sl="332" sc="1" el="332" ec="2" bec="0" bev="0" fileid="1" />
                <SequencePoint vc="9" uspid="333" ordinal="25" sl="333" sc="1" el="333" ec="2" bec="0" bev="0" fileid="1" />
                <SequencePoint vc="9" uspid="334" ordinal="26" sl="334" sc="1" el="334" ec="2" bec="0" bev="0" fileid="1" />
                <SequencePoint vc="9" uspid="335" ordinal="27" sl="335" sc="1" el="335" ec="2" bec="0" bev="0" fileid="1" />
                <SequencePoint vc="9" uspid="336" ordinal="28" sl="336" sc="1" el="336" ec="2" bec="0" bev="0" fileid="1" />
              </SequencePoints>
              <BranchPoints>
                <BranchPoint vc="2" uspid="309" ordinal="0" path="0" offset="54" offsetend="56" sl="309" fileid="1" />
                <BranchPoint vc="7" uspid="309" ordinal="1" path="1" offset="54" offsetend="60" sl="309" fileid="1" />
                <BranchPoint vc="2" uspid="309" ordinal="2" path="0" offset="77" offsetend="79" sl="309" fileid="1" />
                <BranchPoint vc="7" uspid="309" ordinal="3" path="1" offset="77" offsetend="83" sl="309" fileid="1" />
                <BranchPoint vc="3" uspid="309" ordinal="4" path="0" offset="125" offsetend="127" sl="309" fileid="1" />
                <BranchPoint vc="6" uspid="309" ordinal="5" path="1" offset="125" offsetend="131" sl="309" fileid="1" />
                <BranchPoint vc="6" uspid="309" ordinal="6" path="0" offset="137" offsetend="139" sl="309" fileid="1" />
                <BranchPoint vc="0" uspid="309" ordinal="7" path="1" offset="137" offsetend="143" sl="309" fileid="1" />
                <BranchPoint vc="3" uspid="309" ordinal="8" path="0" offset="160" offsetend="162" sl="309" fileid="1" />
                <BranchPoint vc="6" uspid="309" ordinal="9" path="1" offset="160" offsetend="166" sl="309" fileid="1" />
                <BranchPoint vc="6" uspid="309" ordinal="10" path="0" offset="172" offsetend="174" sl="309" fileid="1" />
                <BranchPoint vc="0" uspid="309" ordinal="11" path="1" offset="172" offsetend="178" sl="309" fileid="1" />
                <BranchPoint vc="3" uspid="309" ordinal="12" path="0" offset="220" offsetend="222" sl="309" fileid="1" />
                <BranchPoint vc="6" uspid="309" ordinal="13" path="1" offset="220" offsetend="226" sl="309" fileid="1" />
                <BranchPoint vc="3" uspid="309" ordinal="14" path="0" offset="232" offsetend="234" sl="309" fileid="1" />
                <BranchPoint vc="9" uspid="309" ordinal="15" path="1" offset="232" offsetend="240" sl="309" fileid="1" />
                <BranchPoint vc="9" uspid="309" ordinal="16" path="0" offset="274" offsetend="276" sl="309" fileid="1" />
                <BranchPoint vc="0" uspid="309" ordinal="17" path="1" offset="274" offsetend="283" sl="309" fileid="1" />
                <BranchPoint vc="1" uspid="309" ordinal="18" path="0" offset="343" offsetend="345" sl="309" fileid="1" />
                <BranchPoint vc="8" uspid="309" ordinal="19" path="1" offset="343" offsetend="353" sl="309" fileid="1" />
                <BranchPoint vc="1" uspid="309" ordinal="20" path="0" offset="403" offsetend="405" sl="309" fileid="1" />
                <BranchPoint vc="8" uspid="309" ordinal="21" path="1" offset="403" offsetend="413" sl="309" fileid="1" />
                <BranchPoint vc="1" uspid="309" ordinal="22" path="0" offset="463" offsetend="465" sl="309" fileid="1" />
                <BranchPoint vc="8" uspid="309" ordinal="23" path="1" offset="463" offsetend="473" sl="309" fileid="1" />
                <BranchPoint vc="8" uspid="309" ordinal="24" path="0" offset="522" offsetend="524" sl="309" fileid="1" />
                <BranchPoint vc="1" uspid="309" ordinal="25" path="1" offset="522" offsetend="527" sl="309" fileid="1" />
                <BranchPoint vc="1" uspid="309" ordinal="26" path="0" offset="552" offsetend="554" sl="309" fileid="1" />
                <BranchPoint vc="8" uspid="309" ordinal="27" path="1" offset="552" offsetend="558" sl="309" fileid="1" />
                <BranchPoint vc="1" uspid="309" ordinal="28" path="0" offset="596" offsetend="598" sl="309" fileid="1" />
                <BranchPoint vc="9" uspid="309" ordinal="29" path="1" offset="596" offsetend="604" sl="309" fileid="1" />
                <BranchPoint vc="1" uspid="309" ordinal="30" path="0" offset="618" offsetend="620" sl="309" fileid="1" />
                <BranchPoint vc="8" uspid="309" ordinal="31" path="1" offset="618" offsetend="624" sl="309" fileid="1" />
                <BranchPoint vc="1" uspid="309" ordinal="32" path="0" offset="662" offsetend="664" sl="309" fileid="1" />
                <BranchPoint vc="9" uspid="309" ordinal="33" path="1" offset="662" offsetend="670" sl="309" fileid="1" />
                <BranchPoint vc="1" uspid="309" ordinal="34" path="0" offset="684" offsetend="686" sl="309" fileid="1" />
                <BranchPoint vc="8" uspid="309" ordinal="35" path="1" offset="684" offsetend="690" sl="309" fileid="1" />
                <BranchPoint vc="1" uspid="309" ordinal="36" path="0" offset="728" offsetend="730" sl="309" fileid="1" />
                <BranchPoint vc="9" uspid="309" ordinal="37" path="1" offset="728" offsetend="736" sl="309" fileid="1" />
                <BranchPoint vc="8" uspid="309" ordinal="38" path="0" offset="749" offsetend="751" sl="309" fileid="1" />
                <BranchPoint vc="1" uspid="309" ordinal="39" path="1" offset="749" offsetend="754" sl="309" fileid="1" />
              </BranchPoints>
              <MethodPoint vc="29" uspid="0" p8:type="SequencePoint" ordinal="0" offset="0" sc="0" sl="308" ec="1" el="336" bec="0" bev="0" fileid="1" xmlns:p8="xsi" />
            </Method>
            <Method cyclomaticComplexity="1" nPathComplexity="1" sequenceCoverage="100" branchCoverage="100" isConstructor="False" isGetter="False" isSetter="False" isStatic="True">
              <Summary numSequencePoints="16" visitedSequencePoints="16" numBranchPoints="0" visitedBranchPoints="0" sequenceCoverage="100" branchCoverage="100" maxCyclomaticComplexity="1" minCyclomaticComplexity="1" visitedClasses="0" numClasses="0" visitedMethods="1" numMethods="1" />
              <MetadataToken />
              <Name>Clinica.Domain.DTOs.Atenciones.Modulos.AnamnesisDto Clinica.API.Services.Imp.AtencionService::MapearAnamnesis(Clinica.Domain.Entities.ATENCIONES.Anamnesis)</Name>
              <FileRef uid="1" />
              <SequencePoints>
                <SequencePoint vc="1" uspid="338" ordinal="0" sl="338" sc="1" el="338" ec="2" bec="0" bev="0" fileid="1" />
                <SequencePoint vc="1" uspid="339" ordinal="1" sl="339" sc="1" el="339" ec="2" bec="0" bev="0" fileid="1" />
                <SequencePoint vc="1" uspid="340" ordinal="2" sl="340" sc="1" el="340" ec="2" bec="0" bev="0" fileid="1" />
                <SequencePoint vc="1" uspid="341" ordinal="3" sl="341" sc="1" el="341" ec="2" bec="0" bev="0" fileid="1" />
                <SequencePoint vc="1" uspid="342" ordinal="4" sl="342" sc="1" el="342" ec="2" bec="0" bev="0" fileid="1" />
                <SequencePoint vc="1" uspid="343" ordinal="5" sl="343" sc="1" el="343" ec="2" bec="0" bev="0" fileid="1" />
                <SequencePoint vc="1" uspid="344" ordinal="6" sl="344" sc="1" el="344" ec="2" bec="0" bev="0" fileid="1" />
                <SequencePoint vc="1" uspid="345" ordinal="7" sl="345" sc="1" el="345" ec="2" bec="0" bev="0" fileid="1" />
                <SequencePoint vc="1" uspid="346" ordinal="8" sl="346" sc="1" el="346" ec="2" bec="0" bev="0" fileid="1" />
                <SequencePoint vc="1" uspid="347" ordinal="9" sl="347" sc="1" el="347" ec="2" bec="0" bev="0" fileid="1" />
                <SequencePoint vc="1" uspid="348" ordinal="10" sl="348" sc="1" el="348" ec="2" bec="0" bev="0" fileid="1" />
                <SequencePoint vc="1" uspid="349" ordinal="11" sl="349" sc="1" el="349" ec="2" bec="0" bev="0" fileid="1" />
                <SequencePoint vc="1" uspid="350" ordinal="12" sl="350" sc="1" el="350" ec="2" bec="0" bev="0" fileid="1" />
                <SequencePoint vc="1" uspid="351" ordinal="13" sl="351" sc="1" el="351" ec="2" bec="0" bev="0" fileid="1" />
                <SequencePoint vc="1" uspid="352" ordinal="14" sl="352" sc="1" el="352" ec="2" bec="0" bev="0" fileid="1" />
                <SequencePoint vc="1" uspid="353" ordinal="15" sl="353" sc="1" el="353" ec="2" bec="0" bev="0" fileid="1" />
              </SequencePoints>
              <BranchPoints />
              <MethodPoint vc="16" uspid="0" p8:type="SequencePoint" ordinal="1" offset="1" sc="0" sl="338" ec="1" el="353" bec="0" bev="0" fileid="1" xmlns:p8="xsi" />
            </Method>
            <Method cyclomaticComplexity="1" nPathComplexity="1" sequenceCoverage="100" branchCoverage="100" isConstructor="False" isGetter="False" isSetter="False" isStatic="True">
              <Summary numSequencePoints="24" visitedSequencePoints="24" numBranchPoints="0" visitedBranchPoints="0" sequenceCoverage="100" branchCoverage="100" maxCyclomaticComplexity="1" minCyclomaticComplexity="1" visitedClasses="0" numClasses="0" visitedMethods="1" numMethods="1" />
              <MetadataToken />
              <Name>Clinica.Domain.DTOs.Atenciones.Modulos.ExamenFisicoDto Clinica.API.Services.Imp.AtencionService::MapearExamenFisico(Clinica.Domain.Entities.ATENCIONES.ExamenFisico)</Name>
              <FileRef uid="1" />
              <SequencePoints>
                <SequencePoint vc="1" uspid="355" ordinal="0" sl="355" sc="1" el="355" ec="2" bec="0" bev="0" fileid="1" />
                <SequencePoint vc="1" uspid="356" ordinal="1" sl="356" sc="1" el="356" ec="2" bec="0" bev="0" fileid="1" />
                <SequencePoint vc="1" uspid="357" ordinal="2" sl="357" sc="1" el="357" ec="2" bec="0" bev="0" fileid="1" />
                <SequencePoint vc="1" uspid="358" ordinal="3" sl="358" sc="1" el="358" ec="2" bec="0" bev="0" fileid="1" />
                <SequencePoint vc="1" uspid="359" ordinal="4" sl="359" sc="1" el="359" ec="2" bec="0" bev="0" fileid="1" />
                <SequencePoint vc="1" uspid="360" ordinal="5" sl="360" sc="1" el="360" ec="2" bec="0" bev="0" fileid="1" />
                <SequencePoint vc="1" uspid="361" ordinal="6" sl="361" sc="1" el="361" ec="2" bec="0" bev="0" fileid="1" />
                <SequencePoint vc="1" uspid="362" ordinal="7" sl="362" sc="1" el="362" ec="2" bec="0" bev="0" fileid="1" />
                <SequencePoint vc="1" uspid="363" ordinal="8" sl="363" sc="1" el="363" ec="2" bec="0" bev="0" fileid="1" />
                <SequencePoint vc="1" uspid="364" ordinal="9" sl="364" sc="1" el="364" ec="2" bec="0" bev="0" fileid="1" />
                <SequencePoint vc="1" uspid="365" ordinal="10" sl="365" sc="1" el="365" ec="2" bec="0" bev="0" fileid="1" />
                <SequencePoint vc="1" uspid="366" ordinal="11" sl="366" sc="1" el="366" ec="2" bec="0" bev="0" fileid="1" />
                <SequencePoint vc="1" uspid="367" ordinal="12" sl="367" sc="1" el="367" ec="2" bec="0" bev="0" fileid="1" />
                <SequencePoint vc="1" uspid="368" ordinal="13" sl="368" sc="1" el="368" ec="2" bec="0" bev="0" fileid="1" />
                <SequencePoint vc="1" uspid="369" ordinal="14" sl="369" sc="1" el="369" ec="2" bec="0" bev="0" fileid="1" />
                <SequencePoint vc="1" uspid="370" ordinal="15" sl="370" sc="1" el="370" ec="2" bec="0" bev="0" fileid="1" />
                <SequencePoint vc="1" uspid="371" ordinal="16" sl="371" sc="1" el="371" ec="2" bec="0" bev="0" fileid="1" />
                <SequencePoint vc="1" uspid="372" ordinal="17" sl="372" sc="1" el="372" ec="2" bec="0" bev="0" fileid="1" />
                <SequencePoint vc="1" uspid="373" ordinal="18" sl="373" sc="1" el="373" ec="2" bec="0" bev="0" fileid="1" />
                <SequencePoint vc="1" uspid="374" ordinal="19" sl="374" sc="1" el="374" ec="2" bec="0" bev="0" fileid="1" />
                <SequencePoint vc="1" uspid="375" ordinal="20" sl="375" sc="1" el="375" ec="2" bec="0" bev="0" fileid="1" />
                <SequencePoint vc="1" uspid="376" ordinal="21" sl="376" sc="1" el="376" ec="2" bec="0" bev="0" fileid="1" />
                <SequencePoint vc="1" uspid="377" ordinal="22" sl="377" sc="1" el="377" ec="2" bec="0" bev="0" fileid="1" />
                <SequencePoint vc="1" uspid="378" ordinal="23" sl="378" sc="1" el="378" ec="2" bec="0" bev="0" fileid="1" />
              </SequencePoints>
              <BranchPoints />
              <MethodPoint vc="24" uspid="0" p8:type="SequencePoint" ordinal="2" offset="2" sc="0" sl="355" ec="1" el="378" bec="0" bev="0" fileid="1" xmlns:p8="xsi" />
            </Method>
            <Method cyclomaticComplexity="1" nPathComplexity="1" sequenceCoverage="100" branchCoverage="100" isConstructor="False" isGetter="False" isSetter="False" isStatic="True">
              <Summary numSequencePoints="11" visitedSequencePoints="11" numBranchPoints="0" visitedBranchPoints="0" sequenceCoverage="100" branchCoverage="100" maxCyclomaticComplexity="1" minCyclomaticComplexity="1" visitedClasses="0" numClasses="0" visitedMethods="1" numMethods="1" />
              <MetadataToken />
              <Name>Clinica.Domain.DTOs.Atenciones.Modulos.TactoVaginalDto Clinica.API.Services.Imp.AtencionService::MapearTactoVaginal(Clinica.Domain.Entities.ATENCIONES.TactoVaginal)</Name>
              <FileRef uid="1" />
              <SequencePoints>
                <SequencePoint vc="1" uspid="380" ordinal="0" sl="380" sc="1" el="380" ec="2" bec="0" bev="0" fileid="1" />
                <SequencePoint vc="1" uspid="381" ordinal="1" sl="381" sc="1" el="381" ec="2" bec="0" bev="0" fileid="1" />
                <SequencePoint vc="1" uspid="382" ordinal="2" sl="382" sc="1" el="382" ec="2" bec="0" bev="0" fileid="1" />
                <SequencePoint vc="1" uspid="383" ordinal="3" sl="383" sc="1" el="383" ec="2" bec="0" bev="0" fileid="1" />
                <SequencePoint vc="1" uspid="384" ordinal="4" sl="384" sc="1" el="384" ec="2" bec="0" bev="0" fileid="1" />
                <SequencePoint vc="1" uspid="385" ordinal="5" sl="385" sc="1" el="385" ec="2" bec="0" bev="0" fileid="1" />
                <SequencePoint vc="1" uspid="386" ordinal="6" sl="386" sc="1" el="386" ec="2" bec="0" bev="0" fileid="1" />
                <SequencePoint vc="1" uspid="387" ordinal="7" sl="387" sc="1" el="387" ec="2" bec="0" bev="0" fileid="1" />
                <SequencePoint vc="1" uspid="388" ordinal="8" sl="388" sc="1" el="388" ec="2" bec="0" bev="0" fileid="1" />
                <SequencePoint vc="1" uspid="389" ordinal="9" sl="389" sc="1" el="389" ec="2" bec="0" bev="0" fileid="1" />
                <SequencePoint vc="1" uspid="390" ordinal="10" sl="390" sc="1" el="390" ec="2" bec="0" bev="0" fileid="1" />
              </SequencePoints>
              <BranchPoints />
              <MethodPoint vc="11" uspid="0" p8:type="SequencePoint" ordinal="3" offset="3" sc="0" sl="380" ec="1" el="390" bec="0" bev="0" fileid="1" xmlns:p8="xsi" />
            </Method>
            <Method cyclomaticComplexity="1" nPathComplexity="1" sequenceCoverage="100" branchCoverage="100" isConstructor="False" isGetter="False" isSetter="False" isStatic="True">
              <Summary numSequencePoints="14" visitedSequencePoints="14" numBranchPoints="0" visitedBranchPoints="0" sequenceCoverage="100" branchCoverage="100" maxCyclomaticComplexity="1" minCyclomaticComplexity="1" visitedClasses="0" numClasses="0" visitedMethods="1" numMethods="1" />
              <MetadataToken />
              <Name>Clinica.Domain.DTOs.Atenciones.Modulos.EcografiaObstetricaDto Clinica.API.Services.Imp.AtencionService::MapearEcografia(Clinica.Domain.Entities.ATENCIONES.EcografiaObstetrica)</Name>
              <FileRef uid="1" />
              <SequencePoints>
                <SequencePoint vc="1" uspid="392" ordinal="0" sl="392" sc="1" el="392" ec="2" bec="0" bev="0" fileid="1" />
                <SequencePoint vc="1" uspid="393" ordinal="1" sl="393" sc="1" el="393" ec="2" bec="0" bev="0" fileid="1" />
                <SequencePoint vc="1" uspid="394" ordinal="2" sl="394" sc="1" el="394" ec="2" bec="0" bev="0" fileid="1" />
                <SequencePoint vc="1" uspid="395" ordinal="3" sl="395" sc="1" el="395" ec="2" bec="0" bev="0" fileid="1" />
                <SequencePoint vc="1" uspid="396" ordinal="4" sl="396" sc="1" el="396" ec="2" bec="0" bev="0" fileid="1" />
                <SequencePoint vc="1" uspid="397" ordinal="5" sl="397" sc="1" el="397" ec="2" bec="0" bev="0" fileid="1" />
                <SequencePoint vc="1" uspid="398" ordinal="6" sl="398" sc="1" el="398" ec="2" bec="0" bev="0" fileid="1" />
                <SequencePoint vc="1" uspid="399" ordinal="7" sl="399" sc="1" el="399" ec="2" bec="0" bev="0" fileid="1" />
                <SequencePoint vc="1" uspid="400" ordinal="8" sl="400" sc="1" el="400" ec="2" bec="0" bev="0" fileid="1" />
                <SequencePoint vc="1" uspid="401" ordinal="9" sl="401" sc="1" el="401" ec="2" bec="0" bev="0" fileid="1" />
                <SequencePoint vc="1" uspid="402" ordinal="10" sl="402" sc="1" el="402" ec="2" bec="0" bev="0" fileid="1" />
                <SequencePoint vc="1" uspid="403" ordinal="11" sl="403" sc="1" el="403" ec="2" bec="0" bev="0" fileid="1" />
                <SequencePoint vc="1" uspid="404" ordinal="12" sl="404" sc="1" el="404" ec="2" bec="0" bev="0" fileid="1" />
                <SequencePoint vc="1" uspid="405" ordinal="13" sl="405" sc="1" el="405" ec="2" bec="0" bev="0" fileid="1" />
              </SequencePoints>
              <BranchPoints />
              <MethodPoint vc="14" uspid="0" p8:type="SequencePoint" ordinal="4" offset="4" sc="0" sl="392" ec="1" el="405" bec="0" bev="0" fileid="1" xmlns:p8="xsi" />
            </Method>
            <Method cyclomaticComplexity="1" nPathComplexity="1" sequenceCoverage="100" branchCoverage="100" isConstructor="False" isGetter="False" isSetter="False" isStatic="True">
              <Summary numSequencePoints="8" visitedSequencePoints="8" numBranchPoints="0" visitedBranchPoints="0" sequenceCoverage="100" branchCoverage="100" maxCyclomaticComplexity="1" minCyclomaticComplexity="1" visitedClasses="0" numClasses="0" visitedMethods="1" numMethods="1" />
              <MetadataToken />
              <Name>Clinica.Domain.DTOs.Atenciones.Modulos.ImpresionDiagnosticaDto Clinica.API.Services.Imp.AtencionService::MapearImpresionDiagnostica(Clinica.Domain.Entities.ATENCIONES.ImpresionDiagnostica)</Name>
              <FileRef uid="1" />
              <SequencePoints>
                <SequencePoint vc="1" uspid="407" ordinal="0" sl="407" sc="1" el="407" ec="2" bec="0" bev="0" fileid="1" />
                <SequencePoint vc="1" uspid="408" ordinal="1" sl="408" sc="1" el="408" ec="2" bec="0" bev="0" fileid="1" />
                <SequencePoint vc="1" uspid="409" ordinal="2" sl="409" sc="1" el="409" ec="2" bec="0" bev="0" fileid="1" />
                <SequencePoint vc="1" uspid="410" ordinal="3" sl="410" sc="1" el="410" ec="2" bec="0" bev="0" fileid="1" />
                <SequencePoint vc="1" uspid="411" ordinal="4" sl="411" sc="1" el="411" ec="2" bec="0" bev="0" fileid="1" />
                <SequencePoint vc="1" uspid="412" ordinal="5" sl="412" sc="1" el="412" ec="2" bec="0" bev="0" fileid="1" />
                <SequencePoint vc="1" uspid="413" ordinal="6" sl="413" sc="1" el="413" ec="2" bec="0" bev="0" fileid="1" />
                <SequencePoint vc="1" uspid="414" ordinal="7" sl="414" sc="1" el="414" ec="2" bec="0" bev="0" fileid="1" />
              </SequencePoints>
              <BranchPoints />
              <MethodPoint vc="8" uspid="0" p8:type="SequencePoint" ordinal="5" offset="5" sc="0" sl="407" ec="1" el="414" bec="0" bev="0" fileid="1" xmlns:p8="xsi" />
            </Method>
            <Method cyclomaticComplexity="1" nPathComplexity="1" sequenceCoverage="100" branchCoverage="100" isConstructor="False" isGetter="False" isSetter="False" isStatic="True">
              <Summary numSequencePoints="3" visitedSequencePoints="3" numBranchPoints="0" visitedBranchPoints="0" sequenceCoverage="100" branchCoverage="100" maxCyclomaticComplexity="1" minCyclomaticComplexity="1" visitedClasses="0" numClasses="0" visitedMethods="1" numMethods="1" />
              <MetadataToken />
              <Name>System.String Clinica.API.Services.Imp.AtencionService::GenerarCodigoAtencion(System.String)</Name>
              <FileRef uid="1" />
              <SequencePoints>
                <SequencePoint vc="1" uspid="417" ordinal="0" sl="417" sc="1" el="417" ec="2" bec="0" bev="0" fileid="1" />
                <SequencePoint vc="1" uspid="418" ordinal="1" sl="418" sc="1" el="418" ec="2" bec="0" bev="0" fileid="1" />
                <SequencePoint vc="1" uspid="419" ordinal="2" sl="419" sc="1" el="419" ec="2" bec="0" bev="0" fileid="1" />
              </SequencePoints>
              <BranchPoints />
              <MethodPoint vc="3" uspid="0" p8:type="SequencePoint" ordinal="6" offset="6" sc="0" sl="417" ec="1" el="419" bec="0" bev="0" fileid="1" xmlns:p8="xsi" />
            </Method>
            <Method cyclomaticComplexity="1" nPathComplexity="1" sequenceCoverage="100" branchCoverage="100" isConstructor="False" isGetter="False" isSetter="False" isStatic="True">
              <Summary numSequencePoints="3" visitedSequencePoints="3" numBranchPoints="0" visitedBranchPoints="0" sequenceCoverage="100" branchCoverage="100" maxCyclomaticComplexity="1" minCyclomaticComplexity="1" visitedClasses="0" numClasses="0" visitedMethods="1" numMethods="1" />
              <MetadataToken />
              <Name>System.String Clinica.API.Services.Imp.AtencionService::GenerarCodigoDetalle(System.String)</Name>
              <FileRef uid="1" />
              <SequencePoints>
                <SequencePoint vc="1" uspid="422" ordinal="0" sl="422" sc="1" el="422" ec="2" bec="0" bev="0" fileid="1" />
                <SequencePoint vc="1" uspid="423" ordinal="1" sl="423" sc="1" el="423" ec="2" bec="0" bev="0" fileid="1" />
                <SequencePoint vc="1" uspid="424" ordinal="2" sl="424" sc="1" el="424" ec="2" bec="0" bev="0" fileid="1" />
              </SequencePoints>
              <BranchPoints />
              <MethodPoint vc="3" uspid="0" p8:type="SequencePoint" ordinal="7" offset="7" sc="0" sl="422" ec="1" el="424" bec="0" bev="0" fileid="1" xmlns:p8="xsi" />
            </Method>
            <Method cyclomaticComplexity="1" nPathComplexity="1" sequenceCoverage="100" branchCoverage="100" isConstructor="False" isGetter="False" isSetter="False" isStatic="True">
              <Summary numSequencePoints="3" visitedSequencePoints="3" numBranchPoints="0" visitedBranchPoints="0" sequenceCoverage="100" branchCoverage="100" maxCyclomaticComplexity="1" minCyclomaticComplexity="1" visitedClasses="0" numClasses="0" visitedMethods="1" numMethods="1" />
              <MetadataToken />
              <Name>System.String Clinica.API.Services.Imp.AtencionService::GenerarCodigo(System.String,System.String)</Name>
              <FileRef uid="1" />
              <SequencePoints>
                <SequencePoint vc="1" uspid="427" ordinal="0" sl="427" sc="1" el="427" ec="2" bec="0" bev="0" fileid="1" />
                <SequencePoint vc="1" uspid="428" ordinal="1" sl="428" sc="1" el="428" ec="2" bec="0" bev="0" fileid="1" />
                <SequencePoint vc="1" uspid="429" ordinal="2" sl="429" sc="1" el="429" ec="2" bec="0" bev="0" fileid="1" />
              </SequencePoints>
              <BranchPoints />
              <MethodPoint vc="3" uspid="0" p8:type="SequencePoint" ordinal="8" offset="8" sc="0" sl="427" ec="1" el="429" bec="0" bev="0" fileid="1" xmlns:p8="xsi" />
            </Method>
            <Method cyclomaticComplexity="2" nPathComplexity="2" sequenceCoverage="100" branchCoverage="50" isConstructor="False" isGetter="False" isSetter="False" isStatic="True">
              <Summary numSequencePoints="1" visitedSequencePoints="1" numBranchPoints="2" visitedBranchPoints="1" sequenceCoverage="100" branchCoverage="50" maxCyclomaticComplexity="2" minCyclomaticComplexity="2" visitedClasses="0" numClasses="0" visitedMethods="1" numMethods="1" />
              <MetadataToken />
              <Name>System.Nullable`1&lt;System.DateTime&gt; Clinica.API.Services.Imp.AtencionService::ToUtc(System.Nullable`1&lt;System.DateTime&gt;)</Name>
              <FileRef uid="1" />
              <SequencePoints>
                <SequencePoint vc="1" uspid="432" ordinal="0" sl="432" sc="1" el="432" ec="2" bec="2" bev="1" fileid="1" />
              </SequencePoints>
              <BranchPoints>
                <BranchPoint vc="1" uspid="432" ordinal="0" path="0" offset="7" offsetend="9" sl="432" fileid="1" />
                <BranchPoint vc="0" uspid="432" ordinal="1" path="1" offset="7" offsetend="20" sl="432" fileid="1" />
              </BranchPoints>
              <MethodPoint vc="1" uspid="0" p8:type="SequencePoint" ordinal="9" offset="9" sc="0" sl="432" ec="1" el="432" bec="0" bev="0" fileid="1" xmlns:p8="xsi" />
            </Method>
            <Method cyclomaticComplexity="1" nPathComplexity="1" sequenceCoverage="100" branchCoverage="100" isConstructor="True" isGetter="False" isSetter="False" isStatic="True">
              <Summary numSequencePoints="17" visitedSequencePoints="17" numBranchPoints="0" visitedBranchPoints="0" sequenceCoverage="100" branchCoverage="100" maxCyclomaticComplexity="1" minCyclomaticComplexity="1" visitedClasses="0" numClasses="0" visitedMethods="1" numMethods="1" />
              <MetadataToken />
              <Name>System.Void Clinica.API.Services.Imp.AtencionService::.ctor(Clinica.Domain.Interfaces.IAtencionRepository,Clinica.Domain.Interfaces.ICitaRepository,Clinica.Domain.Interfaces.IPagoRepository,Clinica.Domain.Interfaces.IHistorialDetalleRepository,Clinica.Domain.Interfaces.IUsuarioActualService,Clinica.Domain.Interfaces.IPacienteRepository,Clinica.Domain.Interfaces.IServicioClinicoRepository)</Name>
              <FileRef uid="1" />
              <SequencePoints>
                <SequencePoint vc="16" uspid="20" ordinal="0" sl="20" sc="1" el="20" ec="2" bec="0" bev="0" fileid="1" />
                <SequencePoint vc="16" uspid="21" ordinal="1" sl="21" sc="1" el="21" ec="2" bec="0" bev="0" fileid="1" />
                <SequencePoint vc="16" uspid="22" ordinal="2" sl="22" sc="1" el="22" ec="2" bec="0" bev="0" fileid="1" />
                <SequencePoint vc="16" uspid="23" ordinal="3" sl="23" sc="1" el="23" ec="2" bec="0" bev="0" fileid="1" />
                <SequencePoint vc="16" uspid="24" ordinal="4" sl="24" sc="1" el="24" ec="2" bec="0" bev="0" fileid="1" />
                <SequencePoint vc="16" uspid="25" ordinal="5" sl="25" sc="1" el="25" ec="2" bec="0" bev="0" fileid="1" />
                <SequencePoint vc="16" uspid="26" ordinal="6" sl="26" sc="1" el="26" ec="2" bec="0" bev="0" fileid="1" />
                <SequencePoint vc="16" uspid="27" ordinal="7" sl="27" sc="1" el="27" ec="2" bec="0" bev="0" fileid="1" />
                <SequencePoint vc="16" uspid="28" ordinal="8" sl="28" sc="1" el="28" ec="2" bec="0" bev="0" fileid="1" />
                <SequencePoint vc="16" uspid="29" ordinal="9" sl="29" sc="1" el="29" ec="2" bec="0" bev="0" fileid="1" />
                <SequencePoint vc="16" uspid="30" ordinal="10" sl="30" sc="1" el="30" ec="2" bec="0" bev="0" fileid="1" />
                <SequencePoint vc="16" uspid="31" ordinal="11" sl="31" sc="1" el="31" ec="2" bec="0" bev="0" fileid="1" />
                <SequencePoint vc="16" uspid="32" ordinal="12" sl="32" sc="1" el="32" ec="2" bec="0" bev="0" fileid="1" />
                <SequencePoint vc="16" uspid="33" ordinal="13" sl="33" sc="1" el="33" ec="2" bec="0" bev="0" fileid="1" />
                <SequencePoint vc="16" uspid="34" ordinal="14" sl="34" sc="1" el="34" ec="2" bec="0" bev="0" fileid="1" />
                <SequencePoint vc="16" uspid="35" ordinal="15" sl="35" sc="1" el="35" ec="2" bec="0" bev="0" fileid="1" />
                <SequencePoint vc="16" uspid="36" ordinal="16" sl="36" sc="1" el="36" ec="2" bec="0" bev="0" fileid="1" />
              </SequencePoints>
              <BranchPoints />
              <MethodPoint vc="17" uspid="0" p8:type="SequencePoint" ordinal="10" offset="10" sc="0" sl="20" ec="1" el="36" bec="0" bev="0" fileid="1" xmlns:p8="xsi" />
            </Method>
          </Methods>
        </Class>
        <Class>
          <Summary numSequencePoints="25" visitedSequencePoints="25" numBranchPoints="0" visitedBranchPoints="0" sequenceCoverage="100" branchCoverage="100" maxCyclomaticComplexity="1" minCyclomaticComplexity="1" visitedClasses="1" numClasses="1" visitedMethods="2" numMethods="2" />
          <FullName>Clinica.API.Services.Imp.AuditoriaService</FullName>
          <Methods>
            <Method cyclomaticComplexity="1" nPathComplexity="1" sequenceCoverage="100" branchCoverage="100" isConstructor="True" isGetter="True" isSetter="False" isStatic="True">
              <Summary numSequencePoints="20" visitedSequencePoints="20" numBranchPoints="0" visitedBranchPoints="0" sequenceCoverage="100" branchCoverage="100" maxCyclomaticComplexity="1" minCyclomaticComplexity="1" visitedClasses="0" numClasses="0" visitedMethods="1" numMethods="1" />
              <MetadataToken />
              <Name>System.Linq.Expressions.Expression`1&lt;System.Func`2&lt;Clinica.Domain.Entities.Auditoria,Clinica.Domain.DTOs.Auditoria.AuditoriaResponseDto&gt;&gt; Clinica.API.Services.Imp.AuditoriaService::get_SelectorDto()</Name>
              <FileRef uid="2" />
              <SequencePoints>
                <SequencePoint vc="9" uspid="28" ordinal="0" sl="28" sc="1" el="28" ec="2" bec="0" bev="0" fileid="2" />
                <SequencePoint vc="9" uspid="29" ordinal="1" sl="29" sc="1" el="29" ec="2" bec="0" bev="0" fileid="2" />
                <SequencePoint vc="9" uspid="30" ordinal="2" sl="30" sc="1" el="30" ec="2" bec="0" bev="0" fileid="2" />
                <SequencePoint vc="9" uspid="31" ordinal="3" sl="31" sc="1" el="31" ec="2" bec="0" bev="0" fileid="2" />
                <SequencePoint vc="9" uspid="32" ordinal="4" sl="32" sc="1" el="32" ec="2" bec="0" bev="0" fileid="2" />
                <SequencePoint vc="9" uspid="33" ordinal="5" sl="33" sc="1" el="33" ec="2" bec="0" bev="0" fileid="2" />
                <SequencePoint vc="9" uspid="34" ordinal="6" sl="34" sc="1" el="34" ec="2" bec="0" bev="0" fileid="2" />
                <SequencePoint vc="9" uspid="35" ordinal="7" sl="35" sc="1" el="35" ec="2" bec="0" bev="0" fileid="2" />
                <SequencePoint vc="9" uspid="36" ordinal="8" sl="36" sc="1" el="36" ec="2" bec="0" bev="0" fileid="2" />
                <SequencePoint vc="9" uspid="37" ordinal="9" sl="37" sc="1" el="37" ec="2" bec="0" bev="0" fileid="2" />
                <SequencePoint vc="9" uspid="38" ordinal="10" sl="38" sc="1" el="38" ec="2" bec="0" bev="0" fileid="2" />
                <SequencePoint vc="9" uspid="39" ordinal="11" sl="39" sc="1" el="39" ec="2" bec="0" bev="0" fileid="2" />
                <SequencePoint vc="9" uspid="40" ordinal="12" sl="40" sc="1" el="40" ec="2" bec="0" bev="0" fileid="2" />
                <SequencePoint vc="9" uspid="41" ordinal="13" sl="41" sc="1" el="41" ec="2" bec="0" bev="0" fileid="2" />
                <SequencePoint vc="9" uspid="42" ordinal="14" sl="42" sc="1" el="42" ec="2" bec="0" bev="0" fileid="2" />
                <SequencePoint vc="9" uspid="43" ordinal="15" sl="43" sc="1" el="43" ec="2" bec="0" bev="0" fileid="2" />
                <SequencePoint vc="9" uspid="44" ordinal="16" sl="44" sc="1" el="44" ec="2" bec="0" bev="0" fileid="2" />
                <SequencePoint vc="9" uspid="45" ordinal="17" sl="45" sc="1" el="45" ec="2" bec="0" bev="0" fileid="2" />
                <SequencePoint vc="9" uspid="46" ordinal="18" sl="46" sc="1" el="46" ec="2" bec="0" bev="0" fileid="2" />
                <SequencePoint vc="9" uspid="47" ordinal="19" sl="47" sc="1" el="47" ec="2" bec="0" bev="0" fileid="2" />
              </SequencePoints>
              <BranchPoints />
              <MethodPoint vc="20" uspid="0" p8:type="SequencePoint" ordinal="0" offset="0" sc="0" sl="28" ec="1" el="47" bec="0" bev="0" fileid="2" xmlns:p8="xsi" />
            </Method>
            <Method cyclomaticComplexity="1" nPathComplexity="1" sequenceCoverage="100" branchCoverage="100" isConstructor="True" isGetter="False" isSetter="False" isStatic="True">
              <Summary numSequencePoints="5" visitedSequencePoints="5" numBranchPoints="0" visitedBranchPoints="0" sequenceCoverage="100" branchCoverage="100" maxCyclomaticComplexity="1" minCyclomaticComplexity="1" visitedClasses="0" numClasses="0" visitedMethods="1" numMethods="1" />
              <MetadataToken />
              <Name>System.Void Clinica.API.Services.Imp.AuditoriaService::.ctor(Clinica.Domain.Interfaces.IAuditoriaRepository,Clinica.Infrastructure.Data.ApplicationDbContext)</Name>
              <FileRef uid="2" />
              <SequencePoints>
                <SequencePoint vc="9" uspid="21" ordinal="0" sl="21" sc="1" el="21" ec="2" bec="0" bev="0" fileid="2" />
                <SequencePoint vc="9" uspid="22" ordinal="1" sl="22" sc="1" el="22" ec="2" bec="0" bev="0" fileid="2" />
                <SequencePoint vc="9" uspid="23" ordinal="2" sl="23" sc="1" el="23" ec="2" bec="0" bev="0" fileid="2" />
                <SequencePoint vc="9" uspid="24" ordinal="3" sl="24" sc="1" el="24" ec="2" bec="0" bev="0" fileid="2" />
                <SequencePoint vc="9" uspid="25" ordinal="4" sl="25" sc="1" el="25" ec="2" bec="0" bev="0" fileid="2" />
              </SequencePoints>
              <BranchPoints />
              <MethodPoint vc="5" uspid="0" p8:type="SequencePoint" ordinal="1" offset="1" sc="0" sl="21" ec="1" el="25" bec="0" bev="0" fileid="2" xmlns:p8="xsi" />
            </Method>
          </Methods>
        </Class>
        <Class>
          <Summary numSequencePoints="9" visitedSequencePoints="9" numBranchPoints="0" visitedBranchPoints="0" sequenceCoverage="100" branchCoverage="100" maxCyclomaticComplexity="1" minCyclomaticComplexity="1" visitedClasses="1" numClasses="1" visitedMethods="1" numMethods="1" />
          <FullName>Clinica.API.Services.Imp.AuthService</FullName>
          <Methods>
            <Method cyclomaticComplexity="1" nPathComplexity="1" sequenceCoverage="100" branchCoverage="100" isConstructor="True" isGetter="False" isSetter="False" isStatic="True">
              <Summary numSequencePoints="9" visitedSequencePoints="9" numBranchPoints="0" visitedBranchPoints="0" sequenceCoverage="100" branchCoverage="100" maxCyclomaticComplexity="1" minCyclomaticComplexity="1" visitedClasses="0" numClasses="0" visitedMethods="1" numMethods="1" />
              <MetadataToken />
              <Name>System.Void Clinica.API.Services.Imp.AuthService::.ctor(Clinica.Domain.Interfaces.IUsuarioRepository,Clinica.Domain.Interfaces.IUsuarioActualService,Clinica.API.Helpers.JwtHelper)</Name>
              <FileRef uid="3" />
              <SequencePoints>
                <SequencePoint vc="11" uspid="14" ordinal="0" sl="14" sc="1" el="14" ec="2" bec="0" bev="0" fileid="3" />
                <SequencePoint vc="11" uspid="15" ordinal="1" sl="15" sc="1" el="15" ec="2" bec="0" bev="0" fileid="3" />
                <SequencePoint vc="11" uspid="16" ordinal="2" sl="16" sc="1" el="16" ec="2" bec="0" bev="0" fileid="3" />
                <SequencePoint vc="11" uspid="17" ordinal="3" sl="17" sc="1" el="17" ec="2" bec="0" bev="0" fileid="3" />
                <SequencePoint vc="11" uspid="18" ordinal="4" sl="18" sc="1" el="18" ec="2" bec="0" bev="0" fileid="3" />
                <SequencePoint vc="11" uspid="19" ordinal="5" sl="19" sc="1" el="19" ec="2" bec="0" bev="0" fileid="3" />
                <SequencePoint vc="11" uspid="20" ordinal="6" sl="20" sc="1" el="20" ec="2" bec="0" bev="0" fileid="3" />
                <SequencePoint vc="11" uspid="21" ordinal="7" sl="21" sc="1" el="21" ec="2" bec="0" bev="0" fileid="3" />
                <SequencePoint vc="11" uspid="22" ordinal="8" sl="22" sc="1" el="22" ec="2" bec="0" bev="0" fileid="3" />
              </SequencePoints>
              <BranchPoints />
              <MethodPoint vc="9" uspid="0" p8:type="SequencePoint" ordinal="0" offset="0" sc="0" sl="14" ec="1" el="22" bec="0" bev="0" fileid="3" xmlns:p8="xsi" />
            </Method>
          </Methods>
        </Class>
        <Class>
          <Summary numSequencePoints="40" visitedSequencePoints="40" numBranchPoints="8" visitedBranchPoints="8" sequenceCoverage="100" branchCoverage="100" maxCyclomaticComplexity="8" minCyclomaticComplexity="1" visitedClasses="1" numClasses="1" visitedMethods="3" numMethods="3" />
          <FullName>Clinica.API.Services.Imp.CitaService</FullName>
          <Methods>
            <Method cyclomaticComplexity="8" nPathComplexity="8" sequenceCoverage="100" branchCoverage="100" isConstructor="False" isGetter="False" isSetter="False" isStatic="True">
              <Summary numSequencePoints="20" visitedSequencePoints="20" numBranchPoints="8" visitedBranchPoints="8" sequenceCoverage="100" branchCoverage="100" maxCyclomaticComplexity="8" minCyclomaticComplexity="8" visitedClasses="0" numClasses="0" visitedMethods="1" numMethods="1" />
              <MetadataToken />
              <Name>Clinica.Domain.DTOs.Citas.CitaResponseDto Clinica.API.Services.Imp.CitaService::MapearCita(Clinica.Domain.Entities.Cita)</Name>
              <FileRef uid="4" />
              <SequencePoints>
                <SequencePoint vc="8" uspid="179" ordinal="0" sl="179" sc="1" el="179" ec="2" bec="0" bev="0" fileid="4" />
                <SequencePoint vc="8" uspid="180" ordinal="1" sl="180" sc="1" el="180" ec="2" bec="8" bev="8" fileid="4" />
                <SequencePoint vc="8" uspid="181" ordinal="2" sl="181" sc="1" el="181" ec="2" bec="0" bev="0" fileid="4" />
                <SequencePoint vc="8" uspid="182" ordinal="3" sl="182" sc="1" el="182" ec="2" bec="0" bev="0" fileid="4" />
                <SequencePoint vc="8" uspid="183" ordinal="4" sl="183" sc="1" el="183" ec="2" bec="0" bev="0" fileid="4" />
                <SequencePoint vc="8" uspid="184" ordinal="5" sl="184" sc="1" el="184" ec="2" bec="0" bev="0" fileid="4" />
                <SequencePoint vc="8" uspid="185" ordinal="6" sl="185" sc="1" el="185" ec="2" bec="0" bev="0" fileid="4" />
                <SequencePoint vc="8" uspid="186" ordinal="7" sl="186" sc="1" el="186" ec="2" bec="0" bev="0" fileid="4" />
                <SequencePoint vc="8" uspid="187" ordinal="8" sl="187" sc="1" el="187" ec="2" bec="0" bev="0" fileid="4" />
                <SequencePoint vc="8" uspid="188" ordinal="9" sl="188" sc="1" el="188" ec="2" bec="0" bev="0" fileid="4" />
                <SequencePoint vc="8" uspid="189" ordinal="10" sl="189" sc="1" el="189" ec="2" bec="0" bev="0" fileid="4" />
                <SequencePoint vc="8" uspid="190" ordinal="11" sl="190" sc="1" el="190" ec="2" bec="0" bev="0" fileid="4" />
                <SequencePoint vc="8" uspid="191" ordinal="12" sl="191" sc="1" el="191" ec="2" bec="0" bev="0" fileid="4" />
                <SequencePoint vc="8" uspid="192" ordinal="13" sl="192" sc="1" el="192" ec="2" bec="0" bev="0" fileid="4" />
                <SequencePoint vc="8" uspid="193" ordinal="14" sl="193" sc="1" el="193" ec="2" bec="0" bev="0" fileid="4" />
                <SequencePoint vc="8" uspid="194" ordinal="15" sl="194" sc="1" el="194" ec="2" bec="0" bev="0" fileid="4" />
                <SequencePoint vc="8" uspid="195" ordinal="16" sl="195" sc="1" el="195" ec="2" bec="0" bev="0" fileid="4" />
                <SequencePoint vc="8" uspid="196" ordinal="17" sl="196" sc="1" el="196" ec="2" bec="0" bev="0" fileid="4" />
                <SequencePoint vc="8" uspid="197" ordinal="18" sl="197" sc="1" el="197" ec="2" bec="0" bev="0" fileid="4" />
                <SequencePoint vc="8" uspid="198" ordinal="19" sl="198" sc="1" el="198" ec="2" bec="0" bev="0" fileid="4" />
              </SequencePoints>
              <BranchPoints>
                <BranchPoint vc="7" uspid="180" ordinal="0" path="0" offset="52" offsetend="54" sl="180" fileid="4" />
                <BranchPoint vc="1" uspid="180" ordinal="1" path="1" offset="52" offsetend="88" sl="180" fileid="4" />
                <BranchPoint vc="7" uspid="180" ordinal="2" path="0" offset="119" offsetend="121" sl="180" fileid="4" />
                <BranchPoint vc="1" uspid="180" ordinal="3" path="1" offset="119" offsetend="155" sl="180" fileid="4" />
                <BranchPoint vc="1" uspid="180" ordinal="4" path="0" offset="187" offsetend="189" sl="180" fileid="4" />
                <BranchPoint vc="7" uspid="180" ordinal="5" path="1" offset="187" offsetend="193" sl="180" fileid="4" />
                <BranchPoint vc="1" uspid="180" ordinal="6" path="0" offset="199" offsetend="201" sl="180" fileid="4" />
                <BranchPoint vc="8" uspid="180" ordinal="7" path="1" offset="199" offsetend="207" sl="180" fileid="4" />
              </BranchPoints>
              <MethodPoint vc="20" uspid="0" p8:type="SequencePoint" ordinal="0" offset="0" sc="0" sl="179" ec="1" el="198" bec="0" bev="0" fileid="4" xmlns:p8="xsi" />
            </Method>
            <Method cyclomaticComplexity="1" nPathComplexity="1" sequenceCoverage="100" branchCoverage="100" isConstructor="False" isGetter="False" isSetter="False" isStatic="True">
              <Summary numSequencePoints="3" visitedSequencePoints="3" numBranchPoints="0" visitedBranchPoints="0" sequenceCoverage="100" branchCoverage="100" maxCyclomaticComplexity="1" minCyclomaticComplexity="1" visitedClasses="0" numClasses="0" visitedMethods="1" numMethods="1" />
              <MetadataToken />
              <Name>System.String Clinica.API.Services.Imp.CitaService::GenerarCodigo(System.String,System.String)</Name>
              <FileRef uid="4" />
              <SequencePoints>
                <SequencePoint vc="3" uspid="201" ordinal="0" sl="201" sc="1" el="201" ec="2" bec="0" bev="0" fileid="4" />
                <SequencePoint vc="3" uspid="202" ordinal="1" sl="202" sc="1" el="202" ec="2" bec="0" bev="0" fileid="4" />
                <SequencePoint vc="3" uspid="203" ordinal="2" sl="203" sc="1" el="203" ec="2" bec="0" bev="0" fileid="4" />
              </SequencePoints>
              <BranchPoints />
              <MethodPoint vc="3" uspid="0" p8:type="SequencePoint" ordinal="1" offset="1" sc="0" sl="201" ec="1" el="203" bec="0" bev="0" fileid="4" xmlns:p8="xsi" />
            </Method>
            <Method cyclomaticComplexity="1" nPathComplexity="1" sequenceCoverage="100" branchCoverage="100" isConstructor="True" isGetter="False" isSetter="False" isStatic="True">
              <Summary numSequencePoints="17" visitedSequencePoints="17" numBranchPoints="0" visitedBranchPoints="0" sequenceCoverage="100" branchCoverage="100" maxCyclomaticComplexity="1" minCyclomaticComplexity="1" visitedClasses="0" numClasses="0" visitedMethods="1" numMethods="1" />
              <MetadataToken />
              <Name>System.Void Clinica.API.Services.Imp.CitaService::.ctor(Clinica.Domain.Interfaces.ICitaRepository,Clinica.Domain.Interfaces.IPacienteRepository,Clinica.Domain.Interfaces.IDoctorRepository,Clinica.Domain.Interfaces.IServicioClinicoRepository,Clinica.Domain.Interfaces.IHistorialClinicoRepository,Clinica.Domain.Interfaces.IHistorialDetalleRepository,Clinica.Domain.Interfaces.IUsuarioActualService)</Name>
              <FileRef uid="4" />
              <SequencePoints>
                <SequencePoint vc="23" uspid="18" ordinal="0" sl="18" sc="1" el="18" ec="2" bec="0" bev="0" fileid="4" />
                <SequencePoint vc="23" uspid="19" ordinal="1" sl="19" sc="1" el="19" ec="2" bec="0" bev="0" fileid="4" />
                <SequencePoint vc="23" uspid="20" ordinal="2" sl="20" sc="1" el="20" ec="2" bec="0" bev="0" fileid="4" />
                <SequencePoint vc="23" uspid="21" ordinal="3" sl="21" sc="1" el="21" ec="2" bec="0" bev="0" fileid="4" />
                <SequencePoint vc="23" uspid="22" ordinal="4" sl="22" sc="1" el="22" ec="2" bec="0" bev="0" fileid="4" />
                <SequencePoint vc="23" uspid="23" ordinal="5" sl="23" sc="1" el="23" ec="2" bec="0" bev="0" fileid="4" />
                <SequencePoint vc="23" uspid="24" ordinal="6" sl="24" sc="1" el="24" ec="2" bec="0" bev="0" fileid="4" />
                <SequencePoint vc="23" uspid="25" ordinal="7" sl="25" sc="1" el="25" ec="2" bec="0" bev="0" fileid="4" />
                <SequencePoint vc="23" uspid="26" ordinal="8" sl="26" sc="1" el="26" ec="2" bec="0" bev="0" fileid="4" />
                <SequencePoint vc="23" uspid="27" ordinal="9" sl="27" sc="1" el="27" ec="2" bec="0" bev="0" fileid="4" />
                <SequencePoint vc="23" uspid="28" ordinal="10" sl="28" sc="1" el="28" ec="2" bec="0" bev="0" fileid="4" />
                <SequencePoint vc="23" uspid="29" ordinal="11" sl="29" sc="1" el="29" ec="2" bec="0" bev="0" fileid="4" />
                <SequencePoint vc="23" uspid="30" ordinal="12" sl="30" sc="1" el="30" ec="2" bec="0" bev="0" fileid="4" />
                <SequencePoint vc="23" uspid="31" ordinal="13" sl="31" sc="1" el="31" ec="2" bec="0" bev="0" fileid="4" />
                <SequencePoint vc="23" uspid="32" ordinal="14" sl="32" sc="1" el="32" ec="2" bec="0" bev="0" fileid="4" />
                <SequencePoint vc="23" uspid="33" ordinal="15" sl="33" sc="1" el="33" ec="2" bec="0" bev="0" fileid="4" />
                <SequencePoint vc="23" uspid="34" ordinal="16" sl="34" sc="1" el="34" ec="2" bec="0" bev="0" fileid="4" />
              </SequencePoints>
              <BranchPoints />
              <MethodPoint vc="17" uspid="0" p8:type="SequencePoint" ordinal="2" offset="2" sc="0" sl="18" ec="1" el="34" bec="0" bev="0" fileid="4" xmlns:p8="xsi" />
            </Method>
          </Methods>
        </Class>
        <Class>
          <Summary numSequencePoints="275" visitedSequencePoints="275" numBranchPoints="172" visitedBranchPoints="120" sequenceCoverage="100" branchCoverage="69.76" maxCyclomaticComplexity="68" minCyclomaticComplexity="1" visitedClasses="1" numClasses="1" visitedMethods="10" numMethods="10" />
          <FullName>Clinica.API.Services.Imp.ComprobanteService</FullName>
          <Methods>
            <Method cyclomaticComplexity="1" nPathComplexity="1" sequenceCoverage="100" branchCoverage="100" isConstructor="False" isGetter="True" isSetter="False" isStatic="True">
              <Summary numSequencePoints="1" visitedSequencePoints="1" numBranchPoints="0" visitedBranchPoints="0" sequenceCoverage="100" branchCoverage="100" maxCyclomaticComplexity="1" minCyclomaticComplexity="1" visitedClasses="0" numClasses="0" visitedMethods="1" numMethods="1" />
              <MetadataToken />
              <Name>System.Decimal Clinica.API.Services.Imp.ComprobanteService::get_TasaIgvActiva()</Name>
              <FileRef uid="5" />
              <SequencePoints>
                <SequencePoint vc="9" uspid="12" ordinal="0" sl="12" sc="1" el="12" ec="2" bec="0" bev="0" fileid="5" />
              </SequencePoints>
              <BranchPoints />
              <MethodPoint vc="1" uspid="0" p8:type="SequencePoint" ordinal="0" offset="0" sc="0" sl="12" ec="1" el="12" bec="0" bev="0" fileid="5" xmlns:p8="xsi" />
            </Method>
            <Method cyclomaticComplexity="6" nPathComplexity="6" sequenceCoverage="100" branchCoverage="100" isConstructor="False" isGetter="False" isSetter="False" isStatic="True">
              <Summary numSequencePoints="11" visitedSequencePoints="11" numBranchPoints="6" visitedBranchPoints="6" sequenceCoverage="100" branchCoverage="100" maxCyclomaticComplexity="6" minCyclomaticComplexity="6" visitedClasses="0" numClasses="0" visitedMethods="1" numMethods="1" />
              <MetadataToken />
              <Name>System.String Clinica.API.Services.Imp.ComprobanteService::ObtenerSerie(Clinica.Domain.Enums.TipoComprobante)</Name>
              <FileRef uid="5" />
              <SequencePoints>
                <SequencePoint vc="8" uspid="742" ordinal="0" sl="742" sc="1" el="742" ec="2" bec="0" bev="0" fileid="5" />
                <SequencePoint vc="8" uspid="743" ordinal="1" sl="743" sc="1" el="743" ec="2" bec="6" bev="6" fileid="5" />
                <SequencePoint vc="8" uspid="744" ordinal="2" sl="744" sc="1" el="744" ec="2" bec="0" bev="0" fileid="5" />
                <SequencePoint vc="1" uspid="745" ordinal="3" sl="745" sc="1" el="745" ec="2" bec="0" bev="0" fileid="5" />
                <SequencePoint vc="1" uspid="746" ordinal="4" sl="746" sc="1" el="746" ec="2" bec="0" bev="0" fileid="5" />
                <SequencePoint vc="1" uspid="747" ordinal="5" sl="747" sc="1" el="747" ec="2" bec="0" bev="0" fileid="5" />
                <SequencePoint vc="1" uspid="748" ordinal="6" sl="748" sc="1" el="748" ec="2" bec="0" bev="0" fileid="5" />
                <SequencePoint vc="1" uspid="749" ordinal="7" sl="749" sc="1" el="749" ec="2" bec="0" bev="0" fileid="5" />
                <SequencePoint vc="3" uspid="750" ordinal="8" sl="750" sc="1" el="750" ec="2" bec="0" bev="0" fileid="5" />
                <SequencePoint vc="8" uspid="751" ordinal="9" sl="751" sc="1" el="751" ec="2" bec="0" bev="0" fileid="5" />
                <SequencePoint vc="8" uspid="752" ordinal="10" sl="752" sc="1" el="752" ec="2" bec="0" bev="0" fileid="5" />
              </SequencePoints>
              <BranchPoints>
                <BranchPoint vc="1" uspid="743" ordinal="1" path="1" offset="8" offsetend="35" sl="743" fileid="5" />
                <BranchPoint vc="1" uspid="743" ordinal="2" path="2" offset="8" offsetend="43" sl="743" fileid="5" />
                <BranchPoint vc="1" uspid="743" ordinal="3" path="3" offset="8" offsetend="51" sl="743" fileid="5" />
                <BranchPoint vc="1" uspid="743" ordinal="4" path="4" offset="8" offsetend="59" sl="743" fileid="5" />
                <BranchPoint vc="1" uspid="743" ordinal="5" path="5" offset="8" offsetend="67" sl="743" fileid="5" />
                <BranchPoint vc="3" uspid="743" ordinal="0" path="0" offset="8" offsetend="75" sl="743" fileid="5" />
              </BranchPoints>
              <MethodPoint vc="11" uspid="0" p8:type="SequencePoint" ordinal="1" offset="1" sc="0" sl="742" ec="1" el="752" bec="0" bev="0" fileid="5" xmlns:p8="xsi" />
            </Method>
            <Method cyclomaticComplexity="1" nPathComplexity="1" sequenceCoverage="100" branchCoverage="100" isConstructor="False" isGetter="False" isSetter="False" isStatic="True">
              <Summary numSequencePoints="3" visitedSequencePoints="3" numBranchPoints="0" visitedBranchPoints="0" sequenceCoverage="100" branchCoverage="100" maxCyclomaticComplexity="1" minCyclomaticComplexity="1" visitedClasses="0" numClasses="0" visitedMethods="1" numMethods="1" />
              <MetadataToken />
              <Name>System.Decimal Clinica.API.Services.Imp.ComprobanteService::CalcularSubtotalDesdeTotal(System.Decimal,System.Decimal)</Name>
              <FileRef uid="5" />
              <SequencePoints>
                <SequencePoint vc="3" uspid="755" ordinal="0" sl="755" sc="1" el="755" ec="2" bec="0" bev="0" fileid="5" />
                <SequencePoint vc="3" uspid="756" ordinal="1" sl="756" sc="1" el="756" ec="2" bec="0" bev="0" fileid="5" />
                <SequencePoint vc="3" uspid="757" ordinal="2" sl="757" sc="1" el="757" ec="2" bec="0" bev="0" fileid="5" />
              </SequencePoints>
              <BranchPoints />
              <MethodPoint vc="3" uspid="0" p8:type="SequencePoint" ordinal="2" offset="2" sc="0" sl="755" ec="1" el="757" bec="0" bev="0" fileid="5" xmlns:p8="xsi" />
            </Method>
            <Method cyclomaticComplexity="30" nPathComplexity="30" sequenceCoverage="100" branchCoverage="90" isConstructor="False" isGetter="False" isSetter="False" isStatic="True">
              <Summary numSequencePoints="43" visitedSequencePoints="43" numBranchPoints="30" visitedBranchPoints="27" sequenceCoverage="100" branchCoverage="90" maxCyclomaticComplexity="30" minCyclomaticComplexity="30" visitedClasses="0" numClasses="0" visitedMethods="1" numMethods="1" />
              <MetadataToken />
              <Name>Clinica.Domain.DTOs.Comprobantes.ComprobanteAtencionPreviewDto Clinica.API.Services.Imp.ComprobanteService::MapearAtencionPreview(Clinica.Domain.Entities.ATENCIONES.Atencion,System.String)</Name>
              <FileRef uid="5" />
              <SequencePoints>
                <SequencePoint vc="5" uspid="762" ordinal="0" sl="762" sc="1" el="762" ec="2" bec="0" bev="0" fileid="5" />
                <SequencePoint vc="5" uspid="763" ordinal="1" sl="763" sc="1" el="763" ec="2" bec="2" bev="1" fileid="5" />
                <SequencePoint vc="5" uspid="764" ordinal="2" sl="764" sc="1" el="764" ec="2" bec="2" bev="1" fileid="5" />
                <SequencePoint vc="5" uspid="765" ordinal="3" sl="765" sc="1" el="765" ec="2" bec="2" bev="1" fileid="5" />
                <SequencePoint vc="5" uspid="767" ordinal="4" sl="767" sc="1" el="767" ec="2" bec="24" bev="24" fileid="5" />
                <SequencePoint vc="5" uspid="768" ordinal="5" sl="768" sc="1" el="768" ec="2" bec="0" bev="0" fileid="5" />
                <SequencePoint vc="5" uspid="769" ordinal="6" sl="769" sc="1" el="769" ec="2" bec="0" bev="0" fileid="5" />
                <SequencePoint vc="5" uspid="770" ordinal="7" sl="770" sc="1" el="770" ec="2" bec="0" bev="0" fileid="5" />
                <SequencePoint vc="5" uspid="771" ordinal="8" sl="771" sc="1" el="771" ec="2" bec="0" bev="0" fileid="5" />
                <SequencePoint vc="5" uspid="772" ordinal="9" sl="772" sc="1" el="772" ec="2" bec="0" bev="0" fileid="5" />
                <SequencePoint vc="5" uspid="773" ordinal="10" sl="773" sc="1" el="773" ec="2" bec="0" bev="0" fileid="5" />
                <SequencePoint vc="5" uspid="774" ordinal="11" sl="774" sc="1" el="774" ec="2" bec="0" bev="0" fileid="5" />
                <SequencePoint vc="5" uspid="775" ordinal="12" sl="775" sc="1" el="775" ec="2" bec="0" bev="0" fileid="5" />
                <SequencePoint vc="5" uspid="776" ordinal="13" sl="776" sc="1" el="776" ec="2" bec="0" bev="0" fileid="5" />
                <SequencePoint vc="5" uspid="777" ordinal="14" sl="777" sc="1" el="777" ec="2" bec="0" bev="0" fileid="5" />
                <SequencePoint vc="5" uspid="778" ordinal="15" sl="778" sc="1" el="778" ec="2" bec="0" bev="0" fileid="5" />
                <SequencePoint vc="5" uspid="779" ordinal="16" sl="779" sc="1" el="779" ec="2" bec="0" bev="0" fileid="5" />
                <SequencePoint vc="5" uspid="780" ordinal="17" sl="780" sc="1" el="780" ec="2" bec="0" bev="0" fileid="5" />
                <SequencePoint vc="5" uspid="781" ordinal="18" sl="781" sc="1" el="781" ec="2" bec="0" bev="0" fileid="5" />
                <SequencePoint vc="5" uspid="782" ordinal="19" sl="782" sc="1" el="782" ec="2" bec="0" bev="0" fileid="5" />
                <SequencePoint vc="5" uspid="783" ordinal="20" sl="783" sc="1" el="783" ec="2" bec="0" bev="0" fileid="5" />
                <SequencePoint vc="5" uspid="784" ordinal="21" sl="784" sc="1" el="784" ec="2" bec="0" bev="0" fileid="5" />
                <SequencePoint vc="5" uspid="785" ordinal="22" sl="785" sc="1" el="785" ec="2" bec="0" bev="0" fileid="5" />
                <SequencePoint vc="5" uspid="786" ordinal="23" sl="786" sc="1" el="786" ec="2" bec="0" bev="0" fileid="5" />
                <SequencePoint vc="5" uspid="787" ordinal="24" sl="787" sc="1" el="787" ec="2" bec="0" bev="0" fileid="5" />
                <SequencePoint vc="5" uspid="788" ordinal="25" sl="788" sc="1" el="788" ec="2" bec="0" bev="0" fileid="5" />
                <SequencePoint vc="5" uspid="789" ordinal="26" sl="789" sc="1" el="789" ec="2" bec="0" bev="0" fileid="5" />
                <SequencePoint vc="5" uspid="790" ordinal="27" sl="790" sc="1" el="790" ec="2" bec="0" bev="0" fileid="5" />
                <SequencePoint vc="5" uspid="791" ordinal="28" sl="791" sc="1" el="791" ec="2" bec="0" bev="0" fileid="5" />
                <SequencePoint vc="5" uspid="792" ordinal="29" sl="792" sc="1" el="792" ec="2" bec="0" bev="0" fileid="5" />
                <SequencePoint vc="5" uspid="793" ordinal="30" sl="793" sc="1" el="793" ec="2" bec="0" bev="0" fileid="5" />
                <SequencePoint vc="5" uspid="794" ordinal="31" sl="794" sc="1" el="794" ec="2" bec="0" bev="0" fileid="5" />
                <SequencePoint vc="5" uspid="795" ordinal="32" sl="795" sc="1" el="795" ec="2" bec="0" bev="0" fileid="5" />
                <SequencePoint vc="5" uspid="796" ordinal="33" sl="796" sc="1" el="796" ec="2" bec="0" bev="0" fileid="5" />
                <SequencePoint vc="5" uspid="797" ordinal="34" sl="797" sc="1" el="797" ec="2" bec="0" bev="0" fileid="5" />
                <SequencePoint vc="5" uspid="798" ordinal="35" sl="798" sc="1" el="798" ec="2" bec="0" bev="0" fileid="5" />
                <SequencePoint vc="5" uspid="799" ordinal="36" sl="799" sc="1" el="799" ec="2" bec="0" bev="0" fileid="5" />
                <SequencePoint vc="5" uspid="800" ordinal="37" sl="800" sc="1" el="800" ec="2" bec="0" bev="0" fileid="5" />
                <SequencePoint vc="5" uspid="801" ordinal="38" sl="801" sc="1" el="801" ec="2" bec="0" bev="0" fileid="5" />
                <SequencePoint vc="5" uspid="802" ordinal="39" sl="802" sc="1" el="802" ec="2" bec="0" bev="0" fileid="5" />
                <SequencePoint vc="5" uspid="803" ordinal="40" sl="803" sc="1" el="803" ec="2" bec="0" bev="0" fileid="5" />
                <SequencePoint vc="5" uspid="804" ordinal="41" sl="804" sc="1" el="804" ec="2" bec="0" bev="0" fileid="5" />
                <SequencePoint vc="5" uspid="805" ordinal="42" sl="805" sc="1" el="805" ec="2" bec="0" bev="0" fileid="5" />
              </SequencePoints>
              <BranchPoints>
                <BranchPoint vc="0" uspid="763" ordinal="0" path="0" offset="8" offsetend="10" sl="763" fileid="5" />
                <BranchPoint vc="5" uspid="763" ordinal="1" path="1" offset="8" offsetend="18" sl="763" fileid="5" />
                <BranchPoint vc="0" uspid="764" ordinal="2" path="0" offset="62" offsetend="64" sl="764" fileid="5" />
                <BranchPoint vc="5" uspid="764" ordinal="3" path="1" offset="62" offsetend="72" sl="764" fileid="5" />
                <BranchPoint vc="0" uspid="765" ordinal="4" path="0" offset="116" offsetend="118" sl="765" fileid="5" />
                <BranchPoint vc="5" uspid="765" ordinal="5" path="1" offset="116" offsetend="126" sl="765" fileid="5" />
                <BranchPoint vc="1" uspid="767" ordinal="6" path="0" offset="209" offsetend="211" sl="767" fileid="5" />
                <BranchPoint vc="5" uspid="767" ordinal="7" path="1" offset="209" offsetend="217" sl="767" fileid="5" />
                <BranchPoint vc="4" uspid="767" ordinal="8" path="0" offset="331" offsetend="333" sl="767" fileid="5" />
                <BranchPoint vc="1" uspid="767" ordinal="9" path="1" offset="331" offsetend="367" sl="767" fileid="5" />
                <BranchPoint vc="1" uspid="767" ordinal="10" path="0" offset="386" offsetend="388" sl="767" fileid="5" />
                <BranchPoint vc="4" uspid="767" ordinal="11" path="1" offset="386" offsetend="392" sl="767" fileid="5" />
                <BranchPoint vc="2" uspid="767" ordinal="12" path="0" offset="398" offsetend="400" sl="767" fileid="5" />
                <BranchPoint vc="5" uspid="767" ordinal="13" path="1" offset="398" offsetend="406" sl="767" fileid="5" />
                <BranchPoint vc="1" uspid="767" ordinal="14" path="0" offset="433" offsetend="435" sl="767" fileid="5" />
                <BranchPoint vc="4" uspid="767" ordinal="15" path="1" offset="433" offsetend="439" sl="767" fileid="5" />
                <BranchPoint vc="1" uspid="767" ordinal="16" path="0" offset="445" offsetend="447" sl="767" fileid="5" />
                <BranchPoint vc="5" uspid="767" ordinal="17" path="1" offset="445" offsetend="453" sl="767" fileid="5" />
                <BranchPoint vc="4" uspid="767" ordinal="18" path="0" offset="493" offsetend="495" sl="767" fileid="5" />
                <BranchPoint vc="1" uspid="767" ordinal="19" path="1" offset="493" offsetend="499" sl="767" fileid="5" />
                <BranchPoint vc="4" uspid="767" ordinal="20" path="0" offset="505" offsetend="507" sl="767" fileid="5" />
                <BranchPoint vc="5" uspid="767" ordinal="21" path="1" offset="505" offsetend="513" sl="767" fileid="5" />
                <BranchPoint vc="4" uspid="767" ordinal="22" path="0" offset="527" offsetend="529" sl="767" fileid="5" />
                <BranchPoint vc="1" uspid="767" ordinal="23" path="1" offset="527" offsetend="533" sl="767" fileid="5" />
                <BranchPoint vc="4" uspid="767" ordinal="24" path="0" offset="552" offsetend="554" sl="767" fileid="5" />
                <BranchPoint vc="1" uspid="767" ordinal="25" path="1" offset="552" offsetend="558" sl="767" fileid="5" />
                <BranchPoint vc="4" uspid="767" ordinal="26" path="0" offset="577" offsetend="579" sl="767" fileid="5" />
                <BranchPoint vc="1" uspid="767" ordinal="27" path="1" offset="577" offsetend="583" sl="767" fileid="5" />
                <BranchPoint vc="4" uspid="767" ordinal="28" path="0" offset="602" offsetend="604" sl="767" fileid="5" />
                <BranchPoint vc="1" uspid="767" ordinal="29" path="1" offset="602" offsetend="608" sl="767" fileid="5" />
              </BranchPoints>
              <MethodPoint vc="43" uspid="0" p8:type="SequencePoint" ordinal="3" offset="3" sc="0" sl="762" ec="1" el="805" bec="0" bev="0" fileid="5" xmlns:p8="xsi" />
            </Method>
            <Method cyclomaticComplexity="24" nPathComplexity="24" sequenceCoverage="100" branchCoverage="75" isConstructor="False" isGetter="False" isSetter="False" isStatic="True">
              <Summary numSequencePoints="48" visitedSequencePoints="48" numBranchPoints="24" visitedBranchPoints="18" sequenceCoverage="100" branchCoverage="75" maxCyclomaticComplexity="24" minCyclomaticComplexity="24" visitedClasses="0" numClasses="0" visitedMethods="1" numMethods="1" />
              <MetadataToken />
              <Name>Clinica.Domain.DTOs.Comprobantes.ComprobantePagoPreviewDto Clinica.API.Services.Imp.ComprobanteService::MapearPagoPreview(Clinica.Domain.Entities.Comprobante)</Name>
              <FileRef uid="5" />
              <SequencePoints>
                <SequencePoint vc="2" uspid="808" ordinal="0" sl="808" sc="1" el="808" ec="2" bec="0" bev="0" fileid="5" />
                <SequencePoint vc="2" uspid="809" ordinal="1" sl="809" sc="1" el="809" ec="2" bec="24" bev="18" fileid="5" />
                <SequencePoint vc="2" uspid="810" ordinal="2" sl="810" sc="1" el="810" ec="2" bec="0" bev="0" fileid="5" />
                <SequencePoint vc="2" uspid="811" ordinal="3" sl="811" sc="1" el="811" ec="2" bec="0" bev="0" fileid="5" />
                <SequencePoint vc="2" uspid="812" ordinal="4" sl="812" sc="1" el="812" ec="2" bec="0" bev="0" fileid="5" />
                <SequencePoint vc="2" uspid="813" ordinal="5" sl="813" sc="1" el="813" ec="2" bec="0" bev="0" fileid="5" />
                <SequencePoint vc="2" uspid="814" ordinal="6" sl="814" sc="1" el="814" ec="2" bec="0" bev="0" fileid="5" />
                <SequencePoint vc="2" uspid="815" ordinal="7" sl="815" sc="1" el="815" ec="2" bec="0" bev="0" fileid="5" />
                <SequencePoint vc="2" uspid="816" ordinal="8" sl="816" sc="1" el="816" ec="2" bec="0" bev="0" fileid="5" />
                <SequencePoint vc="2" uspid="817" ordinal="9" sl="817" sc="1" el="817" ec="2" bec="0" bev="0" fileid="5" />
                <SequencePoint vc="2" uspid="818" ordinal="10" sl="818" sc="1" el="818" ec="2" bec="0" bev="0" fileid="5" />
                <SequencePoint vc="2" uspid="819" ordinal="11" sl="819" sc="1" el="819" ec="2" bec="0" bev="0" fileid="5" />
                <SequencePoint vc="2" uspid="820" ordinal="12" sl="820" sc="1" el="820" ec="2" bec="0" bev="0" fileid="5" />
                <SequencePoint vc="2" uspid="821" ordinal="13" sl="821" sc="1" el="821" ec="2" bec="0" bev="0" fileid="5" />
                <SequencePoint vc="2" uspid="822" ordinal="14" sl="822" sc="1" el="822" ec="2" bec="0" bev="0" fileid="5" />
                <SequencePoint vc="2" uspid="823" ordinal="15" sl="823" sc="1" el="823" ec="2" bec="0" bev="0" fileid="5" />
                <SequencePoint vc="2" uspid="824" ordinal="16" sl="824" sc="1" el="824" ec="2" bec="0" bev="0" fileid="5" />
                <SequencePoint vc="2" uspid="825" ordinal="17" sl="825" sc="1" el="825" ec="2" bec="0" bev="0" fileid="5" />
                <SequencePoint vc="2" uspid="826" ordinal="18" sl="826" sc="1" el="826" ec="2" bec="0" bev="0" fileid="5" />
                <SequencePoint vc="2" uspid="827" ordinal="19" sl="827" sc="1" el="827" ec="2" bec="0" bev="0" fileid="5" />
                <SequencePoint vc="2" uspid="828" ordinal="20" sl="828" sc="1" el="828" ec="2" bec="0" bev="0" fileid="5" />
                <SequencePoint vc="2" uspid="829" ordinal="21" sl="829" sc="1" el="829" ec="2" bec="0" bev="0" fileid="5" />
                <SequencePoint vc="2" uspid="830" ordinal="22" sl="830" sc="1" el="830" ec="2" bec="0" bev="0" fileid="5" />
                <SequencePoint vc="2" uspid="831" ordinal="23" sl="831" sc="1" el="831" ec="2" bec="0" bev="0" fileid="5" />
                <SequencePoint vc="2" uspid="832" ordinal="24" sl="832" sc="1" el="832" ec="2" bec="0" bev="0" fileid="5" />
                <SequencePoint vc="2" uspid="833" ordinal="25" sl="833" sc="1" el="833" ec="2" bec="0" bev="0" fileid="5" />
                <SequencePoint vc="2" uspid="834" ordinal="26" sl="834" sc="1" el="834" ec="2" bec="0" bev="0" fileid="5" />
                <SequencePoint vc="2" uspid="835" ordinal="27" sl="835" sc="1" el="835" ec="2" bec="0" bev="0" fileid="5" />
                <SequencePoint vc="2" uspid="836" ordinal="28" sl="836" sc="1" el="836" ec="2" bec="0" bev="0" fileid="5" />
                <SequencePoint vc="2" uspid="837" ordinal="29" sl="837" sc="1" el="837" ec="2" bec="0" bev="0" fileid="5" />
                <SequencePoint vc="2" uspid="838" ordinal="30" sl="838" sc="1" el="838" ec="2" bec="0" bev="0" fileid="5" />
                <SequencePoint vc="2" uspid="839" ordinal="31" sl="839" sc="1" el="839" ec="2" bec="0" bev="0" fileid="5" />
                <SequencePoint vc="2" uspid="840" ordinal="32" sl="840" sc="1" el="840" ec="2" bec="0" bev="0" fileid="5" />
                <SequencePoint vc="2" uspid="841" ordinal="33" sl="841" sc="1" el="841" ec="2" bec="0" bev="0" fileid="5" />
                <SequencePoint vc="2" uspid="842" ordinal="34" sl="842" sc="1" el="842" ec="2" bec="0" bev="0" fileid="5" />
                <SequencePoint vc="2" uspid="843" ordinal="35" sl="843" sc="1" el="843" ec="2" bec="0" bev="0" fileid="5" />
                <SequencePoint vc="2" uspid="844" ordinal="36" sl="844" sc="1" el="844" ec="2" bec="0" bev="0" fileid="5" />
                <SequencePoint vc="2" uspid="845" ordinal="37" sl="845" sc="1" el="845" ec="2" bec="0" bev="0" fileid="5" />
                <SequencePoint vc="2" uspid="846" ordinal="38" sl="846" sc="1" el="846" ec="2" bec="0" bev="0" fileid="5" />
                <SequencePoint vc="2" uspid="847" ordinal="39" sl="847" sc="1" el="847" ec="2" bec="0" bev="0" fileid="5" />
                <SequencePoint vc="2" uspid="848" ordinal="40" sl="848" sc="1" el="848" ec="2" bec="0" bev="0" fileid="5" />
                <SequencePoint vc="2" uspid="849" ordinal="41" sl="849" sc="1" el="849" ec="2" bec="0" bev="0" fileid="5" />
                <SequencePoint vc="2" uspid="850" ordinal="42" sl="850" sc="1" el="850" ec="2" bec="0" bev="0" fileid="5" />
                <SequencePoint vc="2" uspid="851" ordinal="43" sl="851" sc="1" el="851" ec="2" bec="0" bev="0" fileid="5" />
                <SequencePoint vc="2" uspid="852" ordinal="44" sl="852" sc="1" el="852" ec="2" bec="0" bev="0" fileid="5" />
                <SequencePoint vc="2" uspid="853" ordinal="45" sl="853" sc="1" el="853" ec="2" bec="0" bev="0" fileid="5" />
[...]
              <FileRef uid="49" />
              <SequencePoints>
                <SequencePoint vc="1" uspid="22" ordinal="0" sl="22" sc="1" el="22" ec="2" bec="0" bev="0" fileid="49" />
                <SequencePoint vc="1" uspid="23" ordinal="1" sl="23" sc="1" el="23" ec="2" bec="0" bev="0" fileid="49" />
                <SequencePoint vc="1" uspid="24" ordinal="2" sl="24" sc="1" el="24" ec="2" bec="0" bev="0" fileid="49" />
                <SequencePoint vc="1" uspid="25" ordinal="3" sl="25" sc="1" el="25" ec="2" bec="0" bev="0" fileid="49" />
                <SequencePoint vc="1" uspid="26" ordinal="4" sl="26" sc="1" el="26" ec="2" bec="0" bev="0" fileid="49" />
                <SequencePoint vc="1" uspid="27" ordinal="5" sl="27" sc="1" el="27" ec="2" bec="0" bev="0" fileid="49" />
                <SequencePoint vc="1" uspid="28" ordinal="6" sl="28" sc="1" el="28" ec="2" bec="0" bev="0" fileid="49" />
                <SequencePoint vc="1" uspid="29" ordinal="7" sl="29" sc="1" el="29" ec="2" bec="0" bev="0" fileid="49" />
                <SequencePoint vc="1" uspid="30" ordinal="8" sl="30" sc="1" el="30" ec="2" bec="0" bev="0" fileid="49" />
                <SequencePoint vc="1" uspid="31" ordinal="9" sl="31" sc="1" el="31" ec="2" bec="0" bev="0" fileid="49" />
                <SequencePoint vc="1" uspid="32" ordinal="10" sl="32" sc="1" el="32" ec="2" bec="0" bev="0" fileid="49" />
              </SequencePoints>
              <BranchPoints />
              <MethodPoint vc="11" uspid="0" p8:type="SequencePoint" ordinal="0" offset="0" sc="0" sl="22" ec="1" el="32" bec="0" bev="0" fileid="49" xmlns:p8="xsi" />
            </Method>
          </Methods>
        </Class>
        <Class>
          <Summary numSequencePoints="21" visitedSequencePoints="21" numBranchPoints="0" visitedBranchPoints="0" sequenceCoverage="100" branchCoverage="100" maxCyclomaticComplexity="1" minCyclomaticComplexity="1" visitedClasses="1" numClasses="1" visitedMethods="1" numMethods="1" />
          <FullName>Clinica.API.Configurations.ValidationResponseConfig</FullName>
          <Methods>
            <Method cyclomaticComplexity="1" nPathComplexity="1" sequenceCoverage="100" branchCoverage="100" isConstructor="False" isGetter="False" isSetter="False" isStatic="True">
              <Summary numSequencePoints="21" visitedSequencePoints="21" numBranchPoints="0" visitedBranchPoints="0" sequenceCoverage="100" branchCoverage="100" maxCyclomaticComplexity="1" minCyclomaticComplexity="1" visitedClasses="0" numClasses="0" visitedMethods="1" numMethods="1" />
              <MetadataToken />
              <Name>System.Void Clinica.API.Configurations.ValidationResponseConfig::ConfigurarRespuestasDeValidacion(Microsoft.AspNetCore.Mvc.ApiBehaviorOptions)</Name>
              <FileRef uid="50" />
              <SequencePoints>
                <SequencePoint vc="4" uspid="9" ordinal="0" sl="9" sc="1" el="9" ec="2" bec="0" bev="0" fileid="50" />
                <SequencePoint vc="4" uspid="10" ordinal="1" sl="10" sc="1" el="10" ec="2" bec="0" bev="0" fileid="50" />
                <SequencePoint vc="4" uspid="11" ordinal="2" sl="11" sc="1" el="11" ec="2" bec="0" bev="0" fileid="50" />
                <SequencePoint vc="4" uspid="12" ordinal="3" sl="12" sc="1" el="12" ec="2" bec="0" bev="0" fileid="50" />
                <SequencePoint vc="4" uspid="13" ordinal="4" sl="13" sc="1" el="13" ec="2" bec="0" bev="0" fileid="50" />
                <SequencePoint vc="4" uspid="14" ordinal="5" sl="14" sc="1" el="14" ec="2" bec="0" bev="0" fileid="50" />
                <SequencePoint vc="4" uspid="15" ordinal="6" sl="15" sc="1" el="15" ec="2" bec="0" bev="0" fileid="50" />
                <SequencePoint vc="4" uspid="16" ordinal="7" sl="16" sc="1" el="16" ec="2" bec="0" bev="0" fileid="50" />
                <SequencePoint vc="4" uspid="17" ordinal="8" sl="17" sc="1" el="17" ec="2" bec="0" bev="0" fileid="50" />
                <SequencePoint vc="4" uspid="18" ordinal="9" sl="18" sc="1" el="18" ec="2" bec="0" bev="0" fileid="50" />
                <SequencePoint vc="4" uspid="19" ordinal="10" sl="19" sc="1" el="19" ec="2" bec="0" bev="0" fileid="50" />
                <SequencePoint vc="4" uspid="20" ordinal="11" sl="20" sc="1" el="20" ec="2" bec="0" bev="0" fileid="50" />
                <SequencePoint vc="4" uspid="21" ordinal="12" sl="21" sc="1" el="21" ec="2" bec="0" bev="0" fileid="50" />
                <SequencePoint vc="4" uspid="22" ordinal="13" sl="22" sc="1" el="22" ec="2" bec="0" bev="0" fileid="50" />
                <SequencePoint vc="4" uspid="23" ordinal="14" sl="23" sc="1" el="23" ec="2" bec="0" bev="0" fileid="50" />
                <SequencePoint vc="4" uspid="24" ordinal="15" sl="24" sc="1" el="24" ec="2" bec="0" bev="0" fileid="50" />
                <SequencePoint vc="4" uspid="25" ordinal="16" sl="25" sc="1" el="25" ec="2" bec="0" bev="0" fileid="50" />
                <SequencePoint vc="4" uspid="26" ordinal="17" sl="26" sc="1" el="26" ec="2" bec="0" bev="0" fileid="50" />
                <SequencePoint vc="4" uspid="27" ordinal="18" sl="27" sc="1" el="27" ec="2" bec="0" bev="0" fileid="50" />
                <SequencePoint vc="4" uspid="28" ordinal="19" sl="28" sc="1" el="28" ec="2" bec="0" bev="0" fileid="50" />
                <SequencePoint vc="4" uspid="29" ordinal="20" sl="29" sc="1" el="29" ec="2" bec="0" bev="0" fileid="50" />
              </SequencePoints>
              <BranchPoints />
              <MethodPoint vc="21" uspid="0" p8:type="SequencePoint" ordinal="0" offset="0" sc="0" sl="9" ec="1" el="29" bec="0" bev="0" fileid="50" xmlns:p8="xsi" />
            </Method>
          </Methods>
        </Class>
        <Class>
          <Summary numSequencePoints="18" visitedSequencePoints="18" numBranchPoints="0" visitedBranchPoints="0" sequenceCoverage="100" branchCoverage="100" maxCyclomaticComplexity="1" minCyclomaticComplexity="1" visitedClasses="1" numClasses="1" visitedMethods="1" numMethods="1" />
          <FullName>Clinica.API.Authorization.PermisosPolicies</FullName>
          <Methods>
            <Method cyclomaticComplexity="1" nPathComplexity="1" sequenceCoverage="100" branchCoverage="100" isConstructor="True" isGetter="False" isSetter="False" isStatic="True">
              <Summary numSequencePoints="18" visitedSequencePoints="18" numBranchPoints="0" visitedBranchPoints="0" sequenceCoverage="100" branchCoverage="100" maxCyclomaticComplexity="1" minCyclomaticComplexity="1" visitedClasses="0" numClasses="0" visitedMethods="1" numMethods="1" />
              <MetadataToken />
              <Name>System.Void Clinica.API.Authorization.PermisosPolicies::.cctor()</Name>
              <FileRef uid="51" />
              <SequencePoints>
                <SequencePoint vc="1" uspid="108" ordinal="0" sl="108" sc="1" el="108" ec="2" bec="0" bev="0" fileid="51" />
                <SequencePoint vc="1" uspid="109" ordinal="1" sl="109" sc="1" el="109" ec="2" bec="0" bev="0" fileid="51" />
                <SequencePoint vc="1" uspid="110" ordinal="2" sl="110" sc="1" el="110" ec="2" bec="0" bev="0" fileid="51" />
                <SequencePoint vc="1" uspid="111" ordinal="3" sl="111" sc="1" el="111" ec="2" bec="0" bev="0" fileid="51" />
                <SequencePoint vc="1" uspid="112" ordinal="4" sl="112" sc="1" el="112" ec="2" bec="0" bev="0" fileid="51" />
                <SequencePoint vc="1" uspid="113" ordinal="5" sl="113" sc="1" el="113" ec="2" bec="0" bev="0" fileid="51" />
                <SequencePoint vc="1" uspid="114" ordinal="6" sl="114" sc="1" el="114" ec="2" bec="0" bev="0" fileid="51" />
                <SequencePoint vc="1" uspid="115" ordinal="7" sl="115" sc="1" el="115" ec="2" bec="0" bev="0" fileid="51" />
                <SequencePoint vc="1" uspid="116" ordinal="8" sl="116" sc="1" el="116" ec="2" bec="0" bev="0" fileid="51" />
                <SequencePoint vc="1" uspid="117" ordinal="9" sl="117" sc="1" el="117" ec="2" bec="0" bev="0" fileid="51" />
                <SequencePoint vc="1" uspid="118" ordinal="10" sl="118" sc="1" el="118" ec="2" bec="0" bev="0" fileid="51" />
                <SequencePoint vc="1" uspid="119" ordinal="11" sl="119" sc="1" el="119" ec="2" bec="0" bev="0" fileid="51" />
                <SequencePoint vc="1" uspid="120" ordinal="12" sl="120" sc="1" el="120" ec="2" bec="0" bev="0" fileid="51" />
                <SequencePoint vc="1" uspid="121" ordinal="13" sl="121" sc="1" el="121" ec="2" bec="0" bev="0" fileid="51" />
                <SequencePoint vc="1" uspid="122" ordinal="14" sl="122" sc="1" el="122" ec="2" bec="0" bev="0" fileid="51" />
                <SequencePoint vc="1" uspid="123" ordinal="15" sl="123" sc="1" el="123" ec="2" bec="0" bev="0" fileid="51" />
                <SequencePoint vc="1" uspid="124" ordinal="16" sl="124" sc="1" el="124" ec="2" bec="0" bev="0" fileid="51" />
                <SequencePoint vc="1" uspid="125" ordinal="17" sl="125" sc="1" el="125" ec="2" bec="0" bev="0" fileid="51" />
              </SequencePoints>
              <BranchPoints />
              <MethodPoint vc="18" uspid="0" p8:type="SequencePoint" ordinal="0" offset="0" sc="0" sl="108" ec="1" el="125" bec="0" bev="0" fileid="51" xmlns:p8="xsi" />
            </Method>
          </Methods>
        </Class>
      </Classes>
    </Module>
    <Module hash="B5BAE710-BC29-4245-ACA7-3E16407D4D99">
      <ModulePath>Clinica.Domain.dll</ModulePath>
      <ModuleTime>2026-06-23T02:01:37</ModuleTime>
      <ModuleName>Clinica.Domain</ModuleName>
      <Files>
        <File uid="52" fullPath="F:\proyectC#\pruebasUnit\ClinicaObstPrUnit\Clinica.Domain\Validations\NotEmptyGuidAttribute.cs" />
        <File uid="53" fullPath="F:\proyectC#\pruebasUnit\ClinicaObstPrUnit\Clinica.Domain\DTOs\Usuarios\UsuarioResponseDto.cs" />
        <File uid="54" fullPath="F:\proyectC#\pruebasUnit\ClinicaObstPrUnit\Clinica.Domain\DTOs\Pacientes\PacienteResponseDto.cs" />
        <File uid="55" fullPath="F:\proyectC#\pruebasUnit\ClinicaObstPrUnit\Clinica.Domain\DTOs\Finanzas\EstadoPagoAtencionDto.cs" />
        <File uid="56" fullPath="F:\proyectC#\pruebasUnit\ClinicaObstPrUnit\Clinica.Domain\DTOs\Doctores\DoctorResponseDto.cs" />
        <File uid="57" fullPath="F:\proyectC#\pruebasUnit\ClinicaObstPrUnit\Clinica.Domain\DTOs\Comunes\PaginacionResponseDto.cs" />
      </Files>
      <Classes>
        <Class>
          <Summary numSequencePoints="3" visitedSequencePoints="3" numBranchPoints="2" visitedBranchPoints="2" sequenceCoverage="100" branchCoverage="100" maxCyclomaticComplexity="2" minCyclomaticComplexity="2" visitedClasses="1" numClasses="1" visitedMethods="1" numMethods="1" />
          <FullName>Clinica.Domain.Validations.NotEmptyGuidAttribute</FullName>
          <Methods>
            <Method cyclomaticComplexity="2" nPathComplexity="2" sequenceCoverage="100" branchCoverage="100" isConstructor="False" isGetter="False" isSetter="False" isStatic="True">
              <Summary numSequencePoints="3" visitedSequencePoints="3" numBranchPoints="2" visitedBranchPoints="2" sequenceCoverage="100" branchCoverage="100" maxCyclomaticComplexity="2" minCyclomaticComplexity="2" visitedClasses="0" numClasses="0" visitedMethods="1" numMethods="1" />
              <MetadataToken />
              <Name>System.Boolean Clinica.Domain.Validations.NotEmptyGuidAttribute::IsValid(System.Object)</Name>
              <FileRef uid="52" />
              <SequencePoints>
                <SequencePoint vc="8" uspid="8" ordinal="0" sl="8" sc="1" el="8" ec="2" bec="0" bev="0" fileid="52" />
                <SequencePoint vc="8" uspid="9" ordinal="1" sl="9" sc="1" el="9" ec="2" bec="2" bev="2" fileid="52" />
                <SequencePoint vc="8" uspid="10" ordinal="2" sl="10" sc="1" el="10" ec="2" bec="0" bev="0" fileid="52" />
              </SequencePoints>
              <BranchPoints>
                <BranchPoint vc="4" uspid="9" ordinal="0" path="0" offset="7" offsetend="9" sl="9" fileid="52" />
                <BranchPoint vc="4" uspid="9" ordinal="1" path="1" offset="7" offsetend="29" sl="9" fileid="52" />
              </BranchPoints>
              <MethodPoint vc="3" uspid="0" p8:type="SequencePoint" ordinal="0" offset="0" sc="0" sl="8" ec="1" el="10" bec="0" bev="0" fileid="52" xmlns:p8="xsi" />
            </Method>
          </Methods>
        </Class>
        <Class>
          <Summary numSequencePoints="1" visitedSequencePoints="1" numBranchPoints="0" visitedBranchPoints="0" sequenceCoverage="100" branchCoverage="100" maxCyclomaticComplexity="1" minCyclomaticComplexity="1" visitedClasses="1" numClasses="1" visitedMethods="1" numMethods="1" />
          <FullName>Clinica.Domain.DTOs.Usuarios.UsuarioResponseDto</FullName>
          <Methods>
            <Method cyclomaticComplexity="1" nPathComplexity="1" sequenceCoverage="100" branchCoverage="100" isConstructor="False" isGetter="True" isSetter="False" isStatic="True">
              <Summary numSequencePoints="1" visitedSequencePoints="1" numBranchPoints="0" visitedBranchPoints="0" sequenceCoverage="100" branchCoverage="100" maxCyclomaticComplexity="1" minCyclomaticComplexity="1" visitedClasses="0" numClasses="0" visitedMethods="1" numMethods="1" />
              <MetadataToken />
              <Name>System.String Clinica.Domain.DTOs.Usuarios.UsuarioResponseDto::get_NombreCompleto()</Name>
              <FileRef uid="53" />
              <SequencePoints>
                <SequencePoint vc="2" uspid="11" ordinal="0" sl="11" sc="1" el="11" ec="2" bec="0" bev="0" fileid="53" />
              </SequencePoints>
              <BranchPoints />
              <MethodPoint vc="1" uspid="0" p8:type="SequencePoint" ordinal="0" offset="0" sc="0" sl="11" ec="1" el="11" bec="0" bev="0" fileid="53" xmlns:p8="xsi" />
            </Method>
          </Methods>
        </Class>
        <Class>
          <Summary numSequencePoints="1" visitedSequencePoints="1" numBranchPoints="0" visitedBranchPoints="0" sequenceCoverage="100" branchCoverage="100" maxCyclomaticComplexity="1" minCyclomaticComplexity="1" visitedClasses="1" numClasses="1" visitedMethods="1" numMethods="1" />
          <FullName>Clinica.Domain.DTOs.Pacientes.PacienteResponseDto</FullName>
          <Methods>
            <Method cyclomaticComplexity="1" nPathComplexity="1" sequenceCoverage="100" branchCoverage="100" isConstructor="False" isGetter="True" isSetter="False" isStatic="True">
              <Summary numSequencePoints="1" visitedSequencePoints="1" numBranchPoints="0" visitedBranchPoints="0" sequenceCoverage="100" branchCoverage="100" maxCyclomaticComplexity="1" minCyclomaticComplexity="1" visitedClasses="0" numClasses="0" visitedMethods="1" numMethods="1" />
              <MetadataToken />
              <Name>System.String Clinica.Domain.DTOs.Pacientes.PacienteResponseDto::get_NombreCompleto()</Name>
              <FileRef uid="54" />
              <SequencePoints>
                <SequencePoint vc="2" uspid="13" ordinal="0" sl="13" sc="1" el="13" ec="2" bec="0" bev="0" fileid="54" />
              </SequencePoints>
              <BranchPoints />
              <MethodPoint vc="1" uspid="0" p8:type="SequencePoint" ordinal="0" offset="0" sc="0" sl="13" ec="1" el="13" bec="0" bev="0" fileid="54" xmlns:p8="xsi" />
            </Method>
          </Methods>
        </Class>
        <Class>
          <Summary numSequencePoints="1" visitedSequencePoints="1" numBranchPoints="0" visitedBranchPoints="0" sequenceCoverage="100" branchCoverage="100" maxCyclomaticComplexity="1" minCyclomaticComplexity="1" visitedClasses="1" numClasses="1" visitedMethods="1" numMethods="1" />
          <FullName>Clinica.Domain.DTOs.Finanzas.EstadoPagoAtencionDto</FullName>
          <Methods>
            <Method cyclomaticComplexity="1" nPathComplexity="1" sequenceCoverage="100" branchCoverage="100" isConstructor="False" isGetter="True" isSetter="False" isStatic="True">
              <Summary numSequencePoints="1" visitedSequencePoints="1" numBranchPoints="0" visitedBranchPoints="0" sequenceCoverage="100" branchCoverage="100" maxCyclomaticComplexity="1" minCyclomaticComplexity="1" visitedClasses="0" numClasses="0" visitedMethods="1" numMethods="1" />
              <MetadataToken />
              <Name>System.Decimal Clinica.Domain.DTOs.Finanzas.EstadoPagoAtencionDto::get_DeudaTotal()</Name>
              <FileRef uid="55" />
              <SequencePoints>
                <SequencePoint vc="1" uspid="30" ordinal="0" sl="30" sc="1" el="30" ec="2" bec="0" bev="0" fileid="55" />
              </SequencePoints>
              <BranchPoints />
              <MethodPoint vc="1" uspid="0" p8:type="SequencePoint" ordinal="0" offset="0" sc="0" sl="30" ec="1" el="30" bec="0" bev="0" fileid="55" xmlns:p8="xsi" />
            </Method>
          </Methods>
        </Class>
        <Class>
          <Summary numSequencePoints="1" visitedSequencePoints="1" numBranchPoints="0" visitedBranchPoints="0" sequenceCoverage="100" branchCoverage="100" maxCyclomaticComplexity="1" minCyclomaticComplexity="1" visitedClasses="1" numClasses="1" visitedMethods="1" numMethods="1" />
          <FullName>Clinica.Domain.DTOs.Doctores.DoctorResponseDto</FullName>
          <Methods>
            <Method cyclomaticComplexity="1" nPathComplexity="1" sequenceCoverage="100" branchCoverage="100" isConstructor="True" isGetter="True" isSetter="False" isStatic="True">
              <Summary numSequencePoints="1" visitedSequencePoints="1" numBranchPoints="0" visitedBranchPoints="0" sequenceCoverage="100" branchCoverage="100" maxCyclomaticComplexity="1" minCyclomaticComplexity="1" visitedClasses="0" numClasses="0" visitedMethods="1" numMethods="1" />
              <MetadataToken />
              <Name>System.String Clinica.Domain.DTOs.Doctores.DoctorResponseDto::get_NombreCompleto()</Name>
              <FileRef uid="56" />
              <SequencePoints>
                <SequencePoint vc="2" uspid="12" ordinal="0" sl="12" sc="1" el="12" ec="2" bec="0" bev="0" fileid="56" />
              </SequencePoints>
              <BranchPoints />
              <MethodPoint vc="1" uspid="0" p8:type="SequencePoint" ordinal="0" offset="0" sc="0" sl="12" ec="1" el="12" bec="0" bev="0" fileid="56" xmlns:p8="xsi" />
            </Method>
          </Methods>
        </Class>
        <Class>
          <Summary numSequencePoints="1" visitedSequencePoints="1" numBranchPoints="0" visitedBranchPoints="0" sequenceCoverage="100" branchCoverage="100" maxCyclomaticComplexity="1" minCyclomaticComplexity="1" visitedClasses="1" numClasses="1" visitedMethods="1" numMethods="1" />
          <FullName>Clinica.Domain.DTOs.Comunes.PaginacionResponseDto`1</FullName>
          <Methods>
            <Method cyclomaticComplexity="1" nPathComplexity="1" sequenceCoverage="100" branchCoverage="100" isConstructor="False" isGetter="True" isSetter="False" isStatic="True">
              <Summary numSequencePoints="1" visitedSequencePoints="1" numBranchPoints="0" visitedBranchPoints="0" sequenceCoverage="100" branchCoverage="100" maxCyclomaticComplexity="1" minCyclomaticComplexity="1" visitedClasses="0" numClasses="0" visitedMethods="1" numMethods="1" />
              <MetadataToken />
              <Name>System.Int32 Clinica.Domain.DTOs.Comunes.PaginacionResponseDto`1::get_TotalPaginas()</Name>
              <FileRef uid="57" />
              <SequencePoints>
                <SequencePoint vc="3" uspid="8" ordinal="0" sl="8" sc="1" el="8" ec="2" bec="0" bev="0" fileid="57" />
              </SequencePoints>
              <BranchPoints />
              <MethodPoint vc="1" uspid="0" p8:type="SequencePoint" ordinal="0" offset="0" sc="0" sl="8" ec="1" el="8" bec="0" bev="0" fileid="57" xmlns:p8="xsi" />
            </Method>
          </Methods>
        </Class>
      </Classes>
    </Module>
  </Modules>
</CoverageSession>